INFO 2023-01-10 15:49:48,960 autoreload 637 Watching for file changes with StatReloader
INFO 2023-01-10 15:50:21,447 autoreload 251 /Users/hongyan/PycharmProjects/api_backend/api_backend/settings.py changed, reloading.
INFO 2023-01-10 15:50:21,598 autoreload 637 Watching for file changes with StatReloader
INFO 2023-01-10 15:50:36,867 autoreload 251 /Users/hongyan/PycharmProjects/api_backend/api_backend/__init__.py changed, reloading.
INFO 2023-01-10 15:50:37,021 autoreload 637 Watching for file changes with StatReloader
INFO 2023-01-10 15:52:59,321 autoreload 637 Watching for file changes with StatReloader
INFO 2023-01-10 15:54:16,331 autoreload 637 Watching for file changes with StatReloader
INFO 2023-01-10 15:56:15,612 autoreload 251 /Users/hongyan/PycharmProjects/api_backend/api_backend/settings.py changed, reloading.
INFO 2023-01-10 15:56:15,785 autoreload 637 Watching for file changes with StatReloader
INFO 2023-01-10 15:56:32,295 autoreload 637 Watching for file changes with StatReloader
INFO 2023-01-10 15:56:41,195 basehttp 161 "GET / HTTP/1.1" 200 10633
INFO 2023-01-10 15:56:41,218 basehttp 161 "GET /static/admin/fonts/Roboto-Light-webfont.woff HTTP/1.1" 200 85692
INFO 2023-01-10 15:56:41,220 basehttp 161 "GET /static/admin/fonts/Roboto-Bold-webfont.woff HTTP/1.1" 200 86184
INFO 2023-01-10 15:56:41,221 basehttp 161 "GET /static/admin/fonts/Roboto-Regular-webfont.woff HTTP/1.1" 200 85876
INFO 2023-01-10 15:56:44,873 basehttp 161 "GET /admin/ HTTP/1.1" 302 0
INFO 2023-01-10 15:56:44,914 basehttp 161 "GET /admin/login/?next=/admin/ HTTP/1.1" 200 2216
INFO 2023-01-10 15:56:44,925 basehttp 161 "GET /static/admin/css/nav_sidebar.css HTTP/1.1" 200 2271
INFO 2023-01-10 15:56:44,927 basehttp 161 "GET /static/admin/js/nav_sidebar.js HTTP/1.1" 200 1360
INFO 2023-01-10 15:56:47,780 basehttp 161 "POST /admin/login/?next=/admin/ HTTP/1.1" 302 0
INFO 2023-01-10 15:56:47,798 basehttp 161 "GET /admin/ HTTP/1.1" 200 2877
INFO 2023-01-10 16:00:59,124 autoreload 251 /Users/hongyan/PycharmProjects/api_backend/api_backend/settings.py changed, reloading.
INFO 2023-01-10 16:00:59,314 autoreload 637 Watching for file changes with StatReloader
INFO 2023-01-10 22:38:18,703 autoreload 251 /Users/hongyan/PycharmProjects/api_backend/api_backend/urls.py changed, reloading.
INFO 2023-01-10 22:38:18,895 autoreload 637 Watching for file changes with StatReloader
INFO 2023-01-10 22:38:30,220 autoreload 251 /Users/hongyan/PycharmProjects/api_backend/api_backend/urls.py changed, reloading.
INFO 2023-01-10 22:38:30,387 autoreload 637 Watching for file changes with StatReloader
INFO 2023-01-10 22:41:15,453 autoreload 637 Watching for file changes with StatReloader
INFO 2023-01-10 22:44:08,053 autoreload 637 Watching for file changes with StatReloader
INFO 2023-01-10 22:44:49,978 autoreload 251 /Users/hongyan/PycharmProjects/api_backend/login/urls.py changed, reloading.
INFO 2023-01-10 22:44:50,159 autoreload 637 Watching for file changes with StatReloader
INFO 2023-01-10 22:45:11,763 autoreload 251 /Users/hongyan/PycharmProjects/api_backend/login/urls.py changed, reloading.
INFO 2023-01-10 22:45:11,933 autoreload 637 Watching for file changes with StatReloader
INFO 2023-01-10 22:45:12,854 autoreload 637 Watching for file changes with StatReloader
INFO 2023-01-10 22:45:36,505 autoreload 251 /Users/hongyan/PycharmProjects/api_backend/login/urls.py changed, reloading.
INFO 2023-01-10 22:45:36,681 autoreload 637 Watching for file changes with StatReloader
INFO 2023-01-10 22:45:38,143 autoreload 637 Watching for file changes with StatReloader
INFO 2023-01-10 22:46:08,021 autoreload 251 /Users/hongyan/PycharmProjects/api_backend/login/urls.py changed, reloading.
INFO 2023-01-10 22:46:08,212 autoreload 637 Watching for file changes with StatReloader
INFO 2023-01-10 22:46:11,441 autoreload 251 /Users/hongyan/PycharmProjects/api_backend/login/urls.py changed, reloading.
INFO 2023-01-10 22:46:11,615 autoreload 637 Watching for file changes with StatReloader
INFO 2023-01-10 22:46:14,833 autoreload 251 /Users/hongyan/PycharmProjects/api_backend/login/urls.py changed, reloading.
INFO 2023-01-10 22:46:15,018 autoreload 637 Watching for file changes with StatReloader
INFO 2023-01-10 22:46:16,358 autoreload 637 Watching for file changes with StatReloader
WARNING 2023-01-10 22:46:20,688 log 224 Not Found: /
WARNING 2023-01-10 22:46:20,688 basehttp 161 "GET / HTTP/1.1" 404 2170
INFO 2023-01-10 22:46:25,197 basehttp 161 "GET /login HTTP/1.1" 301 0
WARNING 2023-01-10 22:46:25,229 log 224 Method Not Allowed: /login/
WARNING 2023-01-10 22:46:25,230 basehttp 161 "GET /login/ HTTP/1.1" 405 7653
INFO 2023-01-10 22:46:25,257 basehttp 161 "GET /static/rest_framework/css/bootstrap-tweaks.css HTTP/1.1" 200 3385
INFO 2023-01-10 22:46:25,257 basehttp 161 "GET /static/rest_framework/css/prettify.css HTTP/1.1" 200 817
INFO 2023-01-10 22:46:25,258 basehttp 161 "GET /static/rest_framework/css/default.css HTTP/1.1" 200 1152
INFO 2023-01-10 22:46:25,258 basehttp 161 "GET /static/rest_framework/js/ajax-form.js HTTP/1.1" 200 3597
INFO 2023-01-10 22:46:25,261 basehttp 161 "GET /static/rest_framework/js/csrf.js HTTP/1.1" 200 1719
INFO 2023-01-10 22:46:25,262 basehttp 161 "GET /static/rest_framework/js/jquery-3.5.1.min.js HTTP/1.1" 200 89476
INFO 2023-01-10 22:46:25,262 basehttp 161 "GET /static/rest_framework/css/bootstrap.min.css HTTP/1.1" 200 121457
INFO 2023-01-10 22:46:25,263 basehttp 161 "GET /static/rest_framework/js/default.js HTTP/1.1" 200 1268
INFO 2023-01-10 22:46:25,263 basehttp 161 "GET /static/rest_framework/js/prettify-min.js HTTP/1.1" 200 13632
INFO 2023-01-10 22:46:25,263 basehttp 161 "GET /static/rest_framework/js/bootstrap.min.js HTTP/1.1" 200 39680
INFO 2023-01-10 22:46:25,275 basehttp 161 "GET /static/rest_framework/img/grid.png HTTP/1.1" 200 1458
INFO 2023-01-10 22:48:09,778 basehttp 161 "POST /login/ HTTP/1.1" 200 188
INFO 2023-01-10 22:57:45,607 autoreload 251 /Users/hongyan/PycharmProjects/api_backend/api_backend/settings.py changed, reloading.
INFO 2023-01-10 23:15:10,471 autoreload 637 Watching for file changes with StatReloader
INFO 2023-01-10 23:15:13,940 basehttp 161 "POST /login/ HTTP/1.1" 200 188
INFO 2023-01-10 23:15:52,599 autoreload 637 Watching for file changes with StatReloader
INFO 2023-01-10 23:16:00,704 basehttp 161 "POST /login/ HTTP/1.1" 200 188
WARNING 2023-01-10 23:16:12,935 log 224 Method Not Allowed: /login/
WARNING 2023-01-10 23:16:12,935 basehttp 161 "GET /login/ HTTP/1.1" 405 7653
INFO 2023-01-10 23:16:37,117 autoreload 251 /Users/hongyan/PycharmProjects/api_backend/api_backend/settings.py changed, reloading.
INFO 2023-01-10 23:16:37,288 autoreload 637 Watching for file changes with StatReloader
INFO 2023-01-10 23:18:18,152 autoreload 251 /Users/hongyan/PycharmProjects/api_backend/api_backend/settings.py changed, reloading.
INFO 2023-01-10 23:18:18,338 autoreload 637 Watching for file changes with StatReloader
INFO 2023-01-10 23:18:25,629 autoreload 251 /Users/hongyan/PycharmProjects/api_backend/api_backend/settings.py changed, reloading.
INFO 2023-01-10 23:18:25,810 autoreload 637 Watching for file changes with StatReloader
INFO 2023-01-10 23:19:00,783 autoreload 251 /Users/hongyan/PycharmProjects/api_backend/api_backend/settings.py changed, reloading.
INFO 2023-01-10 23:19:10,274 autoreload 637 Watching for file changes with StatReloader
INFO 2023-01-10 23:19:13,675 basehttp 161 "POST /login/ HTTP/1.1" 200 209
INFO 2023-01-10 23:19:15,221 basehttp 161 "POST /login/ HTTP/1.1" 200 209
INFO 2023-01-10 23:19:47,640 autoreload 251 /Users/hongyan/PycharmProjects/api_backend/api_backend/settings.py changed, reloading.
INFO 2023-01-10 23:19:47,842 autoreload 637 Watching for file changes with StatReloader
INFO 2023-01-10 23:20:45,054 autoreload 251 /Users/hongyan/PycharmProjects/api_backend/api_backend/settings.py changed, reloading.
INFO 2023-01-10 23:20:45,225 autoreload 637 Watching for file changes with StatReloader
INFO 2023-01-10 23:20:48,435 autoreload 251 /Users/hongyan/PycharmProjects/api_backend/api_backend/settings.py changed, reloading.
INFO 2023-01-10 23:20:48,609 autoreload 637 Watching for file changes with StatReloader
INFO 2023-01-10 23:23:03,265 autoreload 251 /Users/hongyan/PycharmProjects/api_backend/api_backend/settings.py changed, reloading.
INFO 2023-01-10 23:23:03,433 autoreload 637 Watching for file changes with StatReloader
INFO 2023-01-10 23:23:10,752 autoreload 251 /Users/hongyan/PycharmProjects/api_backend/api_backend/settings.py changed, reloading.
INFO 2023-01-10 23:23:10,923 autoreload 637 Watching for file changes with StatReloader
INFO 2023-01-10 23:23:12,076 autoreload 251 /Users/hongyan/PycharmProjects/api_backend/api_backend/settings.py changed, reloading.
INFO 2023-01-10 23:23:12,262 autoreload 637 Watching for file changes with StatReloader
INFO 2023-01-10 23:24:05,352 autoreload 251 /Users/hongyan/PycharmProjects/api_backend/api_backend/settings.py changed, reloading.
INFO 2023-01-10 23:24:05,568 autoreload 637 Watching for file changes with StatReloader
INFO 2023-01-10 23:24:40,554 autoreload 251 /Users/hongyan/PycharmProjects/api_backend/api_backend/settings.py changed, reloading.
INFO 2023-01-10 23:24:40,724 autoreload 637 Watching for file changes with StatReloader
INFO 2023-01-10 23:25:16,791 autoreload 251 /Users/hongyan/PycharmProjects/api_backend/login/urls.py changed, reloading.
INFO 2023-01-10 23:25:16,968 autoreload 637 Watching for file changes with StatReloader
INFO 2023-01-10 23:50:25,704 autoreload 251 /Users/hongyan/PycharmProjects/api_backend/login/urls.py changed, reloading.
INFO 2023-01-10 23:50:25,905 autoreload 637 Watching for file changes with StatReloader
INFO 2023-01-10 23:50:34,045 basehttp 161 "POST /login/get_token/ HTTP/1.1" 200 238
INFO 2023-01-10 23:50:35,656 basehttp 161 "POST /login/get_token/ HTTP/1.1" 200 238
INFO 2023-01-10 23:52:27,344 autoreload 251 /Users/hongyan/PycharmProjects/api_backend/utils/jwt_custom_handler.py changed, reloading.
INFO 2023-01-10 23:52:27,537 autoreload 637 Watching for file changes with StatReloader
INFO 2023-01-10 23:52:31,496 basehttp 161 "POST /login/get_token/ HTTP/1.1" 200 256
INFO 2023-01-10 23:52:40,088 autoreload 251 /Users/hongyan/PycharmProjects/api_backend/utils/jwt_custom_handler.py changed, reloading.
INFO 2023-01-10 23:52:40,270 autoreload 637 Watching for file changes with StatReloader
INFO 2023-01-10 23:52:42,466 autoreload 251 /Users/hongyan/PycharmProjects/api_backend/utils/jwt_custom_handler.py changed, reloading.
INFO 2023-01-10 23:52:42,645 autoreload 637 Watching for file changes with StatReloader
INFO 2023-01-10 23:52:46,230 basehttp 161 "POST /login/get_token/ HTTP/1.1" 200 256
INFO 2023-01-10 23:52:47,071 basehttp 161 "POST /login/get_token/ HTTP/1.1" 200 256
INFO 2023-01-10 23:52:47,762 basehttp 161 "POST /login/get_token/ HTTP/1.1" 200 256
INFO 2023-01-10 23:52:48,421 basehttp 161 "POST /login/get_token/ HTTP/1.1" 200 256
INFO 2023-01-10 23:52:49,064 basehttp 161 "POST /login/get_token/ HTTP/1.1" 200 256
INFO 2023-01-10 23:52:49,689 basehttp 161 "POST /login/get_token/ HTTP/1.1" 200 256
INFO 2023-01-10 23:52:50,373 basehttp 161 "POST /login/get_token/ HTTP/1.1" 200 256
INFO 2023-01-10 23:52:51,032 basehttp 161 "POST /login/get_token/ HTTP/1.1" 200 256
INFO 2023-01-10 23:52:51,825 basehttp 161 "POST /login/get_token/ HTTP/1.1" 200 256
INFO 2023-01-10 23:52:52,637 basehttp 161 "POST /login/get_token/ HTTP/1.1" 200 256
INFO 2023-01-10 23:52:53,313 basehttp 161 "POST /login/get_token/ HTTP/1.1" 200 256
INFO 2023-01-10 23:52:53,942 basehttp 161 "POST /login/get_token/ HTTP/1.1" 200 256
INFO 2023-01-10 23:52:54,605 basehttp 161 "POST /login/get_token/ HTTP/1.1" 200 256
INFO 2023-01-10 23:52:55,232 basehttp 161 "POST /login/get_token/ HTTP/1.1" 200 256
INFO 2023-01-10 23:52:56,276 basehttp 161 "POST /login/get_token/ HTTP/1.1" 200 256
INFO 2023-01-10 23:52:58,040 basehttp 161 "POST /login/get_token/ HTTP/1.1" 200 256
INFO 2023-01-10 23:52:59,848 basehttp 161 "POST /login/get_token/ HTTP/1.1" 200 256
INFO 2023-01-10 23:53:00,754 basehttp 161 "POST /login/get_token/ HTTP/1.1" 200 256
INFO 2023-01-10 23:53:04,119 basehttp 161 "POST /login/get_token/ HTTP/1.1" 200 256
INFO 2023-01-10 23:53:04,899 basehttp 161 "POST /login/get_token/ HTTP/1.1" 200 256
INFO 2023-01-10 23:53:05,570 basehttp 161 "POST /login/get_token/ HTTP/1.1" 200 256
INFO 2023-01-10 23:53:06,226 basehttp 161 "POST /login/get_token/ HTTP/1.1" 200 256
INFO 2023-01-10 23:53:06,882 basehttp 161 "POST /login/get_token/ HTTP/1.1" 200 256
INFO 2023-01-10 23:53:07,412 basehttp 161 "POST /login/get_token/ HTTP/1.1" 200 256
INFO 2023-01-10 23:53:07,793 basehttp 161 "POST /login/get_token/ HTTP/1.1" 200 256
INFO 2023-01-10 23:53:08,123 basehttp 161 "POST /login/get_token/ HTTP/1.1" 200 256
INFO 2023-01-10 23:53:08,437 basehttp 161 "POST /login/get_token/ HTTP/1.1" 200 256
INFO 2023-01-10 23:53:08,797 basehttp 161 "POST /login/get_token/ HTTP/1.1" 200 256
INFO 2023-01-10 23:53:09,161 basehttp 161 "POST /login/get_token/ HTTP/1.1" 200 256
INFO 2023-01-10 23:53:24,029 autoreload 251 /Users/hongyan/PycharmProjects/api_backend/utils/jwt_custom_handler.py changed, reloading.
INFO 2023-01-10 23:53:24,223 autoreload 637 Watching for file changes with StatReloader
INFO 2023-01-10 23:55:54,941 basehttp 161 "POST /login/refresh_token/ HTTP/1.1" 200 256
INFO 2023-01-10 23:57:07,407 basehttp 161 "POST /login/get_token/ HTTP/1.1" 200 256
INFO 2023-01-10 23:58:14,093 basehttp 161 "POST /login/get_token/ HTTP/1.1" 200 256
INFO 2023-01-10 23:58:22,848 basehttp 161 "POST /login/verify_token/ HTTP/1.1" 200 256
INFO 2023-01-10 23:59:02,842 basehttp 161 "POST /login/verify_token/ HTTP/1.1" 200 256
WARNING 2023-01-11 00:05:24,957 log 224 Bad Request: /login/verify_token/
WARNING 2023-01-11 00:05:24,959 basehttp 161 "POST /login/verify_token/ HTTP/1.1" 400 50
INFO 2023-01-11 00:05:36,255 basehttp 161 "POST /login/verify_token/ HTTP/1.1" 200 256
INFO 2023-01-11 00:05:37,584 basehttp 161 "POST /login/verify_token/ HTTP/1.1" 200 256
INFO 2023-01-11 00:05:38,669 basehttp 161 "POST /login/verify_token/ HTTP/1.1" 200 256
INFO 2023-01-11 00:05:40,018 basehttp 161 "POST /login/verify_token/ HTTP/1.1" 200 256
INFO 2023-01-11 00:05:40,641 basehttp 161 "POST /login/verify_token/ HTTP/1.1" 200 256
INFO 2023-01-11 00:05:41,183 basehttp 161 "POST /login/verify_token/ HTTP/1.1" 200 256
INFO 2023-01-11 00:05:41,759 basehttp 161 "POST /login/verify_token/ HTTP/1.1" 200 256
INFO 2023-01-11 00:05:42,369 basehttp 161 "POST /login/verify_token/ HTTP/1.1" 200 256
INFO 2023-01-11 00:05:43,017 basehttp 161 "POST /login/verify_token/ HTTP/1.1" 200 256
INFO 2023-01-11 00:05:43,744 basehttp 161 "POST /login/verify_token/ HTTP/1.1" 200 256
INFO 2023-01-11 00:05:44,342 basehttp 161 "POST /login/verify_token/ HTTP/1.1" 200 256
INFO 2023-01-11 00:05:44,929 basehttp 161 "POST /login/verify_token/ HTTP/1.1" 200 256
INFO 2023-01-11 00:05:45,535 basehttp 161 "POST /login/verify_token/ HTTP/1.1" 200 256
INFO 2023-01-11 00:05:46,157 basehttp 161 "POST /login/verify_token/ HTTP/1.1" 200 256
INFO 2023-01-11 00:05:46,703 basehttp 161 "POST /login/verify_token/ HTTP/1.1" 200 256
INFO 2023-01-11 00:05:47,337 basehttp 161 "POST /login/verify_token/ HTTP/1.1" 200 256
INFO 2023-01-11 00:05:48,080 basehttp 161 "POST /login/verify_token/ HTTP/1.1" 200 256
INFO 2023-01-11 00:05:48,839 basehttp 161 "POST /login/verify_token/ HTTP/1.1" 200 256
INFO 2023-01-11 00:05:50,863 basehttp 161 "POST /login/verify_token/ HTTP/1.1" 200 256
INFO 2023-01-11 11:30:30,272 autoreload 251 /Users/hongyan/PycharmProjects/api_backend/utils/jwt_custom_handler.py changed, reloading.
INFO 2023-01-11 11:30:30,509 autoreload 637 Watching for file changes with StatReloader
INFO 2023-01-11 11:30:43,896 autoreload 251 /Users/hongyan/PycharmProjects/api_backend/utils/jwt_custom_handler.py changed, reloading.
INFO 2023-01-11 11:30:44,074 autoreload 637 Watching for file changes with StatReloader
INFO 2023-01-11 11:31:08,041 autoreload 637 Watching for file changes with StatReloader
INFO 2023-01-11 11:32:01,970 autoreload 637 Watching for file changes with StatReloader
INFO 2023-01-11 11:33:03,926 autoreload 637 Watching for file changes with StatReloader
INFO 2023-01-11 11:34:13,437 autoreload 637 Watching for file changes with StatReloader
INFO 2023-01-11 11:40:14,792 autoreload 251 /Users/hongyan/PycharmProjects/api_backend/login/urls.py changed, reloading.
INFO 2023-01-11 11:40:14,973 autoreload 637 Watching for file changes with StatReloader
WARNING 2023-01-11 11:40:18,574 log 224 Bad Request: /login/verify_token/
WARNING 2023-01-11 11:40:18,575 basehttp 161 "POST /login/verify_token/ HTTP/1.1" 400 14
INFO 2023-01-11 11:40:28,076 basehttp 161 "POST /login/get_token/ HTTP/1.1" 200 256
INFO 2023-01-11 11:40:37,518 basehttp 161 "POST /login/verify_token/ HTTP/1.1" 200 13
INFO 2023-01-11 11:41:27,421 autoreload 251 /Users/hongyan/PycharmProjects/api_backend/login/urls.py changed, reloading.
INFO 2023-01-11 11:41:27,588 autoreload 637 Watching for file changes with StatReloader
INFO 2023-01-11 11:43:03,893 autoreload 251 /Users/hongyan/PycharmProjects/api_backend/login/urls.py changed, reloading.
INFO 2023-01-11 11:43:04,059 autoreload 637 Watching for file changes with StatReloader
INFO 2023-01-11 11:43:06,181 autoreload 251 /Users/hongyan/PycharmProjects/api_backend/login/urls.py changed, reloading.
INFO 2023-01-11 11:43:06,355 autoreload 637 Watching for file changes with StatReloader
INFO 2023-01-11 11:44:01,785 autoreload 251 /Users/hongyan/PycharmProjects/api_backend/api_backend/urls.py changed, reloading.
INFO 2023-01-11 11:44:01,981 autoreload 637 Watching for file changes with StatReloader
INFO 2023-01-11 11:44:08,297 autoreload 251 /Users/hongyan/PycharmProjects/api_backend/api_backend/urls.py changed, reloading.
INFO 2023-01-11 11:44:08,479 autoreload 637 Watching for file changes with StatReloader
INFO 2023-01-11 11:44:58,476 autoreload 251 /Users/hongyan/PycharmProjects/api_backend/api/views.py changed, reloading.
INFO 2023-01-11 11:44:58,639 autoreload 637 Watching for file changes with StatReloader
INFO 2023-01-11 11:45:17,033 autoreload 637 Watching for file changes with StatReloader
INFO 2023-01-11 11:45:22,295 autoreload 251 /Users/hongyan/PycharmProjects/api_backend/api/urls.py changed, reloading.
INFO 2023-01-11 11:45:22,466 autoreload 637 Watching for file changes with StatReloader
INFO 2023-01-11 11:45:25,598 autoreload 251 /Users/hongyan/PycharmProjects/api_backend/api/urls.py changed, reloading.
INFO 2023-01-11 11:45:25,760 autoreload 637 Watching for file changes with StatReloader
INFO 2023-01-11 16:47:34,145 autoreload 637 Watching for file changes with StatReloader
INFO 2023-01-11 16:59:58,885 autoreload 637 Watching for file changes with StatReloader
INFO 2023-01-11 17:01:52,473 autoreload 251 /Users/hongyan/PycharmProjects/api_backend/login/urls.py changed, reloading.
INFO 2023-01-11 17:01:52,667 autoreload 637 Watching for file changes with StatReloader
INFO 2023-01-11 17:02:33,628 autoreload 251 /Users/hongyan/PycharmProjects/api_backend/login/urls.py changed, reloading.
INFO 2023-01-11 17:02:33,806 autoreload 637 Watching for file changes with StatReloader
INFO 2023-01-11 17:03:02,011 basehttp 161 "POST /login/get_token/ HTTP/1.1" 200 256
INFO 2023-01-11 17:03:52,229 autoreload 251 /Users/hongyan/PycharmProjects/api_backend/utils/custom_get_token.py changed, reloading.
INFO 2023-01-11 17:03:52,412 autoreload 637 Watching for file changes with StatReloader
INFO 2023-01-11 17:04:19,234 autoreload 251 /Users/hongyan/PycharmProjects/api_backend/utils/custom_get_token.py changed, reloading.
INFO 2023-01-11 17:04:19,413 autoreload 637 Watching for file changes with StatReloader
INFO 2023-01-11 17:05:07,551 autoreload 251 /Users/hongyan/PycharmProjects/api_backend/utils/custom_get_token.py changed, reloading.
INFO 2023-01-11 17:05:07,714 autoreload 637 Watching for file changes with StatReloader
INFO 2023-01-11 17:05:14,047 autoreload 251 /Users/hongyan/PycharmProjects/api_backend/utils/custom_get_token.py changed, reloading.
INFO 2023-01-11 17:05:14,220 autoreload 637 Watching for file changes with StatReloader
INFO 2023-01-11 17:05:22,460 autoreload 251 /Users/hongyan/PycharmProjects/api_backend/utils/custom_get_token.py changed, reloading.
INFO 2023-01-11 17:05:22,625 autoreload 637 Watching for file changes with StatReloader
INFO 2023-01-11 17:05:25,625 basehttp 161 "POST /login/get_token/ HTTP/1.1" 200 256
INFO 2023-01-11 17:07:17,570 autoreload 251 /Users/hongyan/PycharmProjects/api_backend/utils/custom_get_token.py changed, reloading.
INFO 2023-01-11 17:07:17,745 autoreload 637 Watching for file changes with StatReloader
INFO 2023-01-11 17:07:24,095 autoreload 251 /Users/hongyan/PycharmProjects/api_backend/utils/custom_get_token.py changed, reloading.
INFO 2023-01-11 17:07:24,255 autoreload 637 Watching for file changes with StatReloader
INFO 2023-01-11 17:08:16,688 autoreload 251 /Users/hongyan/PycharmProjects/api_backend/utils/custom_get_token.py changed, reloading.
INFO 2023-01-11 17:08:16,879 autoreload 637 Watching for file changes with StatReloader
INFO 2023-01-11 17:08:27,243 autoreload 251 /Users/hongyan/PycharmProjects/api_backend/utils/custom_get_token.py changed, reloading.
INFO 2023-01-11 17:08:27,424 autoreload 637 Watching for file changes with StatReloader
WARNING 2023-01-11 17:08:31,025 log 224 Bad Request: /login/get_token/
WARNING 2023-01-11 17:08:31,025 basehttp 161 "POST /login/get_token/ HTTP/1.1" 400 61
INFO 2023-01-11 17:09:00,531 autoreload 251 /Users/hongyan/PycharmProjects/api_backend/utils/custom_get_token.py changed, reloading.
INFO 2023-01-11 17:09:00,701 autoreload 637 Watching for file changes with StatReloader
WARNING 2023-01-11 17:11:57,835 log 224 Bad Request: /login/get_token/
WARNING 2023-01-11 17:11:57,836 basehttp 161 "POST /login/get_token/ HTTP/1.1" 400 61
INFO 2023-01-11 17:12:22,365 autoreload 251 /Users/hongyan/PycharmProjects/api_backend/utils/custom_get_token.py changed, reloading.
INFO 2023-01-11 17:12:22,531 autoreload 637 Watching for file changes with StatReloader
INFO 2023-01-11 17:12:41,117 autoreload 251 /Users/hongyan/PycharmProjects/api_backend/utils/custom_get_token.py changed, reloading.
INFO 2023-01-11 17:12:41,290 autoreload 637 Watching for file changes with StatReloader
INFO 2023-01-11 17:12:45,520 autoreload 251 /Users/hongyan/PycharmProjects/api_backend/utils/custom_get_token.py changed, reloading.
INFO 2023-01-11 17:12:45,708 autoreload 637 Watching for file changes with StatReloader
INFO 2023-01-11 17:13:04,335 autoreload 251 /Users/hongyan/PycharmProjects/api_backend/utils/custom_get_token.py changed, reloading.
INFO 2023-01-11 17:13:04,519 autoreload 637 Watching for file changes with StatReloader
WARNING 2023-01-11 17:13:07,820 log 224 Bad Request: /login/get_token/
WARNING 2023-01-11 17:13:07,821 basehttp 161 "POST /login/get_token/ HTTP/1.1" 400 61
WARNING 2023-01-11 17:13:08,844 log 224 Bad Request: /login/get_token/
WARNING 2023-01-11 17:13:08,844 basehttp 161 "POST /login/get_token/ HTTP/1.1" 400 61
INFO 2023-01-11 17:13:17,998 autoreload 251 /Users/hongyan/PycharmProjects/api_backend/utils/custom_get_token.py changed, reloading.
INFO 2023-01-11 17:13:18,164 autoreload 637 Watching for file changes with StatReloader
INFO 2023-01-11 17:13:21,390 autoreload 251 /Users/hongyan/PycharmProjects/api_backend/utils/custom_get_token.py changed, reloading.
INFO 2023-01-11 17:13:21,561 autoreload 637 Watching for file changes with StatReloader
INFO 2023-01-11 17:13:26,813 autoreload 251 /Users/hongyan/PycharmProjects/api_backend/utils/custom_get_token.py changed, reloading.
INFO 2023-01-11 17:13:26,987 autoreload 637 Watching for file changes with StatReloader
WARNING 2023-01-11 17:13:27,133 log 224 Bad Request: /login/get_token/
WARNING 2023-01-11 17:13:27,134 basehttp 161 "POST /login/get_token/ HTTP/1.1" 400 61
INFO 2023-01-11 17:14:04,126 autoreload 251 /Users/hongyan/PycharmProjects/api_backend/utils/custom_get_token.py changed, reloading.
INFO 2023-01-11 17:14:04,292 autoreload 637 Watching for file changes with StatReloader
WARNING 2023-01-11 17:14:08,264 log 224 Bad Request: /login/get_token/
WARNING 2023-01-11 17:14:08,267 basehttp 161 "POST /login/get_token/ HTTP/1.1" 400 61
WARNING 2023-01-11 17:14:40,807 log 224 Bad Request: /login/get_token/
WARNING 2023-01-11 17:14:40,807 basehttp 161 "POST /login/get_token/ HTTP/1.1" 400 61
INFO 2023-01-11 17:15:06,133 autoreload 251 /Users/hongyan/PycharmProjects/api_backend/utils/custom_get_token.py changed, reloading.
INFO 2023-01-11 17:15:06,314 autoreload 637 Watching for file changes with StatReloader
INFO 2023-01-11 17:15:16,737 autoreload 251 /Users/hongyan/PycharmProjects/api_backend/utils/custom_get_token.py changed, reloading.
INFO 2023-01-11 17:15:16,922 autoreload 637 Watching for file changes with StatReloader
INFO 2023-01-11 17:15:27,300 autoreload 251 /Users/hongyan/PycharmProjects/api_backend/utils/custom_get_token.py changed, reloading.
INFO 2023-01-11 17:15:27,481 autoreload 637 Watching for file changes with StatReloader
WARNING 2023-01-11 17:15:29,201 log 224 Bad Request: /login/get_token/
WARNING 2023-01-11 17:15:29,201 basehttp 161 "POST /login/get_token/ HTTP/1.1" 400 61
INFO 2023-01-11 17:15:49,214 autoreload 251 /Users/hongyan/PycharmProjects/api_backend/utils/custom_get_token.py changed, reloading.
INFO 2023-01-11 17:15:49,396 autoreload 637 Watching for file changes with StatReloader
WARNING 2023-01-11 17:15:51,513 log 224 Bad Request: /login/get_token/
WARNING 2023-01-11 17:15:51,514 basehttp 161 "POST /login/get_token/ HTTP/1.1" 400 61
INFO 2023-01-11 17:16:21,403 autoreload 251 /Users/hongyan/PycharmProjects/api_backend/utils/custom_get_token.py changed, reloading.
INFO 2023-01-11 17:16:21,575 autoreload 637 Watching for file changes with StatReloader
WARNING 2023-01-11 17:16:24,228 log 224 Bad Request: /login/get_token/
WARNING 2023-01-11 17:16:24,228 basehttp 161 "POST /login/get_token/ HTTP/1.1" 400 61
INFO 2023-01-11 17:16:52,551 autoreload 251 /Users/hongyan/PycharmProjects/api_backend/utils/custom_get_token.py changed, reloading.
INFO 2023-01-11 17:16:52,745 autoreload 637 Watching for file changes with StatReloader
WARNING 2023-01-11 17:16:55,736 log 224 Bad Request: /login/get_token/
WARNING 2023-01-11 17:16:55,737 basehttp 161 "POST /login/get_token/ HTTP/1.1" 400 61
INFO 2023-01-11 17:17:18,491 autoreload 251 /Users/hongyan/PycharmProjects/api_backend/utils/custom_get_token.py changed, reloading.
INFO 2023-01-11 17:17:18,677 autoreload 637 Watching for file changes with StatReloader
INFO 2023-01-11 17:17:21,408 autoreload 637 Watching for file changes with StatReloader
WARNING 2023-01-11 17:17:23,835 log 224 Bad Request: /login/get_token/
WARNING 2023-01-11 17:17:23,835 basehttp 161 "POST /login/get_token/ HTTP/1.1" 400 61
INFO 2023-01-11 17:28:02,493 autoreload 251 /Users/hongyan/PycharmProjects/api_backend/utils/custom_get_token.py changed, reloading.
INFO 2023-01-11 17:28:02,678 autoreload 637 Watching for file changes with StatReloader
INFO 2023-01-11 17:28:14,743 basehttp 161 "POST /login/get_token/ HTTP/1.1" 200 256
INFO 2023-01-11 17:28:37,730 autoreload 251 /Users/hongyan/PycharmProjects/api_backend/utils/custom_get_token.py changed, reloading.
INFO 2023-01-11 17:28:37,897 autoreload 637 Watching for file changes with StatReloader
INFO 2023-01-11 17:28:42,107 autoreload 251 /Users/hongyan/PycharmProjects/api_backend/utils/custom_get_token.py changed, reloading.
INFO 2023-01-11 17:28:42,286 autoreload 637 Watching for file changes with StatReloader
INFO 2023-01-11 17:29:01,915 autoreload 251 /Users/hongyan/PycharmProjects/api_backend/utils/custom_get_token.py changed, reloading.
INFO 2023-01-11 17:29:02,101 autoreload 637 Watching for file changes with StatReloader
INFO 2023-01-11 17:29:06,260 autoreload 251 /Users/hongyan/PycharmProjects/api_backend/utils/custom_get_token.py changed, reloading.
INFO 2023-01-11 17:29:06,429 autoreload 637 Watching for file changes with StatReloader
INFO 2023-01-11 17:29:40,263 autoreload 251 /Users/hongyan/PycharmProjects/api_backend/utils/custom_get_token.py changed, reloading.
INFO 2023-01-11 17:29:40,445 autoreload 637 Watching for file changes with StatReloader
INFO 2023-01-11 17:29:49,787 autoreload 251 /Users/hongyan/PycharmProjects/api_backend/utils/custom_get_token.py changed, reloading.
INFO 2023-01-11 17:29:49,971 autoreload 637 Watching for file changes with StatReloader
INFO 2023-01-11 17:30:04,356 basehttp 161 "POST /login/get_token/ HTTP/1.1" 200 256
WARNING 2023-01-11 17:30:08,495 log 224 Bad Request: /login/get_token/
WARNING 2023-01-11 17:30:08,495 basehttp 161 "POST /login/get_token/ HTTP/1.1" 400 61
INFO 2023-01-11 17:30:37,521 autoreload 251 /Users/hongyan/PycharmProjects/api_backend/utils/custom_get_token.py changed, reloading.
INFO 2023-01-11 17:30:37,703 autoreload 637 Watching for file changes with StatReloader
INFO 2023-01-11 17:31:00,950 basehttp 161 "POST /login/get_token/ HTTP/1.1" 200 256
INFO 2023-01-11 17:31:08,812 autoreload 251 /Users/hongyan/PycharmProjects/api_backend/utils/custom_get_token.py changed, reloading.
INFO 2023-01-11 17:31:09,002 autoreload 637 Watching for file changes with StatReloader
INFO 2023-01-11 17:31:12,245 autoreload 251 /Users/hongyan/PycharmProjects/api_backend/utils/custom_get_token.py changed, reloading.
INFO 2023-01-11 17:31:12,403 autoreload 637 Watching for file changes with StatReloader
INFO 2023-01-11 17:32:12,912 autoreload 251 /Users/hongyan/PycharmProjects/api_backend/utils/custom_get_token.py changed, reloading.
INFO 2023-01-11 17:32:13,103 autoreload 637 Watching for file changes with StatReloader
INFO 2023-01-11 17:32:16,317 autoreload 251 /Users/hongyan/PycharmProjects/api_backend/utils/custom_get_token.py changed, reloading.
INFO 2023-01-11 17:32:16,474 autoreload 637 Watching for file changes with StatReloader
WARNING 2023-01-11 17:32:27,692 log 224 Bad Request: /login/get_token/
WARNING 2023-01-11 17:32:27,692 basehttp 161 "POST /login/get_token/ HTTP/1.1" 400 61
INFO 2023-01-11 17:33:28,615 autoreload 251 /Users/hongyan/PycharmProjects/api_backend/utils/custom_get_token.py changed, reloading.
INFO 2023-01-11 17:33:28,803 autoreload 637 Watching for file changes with StatReloader
WARNING 2023-01-11 17:33:30,830 log 224 Bad Request: /login/get_token/
WARNING 2023-01-11 17:33:30,830 basehttp 161 "POST /login/get_token/ HTTP/1.1" 400 46
INFO 2023-01-11 17:33:45,873 basehttp 161 "POST /login/get_token/ HTTP/1.1" 200 256
INFO 2023-01-11 17:34:32,469 basehttp 161 "POST /login/get_token/ HTTP/1.1" 200 256
WARNING 2023-01-11 17:35:45,998 log 224 Bad Request: /login/verify_token/
WARNING 2023-01-11 17:35:45,999 basehttp 161 "POST /login/verify_token/ HTTP/1.1" 400 14
WARNING 2023-01-11 17:36:00,160 log 224 Bad Request: /login/verify_token/
WARNING 2023-01-11 17:36:00,161 basehttp 161 "POST /login/verify_token/ HTTP/1.1" 400 14
WARNING 2023-01-11 17:36:01,301 log 224 Bad Request: /login/verify_token/
WARNING 2023-01-11 17:36:01,302 basehttp 161 "POST /login/verify_token/ HTTP/1.1" 400 14
WARNING 2023-01-11 17:36:38,681 log 224 Bad Request: /login/refresh_token/
WARNING 2023-01-11 17:36:38,682 basehttp 161 "POST /login/refresh_token/ HTTP/1.1" 400 47
INFO 2023-01-11 17:36:45,494 basehttp 161 "POST /login/get_token/ HTTP/1.1" 200 256
INFO 2023-01-11 17:36:53,825 basehttp 161 "POST /login/refresh_token/ HTTP/1.1" 200 256
INFO 2023-01-11 17:37:15,145 basehttp 161 "POST /login/verify_token/ HTTP/1.1" 200 13
INFO 2023-01-11 17:37:29,060 autoreload 251 /Users/hongyan/PycharmProjects/api_backend/utils/custom_get_token.py changed, reloading.
INFO 2023-01-11 17:37:29,229 autoreload 637 Watching for file changes with StatReloader
INFO 2023-01-11 17:41:56,746 basehttp 161 "POST /login/verify_token/ HTTP/1.1" 200 13
INFO 2023-01-11 17:41:57,611 basehttp 161 "POST /login/verify_token/ HTTP/1.1" 200 13
INFO 2023-01-11 17:41:58,027 basehttp 161 "POST /login/verify_token/ HTTP/1.1" 200 13
INFO 2023-01-11 17:42:00,191 basehttp 161 "POST /login/verify_token/ HTTP/1.1" 200 13
INFO 2023-01-11 17:48:57,705 autoreload 251 /Users/hongyan/PycharmProjects/api_backend/api_backend/settings.py changed, reloading.
INFO 2023-01-11 17:48:57,864 autoreload 637 Watching for file changes with StatReloader
INFO 2023-01-11 17:55:37,643 autoreload 251 /Users/hongyan/PycharmProjects/api_backend/api_backend/settings.py changed, reloading.
INFO 2023-01-11 17:55:37,810 autoreload 637 Watching for file changes with StatReloader
INFO 2023-01-11 17:56:28,177 autoreload 251 /Users/hongyan/PycharmProjects/api_backend/book/models.py changed, reloading.
INFO 2023-01-11 17:56:28,344 autoreload 637 Watching for file changes with StatReloader
INFO 2023-01-11 17:57:10,581 autoreload 251 /Users/hongyan/PycharmProjects/api_backend/book/models.py changed, reloading.
INFO 2023-01-11 17:57:10,769 autoreload 637 Watching for file changes with StatReloader
INFO 2023-01-11 17:58:10,649 autoreload 251 /Users/hongyan/PycharmProjects/api_backend/book/models.py changed, reloading.
INFO 2023-01-11 17:58:10,819 autoreload 637 Watching for file changes with StatReloader
INFO 2023-01-11 17:58:13,991 autoreload 251 /Users/hongyan/PycharmProjects/api_backend/book/models.py changed, reloading.
INFO 2023-01-11 17:58:14,145 autoreload 637 Watching for file changes with StatReloader
INFO 2023-01-11 17:58:20,422 autoreload 251 /Users/hongyan/PycharmProjects/api_backend/book/models.py changed, reloading.
INFO 2023-01-11 17:58:20,595 autoreload 637 Watching for file changes with StatReloader
INFO 2023-01-11 18:02:37,857 autoreload 251 /Users/hongyan/PycharmProjects/api_backend/book/models.py changed, reloading.
INFO 2023-01-11 18:02:38,023 autoreload 637 Watching for file changes with StatReloader
INFO 2023-01-11 18:12:04,191 autoreload 251 /Users/hongyan/PycharmProjects/api_backend/api/views.py changed, reloading.
INFO 2023-01-11 18:12:04,371 autoreload 637 Watching for file changes with StatReloader
INFO 2023-01-11 18:12:36,196 autoreload 251 /Users/hongyan/PycharmProjects/api_backend/api/views.py changed, reloading.
INFO 2023-01-11 18:12:36,377 autoreload 637 Watching for file changes with StatReloader
INFO 2023-01-11 18:13:29,574 autoreload 251 /Users/hongyan/PycharmProjects/api_backend/api/views.py changed, reloading.
INFO 2023-01-11 18:13:29,742 autoreload 637 Watching for file changes with StatReloader
INFO 2023-01-11 18:14:20,383 autoreload 251 /Users/hongyan/PycharmProjects/api_backend/api/views.py changed, reloading.
INFO 2023-01-11 18:14:20,553 autoreload 637 Watching for file changes with StatReloader
INFO 2023-01-11 18:14:22,648 autoreload 251 /Users/hongyan/PycharmProjects/api_backend/api/views.py changed, reloading.
INFO 2023-01-11 18:14:22,824 autoreload 637 Watching for file changes with StatReloader
INFO 2023-01-11 18:14:46,478 autoreload 251 /Users/hongyan/PycharmProjects/api_backend/api/views.py changed, reloading.
INFO 2023-01-11 18:14:46,643 autoreload 637 Watching for file changes with StatReloader
INFO 2023-01-11 18:16:16,568 autoreload 251 /Users/hongyan/PycharmProjects/api_backend/api/urls.py changed, reloading.
INFO 2023-01-11 18:16:16,736 autoreload 637 Watching for file changes with StatReloader
INFO 2023-01-11 18:16:45,489 autoreload 637 Watching for file changes with StatReloader
INFO 2023-01-11 18:16:55,750 autoreload 637 Watching for file changes with StatReloader
INFO 2023-01-11 18:16:58,311 basehttp 161 "GET /api/book HTTP/1.1" 301 0
ERROR 2023-01-11 18:16:58,370 log 224 Internal Server Error: /api/book/
Traceback (most recent call last):
  File "/Users/hongyan/.virtualenvs/api_backend/lib/python3.10/site-packages/django/core/handlers/exception.py", line 47, in inner
    response = get_response(request)
  File "/Users/hongyan/.virtualenvs/api_backend/lib/python3.10/site-packages/django/core/handlers/base.py", line 181, in _get_response
    response = wrapped_callback(request, *callback_args, **callback_kwargs)
  File "/Users/hongyan/.virtualenvs/api_backend/lib/python3.10/site-packages/django/views/decorators/csrf.py", line 54, in wrapped_view
    return view_func(*args, **kwargs)
  File "/Users/hongyan/.virtualenvs/api_backend/lib/python3.10/site-packages/rest_framework/viewsets.py", line 125, in view
    return self.dispatch(request, *args, **kwargs)
  File "/Users/hongyan/.virtualenvs/api_backend/lib/python3.10/site-packages/rest_framework/views.py", line 509, in dispatch
    response = self.handle_exception(exc)
  File "/Users/hongyan/.virtualenvs/api_backend/lib/python3.10/site-packages/rest_framework/views.py", line 469, in handle_exception
    self.raise_uncaught_exception(exc)
  File "/Users/hongyan/.virtualenvs/api_backend/lib/python3.10/site-packages/rest_framework/views.py", line 480, in raise_uncaught_exception
    raise exc
  File "/Users/hongyan/.virtualenvs/api_backend/lib/python3.10/site-packages/rest_framework/views.py", line 506, in dispatch
    response = handler(request, *args, **kwargs)
  File "/Users/hongyan/.virtualenvs/api_backend/lib/python3.10/site-packages/rest_framework/mixins.py", line 46, in list
    return Response(serializer.data)
  File "/Users/hongyan/.virtualenvs/api_backend/lib/python3.10/site-packages/rest_framework/serializers.py", line 768, in data
    ret = super().data
  File "/Users/hongyan/.virtualenvs/api_backend/lib/python3.10/site-packages/rest_framework/serializers.py", line 253, in data
    self._data = self.to_representation(self.instance)
  File "/Users/hongyan/.virtualenvs/api_backend/lib/python3.10/site-packages/rest_framework/serializers.py", line 686, in to_representation
    return [
  File "/Users/hongyan/.virtualenvs/api_backend/lib/python3.10/site-packages/rest_framework/serializers.py", line 687, in <listcomp>
    self.child.to_representation(item) for item in iterable
  File "/Users/hongyan/.virtualenvs/api_backend/lib/python3.10/site-packages/rest_framework/serializers.py", line 507, in to_representation
    for field in fields:
  File "/Users/hongyan/.virtualenvs/api_backend/lib/python3.10/site-packages/rest_framework/serializers.py", line 368, in _readable_fields
    for field in self.fields.values():
AttributeError: 'str' object has no attribute 'values'
ERROR 2023-01-11 18:16:58,371 basehttp 161 "GET /api/book/ HTTP/1.1" 500 116721
INFO 2023-01-11 18:17:20,536 autoreload 251 /Users/hongyan/PycharmProjects/api_backend/book/models.py changed, reloading.
INFO 2023-01-11 18:17:20,712 autoreload 637 Watching for file changes with StatReloader
INFO 2023-01-11 18:17:24,334 basehttp 161 "GET /api/book HTTP/1.1" 301 0
ERROR 2023-01-11 18:17:24,394 log 224 Internal Server Error: /api/book/
Traceback (most recent call last):
  File "/Users/hongyan/.virtualenvs/api_backend/lib/python3.10/site-packages/django/core/handlers/exception.py", line 47, in inner
    response = get_response(request)
  File "/Users/hongyan/.virtualenvs/api_backend/lib/python3.10/site-packages/django/core/handlers/base.py", line 181, in _get_response
    response = wrapped_callback(request, *callback_args, **callback_kwargs)
  File "/Users/hongyan/.virtualenvs/api_backend/lib/python3.10/site-packages/django/views/decorators/csrf.py", line 54, in wrapped_view
    return view_func(*args, **kwargs)
  File "/Users/hongyan/.virtualenvs/api_backend/lib/python3.10/site-packages/rest_framework/viewsets.py", line 125, in view
    return self.dispatch(request, *args, **kwargs)
  File "/Users/hongyan/.virtualenvs/api_backend/lib/python3.10/site-packages/rest_framework/views.py", line 509, in dispatch
    response = self.handle_exception(exc)
  File "/Users/hongyan/.virtualenvs/api_backend/lib/python3.10/site-packages/rest_framework/views.py", line 469, in handle_exception
    self.raise_uncaught_exception(exc)
  File "/Users/hongyan/.virtualenvs/api_backend/lib/python3.10/site-packages/rest_framework/views.py", line 480, in raise_uncaught_exception
    raise exc
  File "/Users/hongyan/.virtualenvs/api_backend/lib/python3.10/site-packages/rest_framework/views.py", line 506, in dispatch
    response = handler(request, *args, **kwargs)
  File "/Users/hongyan/.virtualenvs/api_backend/lib/python3.10/site-packages/rest_framework/mixins.py", line 46, in list
    return Response(serializer.data)
  File "/Users/hongyan/.virtualenvs/api_backend/lib/python3.10/site-packages/rest_framework/serializers.py", line 768, in data
    ret = super().data
  File "/Users/hongyan/.virtualenvs/api_backend/lib/python3.10/site-packages/rest_framework/serializers.py", line 253, in data
    self._data = self.to_representation(self.instance)
  File "/Users/hongyan/.virtualenvs/api_backend/lib/python3.10/site-packages/rest_framework/serializers.py", line 686, in to_representation
    return [
  File "/Users/hongyan/.virtualenvs/api_backend/lib/python3.10/site-packages/rest_framework/serializers.py", line 687, in <listcomp>
    self.child.to_representation(item) for item in iterable
  File "/Users/hongyan/.virtualenvs/api_backend/lib/python3.10/site-packages/rest_framework/serializers.py", line 507, in to_representation
    for field in fields:
  File "/Users/hongyan/.virtualenvs/api_backend/lib/python3.10/site-packages/rest_framework/serializers.py", line 368, in _readable_fields
    for field in self.fields.values():
AttributeError: 'str' object has no attribute 'values'
ERROR 2023-01-11 18:17:24,395 basehttp 161 "GET /api/book/ HTTP/1.1" 500 116529
ERROR 2023-01-11 18:42:48,906 log 224 Internal Server Error: /api/book/
Traceback (most recent call last):
  File "/Users/hongyan/.virtualenvs/api_backend/lib/python3.10/site-packages/django/core/handlers/exception.py", line 47, in inner
    response = get_response(request)
  File "/Users/hongyan/.virtualenvs/api_backend/lib/python3.10/site-packages/django/core/handlers/base.py", line 181, in _get_response
    response = wrapped_callback(request, *callback_args, **callback_kwargs)
  File "/Users/hongyan/.virtualenvs/api_backend/lib/python3.10/site-packages/django/views/decorators/csrf.py", line 54, in wrapped_view
    return view_func(*args, **kwargs)
  File "/Users/hongyan/.virtualenvs/api_backend/lib/python3.10/site-packages/rest_framework/viewsets.py", line 125, in view
    return self.dispatch(request, *args, **kwargs)
  File "/Users/hongyan/.virtualenvs/api_backend/lib/python3.10/site-packages/rest_framework/views.py", line 509, in dispatch
    response = self.handle_exception(exc)
  File "/Users/hongyan/.virtualenvs/api_backend/lib/python3.10/site-packages/rest_framework/views.py", line 469, in handle_exception
    self.raise_uncaught_exception(exc)
  File "/Users/hongyan/.virtualenvs/api_backend/lib/python3.10/site-packages/rest_framework/views.py", line 480, in raise_uncaught_exception
    raise exc
  File "/Users/hongyan/.virtualenvs/api_backend/lib/python3.10/site-packages/rest_framework/views.py", line 506, in dispatch
    response = handler(request, *args, **kwargs)
  File "/Users/hongyan/.virtualenvs/api_backend/lib/python3.10/site-packages/rest_framework/mixins.py", line 46, in list
    return Response(serializer.data)
  File "/Users/hongyan/.virtualenvs/api_backend/lib/python3.10/site-packages/rest_framework/serializers.py", line 768, in data
    ret = super().data
  File "/Users/hongyan/.virtualenvs/api_backend/lib/python3.10/site-packages/rest_framework/serializers.py", line 253, in data
    self._data = self.to_representation(self.instance)
  File "/Users/hongyan/.virtualenvs/api_backend/lib/python3.10/site-packages/rest_framework/serializers.py", line 686, in to_representation
    return [
  File "/Users/hongyan/.virtualenvs/api_backend/lib/python3.10/site-packages/rest_framework/serializers.py", line 687, in <listcomp>
    self.child.to_representation(item) for item in iterable
  File "/Users/hongyan/.virtualenvs/api_backend/lib/python3.10/site-packages/rest_framework/serializers.py", line 507, in to_representation
    for field in fields:
  File "/Users/hongyan/.virtualenvs/api_backend/lib/python3.10/site-packages/rest_framework/serializers.py", line 368, in _readable_fields
    for field in self.fields.values():
AttributeError: 'str' object has no attribute 'values'
ERROR 2023-01-11 18:42:48,906 basehttp 161 "GET /api/book/ HTTP/1.1" 500 116377
INFO 2023-01-11 18:43:58,696 autoreload 251 /Users/hongyan/PycharmProjects/api_backend/book/serializer.py changed, reloading.
INFO 2023-01-11 18:43:58,943 autoreload 637 Watching for file changes with StatReloader
INFO 2023-01-11 18:44:11,464 autoreload 637 Watching for file changes with StatReloader
INFO 2023-01-11 18:44:13,291 basehttp 161 "GET /api/book/ HTTP/1.1" 200 575
INFO 2023-01-11 18:45:45,908 autoreload 251 /Users/hongyan/PycharmProjects/api_backend/api/views.py changed, reloading.
INFO 2023-01-11 18:45:46,080 autoreload 637 Watching for file changes with StatReloader
INFO 2023-01-11 18:45:54,392 autoreload 251 /Users/hongyan/PycharmProjects/api_backend/api_backend/settings.py changed, reloading.
INFO 2023-01-11 18:45:54,585 autoreload 637 Watching for file changes with StatReloader
INFO 2023-01-11 18:45:55,742 autoreload 251 /Users/hongyan/PycharmProjects/api_backend/api_backend/settings.py changed, reloading.
INFO 2023-01-11 18:45:55,928 autoreload 637 Watching for file changes with StatReloader
INFO 2023-01-11 18:46:00,172 autoreload 251 /Users/hongyan/PycharmProjects/api_backend/api_backend/settings.py changed, reloading.
INFO 2023-01-11 18:46:00,341 autoreload 637 Watching for file changes with StatReloader
INFO 2023-01-11 18:46:04,589 autoreload 251 /Users/hongyan/PycharmProjects/api_backend/api_backend/settings.py changed, reloading.
INFO 2023-01-11 18:46:04,765 autoreload 637 Watching for file changes with StatReloader
INFO 2023-01-11 18:46:23,307 autoreload 251 /Users/hongyan/PycharmProjects/api_backend/api/views.py changed, reloading.
INFO 2023-01-11 18:46:23,517 autoreload 637 Watching for file changes with StatReloader
INFO 2023-01-11 18:46:31,869 autoreload 251 /Users/hongyan/PycharmProjects/api_backend/api/views.py changed, reloading.
INFO 2023-01-11 18:46:32,059 autoreload 637 Watching for file changes with StatReloader
INFO 2023-01-11 18:46:59,775 autoreload 251 /Users/hongyan/PycharmProjects/api_backend/api/views.py changed, reloading.
INFO 2023-01-11 18:46:59,956 autoreload 637 Watching for file changes with StatReloader
ERROR 2023-01-11 18:47:06,286 log 224 Internal Server Error: /api/book/
Traceback (most recent call last):
  File "/Users/hongyan/.virtualenvs/api_backend/lib/python3.10/site-packages/rest_framework/request.py", line 74, in wrap_attributeerrors
    yield
  File "/Users/hongyan/.virtualenvs/api_backend/lib/python3.10/site-packages/rest_framework/request.py", line 227, in user
    self._authenticate()
  File "/Users/hongyan/.virtualenvs/api_backend/lib/python3.10/site-packages/rest_framework/request.py", line 380, in _authenticate
    user_auth_tuple = authenticator.authenticate(self)
AttributeError: 'BookModelSerializer' object has no attribute 'authenticate'

During handling of the above exception, another exception occurred:

Traceback (most recent call last):
  File "/Users/hongyan/.virtualenvs/api_backend/lib/python3.10/site-packages/django/core/handlers/exception.py", line 47, in inner
    response = get_response(request)
  File "/Users/hongyan/.virtualenvs/api_backend/lib/python3.10/site-packages/django/core/handlers/base.py", line 181, in _get_response
    response = wrapped_callback(request, *callback_args, **callback_kwargs)
  File "/Users/hongyan/.virtualenvs/api_backend/lib/python3.10/site-packages/django/views/decorators/csrf.py", line 54, in wrapped_view
    return view_func(*args, **kwargs)
  File "/Users/hongyan/.virtualenvs/api_backend/lib/python3.10/site-packages/rest_framework/viewsets.py", line 125, in view
    return self.dispatch(request, *args, **kwargs)
  File "/Users/hongyan/.virtualenvs/api_backend/lib/python3.10/site-packages/rest_framework/views.py", line 509, in dispatch
    response = self.handle_exception(exc)
  File "/Users/hongyan/.virtualenvs/api_backend/lib/python3.10/site-packages/rest_framework/views.py", line 469, in handle_exception
    self.raise_uncaught_exception(exc)
  File "/Users/hongyan/.virtualenvs/api_backend/lib/python3.10/site-packages/rest_framework/views.py", line 480, in raise_uncaught_exception
    raise exc
  File "/Users/hongyan/.virtualenvs/api_backend/lib/python3.10/site-packages/rest_framework/views.py", line 497, in dispatch
    self.initial(request, *args, **kwargs)
  File "/Users/hongyan/.virtualenvs/api_backend/lib/python3.10/site-packages/rest_framework/views.py", line 414, in initial
    self.perform_authentication(request)
  File "/Users/hongyan/.virtualenvs/api_backend/lib/python3.10/site-packages/rest_framework/views.py", line 324, in perform_authentication
    request.user
  File "/Users/hongyan/.virtualenvs/api_backend/lib/python3.10/site-packages/rest_framework/request.py", line 226, in user
    with wrap_attributeerrors():
  File "/opt/homebrew/Cellar/python@3.10/3.10.6_1/Frameworks/Python.framework/Versions/3.10/lib/python3.10/contextlib.py", line 153, in __exit__
    self.gen.throw(typ, value, traceback)
  File "/Users/hongyan/.virtualenvs/api_backend/lib/python3.10/site-packages/rest_framework/request.py", line 78, in wrap_attributeerrors
    raise exc.with_traceback(info[2])
  File "/Users/hongyan/.virtualenvs/api_backend/lib/python3.10/site-packages/rest_framework/request.py", line 74, in wrap_attributeerrors
    yield
  File "/Users/hongyan/.virtualenvs/api_backend/lib/python3.10/site-packages/rest_framework/request.py", line 227, in user
    self._authenticate()
  File "/Users/hongyan/.virtualenvs/api_backend/lib/python3.10/site-packages/rest_framework/request.py", line 380, in _authenticate
    user_auth_tuple = authenticator.authenticate(self)
rest_framework.request.WrappedAttributeError: 'BookModelSerializer' object has no attribute 'authenticate'
ERROR 2023-01-11 18:47:06,287 basehttp 161 "GET /api/book/ HTTP/1.1" 500 132394
INFO 2023-01-11 18:47:17,644 autoreload 251 /Users/hongyan/PycharmProjects/api_backend/api/views.py changed, reloading.
INFO 2023-01-11 18:47:17,824 autoreload 637 Watching for file changes with StatReloader
WARNING 2023-01-11 18:47:20,931 log 224 Unauthorized: /api/book/
WARNING 2023-01-11 18:47:20,932 basehttp 161 "GET /api/book/ HTTP/1.1" 401 43
INFO 2023-01-11 18:47:31,954 basehttp 161 "POST /login/get_token/ HTTP/1.1" 200 256
INFO 2023-01-11 18:47:56,403 basehttp 161 "GET /api/book/ HTTP/1.1" 200 575
INFO 2023-01-11 18:49:15,267 basehttp 161 "GET /api/book/ HTTP/1.1" 200 575
INFO 2023-01-11 18:49:16,171 basehttp 161 "GET /api/book/ HTTP/1.1" 200 575
INFO 2023-01-11 18:49:16,756 basehttp 161 "GET /api/book/ HTTP/1.1" 200 575
INFO 2023-01-11 18:49:17,207 basehttp 161 "GET /api/book/ HTTP/1.1" 200 575
INFO 2023-01-11 18:49:17,981 basehttp 161 "GET /api/book/ HTTP/1.1" 200 575
INFO 2023-01-11 18:49:18,729 basehttp 161 "GET /api/book/ HTTP/1.1" 200 575
INFO 2023-01-11 18:49:19,873 basehttp 161 "GET /api/book/ HTTP/1.1" 200 575
INFO 2023-01-11 18:49:20,504 basehttp 161 "GET /api/book/ HTTP/1.1" 200 575
INFO 2023-01-11 18:49:21,129 basehttp 161 "GET /api/book/ HTTP/1.1" 200 575
INFO 2023-01-11 18:49:21,707 basehttp 161 "GET /api/book/ HTTP/1.1" 200 575
INFO 2023-01-11 18:50:06,926 basehttp 161 "GET /api/book/ HTTP/1.1" 200 575
INFO 2023-01-11 20:31:59,196 autoreload 251 /Users/hongyan/PycharmProjects/api_backend/api_backend/settings.py changed, reloading.
INFO 2023-01-11 20:31:59,371 autoreload 637 Watching for file changes with StatReloader
INFO 2023-01-11 20:32:04,637 autoreload 251 /Users/hongyan/PycharmProjects/api_backend/api/views.py changed, reloading.
INFO 2023-01-11 20:32:04,818 autoreload 637 Watching for file changes with StatReloader
INFO 2023-01-11 20:32:06,747 autoreload 637 Watching for file changes with StatReloader
WARNING 2023-01-11 20:32:10,772 log 224 Unauthorized: /api/book/
WARNING 2023-01-11 20:32:10,773 basehttp 161 "GET /api/book/ HTTP/1.1" 401 35
INFO 2023-01-11 20:32:18,126 basehttp 161 "POST /login/get_token/ HTTP/1.1" 200 256
INFO 2023-01-11 20:32:33,276 basehttp 161 "GET /api/book/ HTTP/1.1" 200 575
INFO 2023-01-11 20:33:26,109 autoreload 251 /Users/hongyan/PycharmProjects/api_backend/book/serializer.py changed, reloading.
INFO 2023-01-11 20:33:26,339 autoreload 637 Watching for file changes with StatReloader
INFO 2023-01-11 20:33:36,753 autoreload 251 /Users/hongyan/PycharmProjects/api_backend/book/serializer.py changed, reloading.
INFO 2023-01-11 20:33:36,929 autoreload 637 Watching for file changes with StatReloader
INFO 2023-01-11 20:33:38,020 autoreload 251 /Users/hongyan/PycharmProjects/api_backend/book/serializer.py changed, reloading.
INFO 2023-01-11 20:33:38,186 autoreload 637 Watching for file changes with StatReloader
INFO 2023-01-11 20:33:47,459 autoreload 251 /Users/hongyan/PycharmProjects/api_backend/book/serializer.py changed, reloading.
INFO 2023-01-11 20:33:47,639 autoreload 637 Watching for file changes with StatReloader
INFO 2023-01-11 20:33:50,314 autoreload 637 Watching for file changes with StatReloader
INFO 2023-01-11 20:33:53,883 basehttp 161 "GET /api/book/ HTTP/1.1" 200 525
INFO 2023-01-11 21:49:35,263 autoreload 251 /Users/hongyan/PycharmProjects/api_backend/api/views.py changed, reloading.
INFO 2023-01-11 21:49:35,493 autoreload 637 Watching for file changes with StatReloader
INFO 2023-01-11 21:56:26,111 autoreload 251 /Users/hongyan/PycharmProjects/api_backend/api_backend/settings.py changed, reloading.
INFO 2023-01-11 21:56:26,314 autoreload 637 Watching for file changes with StatReloader
INFO 2023-01-11 21:58:09,090 autoreload 251 /Users/hongyan/PycharmProjects/api_backend/api_backend/settings.py changed, reloading.
INFO 2023-01-11 21:58:09,290 autoreload 637 Watching for file changes with StatReloader
INFO 2023-01-11 22:06:20,710 autoreload 251 /Users/hongyan/PycharmProjects/api_backend/api/views.py changed, reloading.
INFO 2023-01-11 22:06:20,874 autoreload 637 Watching for file changes with StatReloader
WARNING 2023-01-11 22:06:24,712 log 224 Unauthorized: /api/book/
WARNING 2023-01-11 22:06:24,712 basehttp 161 "GET /api/book/ HTTP/1.1" 401 35
INFO 2023-01-11 22:07:01,427 autoreload 251 /Users/hongyan/PycharmProjects/api_backend/api/views.py changed, reloading.
INFO 2023-01-11 22:07:01,593 autoreload 637 Watching for file changes with StatReloader
INFO 2023-01-11 22:07:04,012 basehttp 161 "GET /api/book/ HTTP/1.1" 200 525
INFO 2023-01-11 22:07:12,144 autoreload 251 /Users/hongyan/PycharmProjects/api_backend/api/views.py changed, reloading.
INFO 2023-01-11 22:07:12,316 autoreload 637 Watching for file changes with StatReloader
WARNING 2023-01-11 22:07:43,998 log 224 Unauthorized: /api/book/
WARNING 2023-01-11 22:07:43,999 basehttp 161 "GET /api/book/ HTTP/1.1" 401 35
INFO 2023-01-11 22:16:18,394 autoreload 251 /Users/hongyan/PycharmProjects/api_backend/utils/custom_get_token.py changed, reloading.
INFO 2023-01-11 22:16:18,563 autoreload 637 Watching for file changes with StatReloader
INFO 2023-01-11 22:16:20,764 autoreload 251 /Users/hongyan/PycharmProjects/api_backend/utils/custom_get_token.py changed, reloading.
INFO 2023-01-11 22:16:20,947 autoreload 637 Watching for file changes with StatReloader
INFO 2023-01-11 22:16:28,238 autoreload 251 /Users/hongyan/PycharmProjects/api_backend/utils/custom_get_token.py changed, reloading.
INFO 2023-01-11 22:16:28,421 autoreload 637 Watching for file changes with StatReloader
ERROR 2023-01-11 22:16:34,605 log 224 Internal Server Error: /login/get_token/
Traceback (most recent call last):
  File "/Users/hongyan/PycharmProjects/api_backend/utils/custom_get_token.py", line 23, in validate
    user = get_user_model.objects.get(
AttributeError: 'function' object has no attribute 'objects'

During handling of the above exception, another exception occurred:

Traceback (most recent call last):
  File "/Users/hongyan/.virtualenvs/api_backend/lib/python3.10/site-packages/django/core/handlers/exception.py", line 47, in inner
    response = get_response(request)
  File "/Users/hongyan/.virtualenvs/api_backend/lib/python3.10/site-packages/django/core/handlers/base.py", line 181, in _get_response
    response = wrapped_callback(request, *callback_args, **callback_kwargs)
  File "/Users/hongyan/.virtualenvs/api_backend/lib/python3.10/site-packages/django/views/decorators/csrf.py", line 54, in wrapped_view
    return view_func(*args, **kwargs)
  File "/Users/hongyan/.virtualenvs/api_backend/lib/python3.10/site-packages/django/views/generic/base.py", line 70, in view
    return self.dispatch(request, *args, **kwargs)
  File "/Users/hongyan/.virtualenvs/api_backend/lib/python3.10/site-packages/rest_framework/views.py", line 509, in dispatch
    response = self.handle_exception(exc)
  File "/Users/hongyan/.virtualenvs/api_backend/lib/python3.10/site-packages/rest_framework/views.py", line 469, in handle_exception
    self.raise_uncaught_exception(exc)
  File "/Users/hongyan/.virtualenvs/api_backend/lib/python3.10/site-packages/rest_framework/views.py", line 480, in raise_uncaught_exception
    raise exc
  File "/Users/hongyan/.virtualenvs/api_backend/lib/python3.10/site-packages/rest_framework/views.py", line 506, in dispatch
    response = handler(request, *args, **kwargs)
  File "/Users/hongyan/.virtualenvs/api_backend/lib/python3.10/site-packages/rest_framework_jwt/views.py", line 57, in post
    if serializer.is_valid():
  File "/Users/hongyan/.virtualenvs/api_backend/lib/python3.10/site-packages/rest_framework/serializers.py", line 227, in is_valid
    self._validated_data = self.run_validation(self.initial_data)
  File "/Users/hongyan/.virtualenvs/api_backend/lib/python3.10/site-packages/rest_framework/serializers.py", line 429, in run_validation
    value = self.validate(value)
  File "/Users/hongyan/PycharmProjects/api_backend/utils/custom_get_token.py", line 26, in validate
    except User.DoesNotExist as e:
NameError: name 'User' is not defined
ERROR 2023-01-11 22:16:34,606 basehttp 161 "POST /login/get_token/ HTTP/1.1" 500 112014
INFO 2023-01-11 22:16:52,280 autoreload 251 /Users/hongyan/PycharmProjects/api_backend/utils/custom_get_token.py changed, reloading.
INFO 2023-01-11 22:16:52,471 autoreload 637 Watching for file changes with StatReloader
ERROR 2023-01-11 22:16:55,179 log 224 Internal Server Error: /login/get_token/
Traceback (most recent call last):
  File "/Users/hongyan/PycharmProjects/api_backend/utils/custom_get_token.py", line 23, in validate
    user = get_user_model.objects.get(
AttributeError: 'function' object has no attribute 'objects'

During handling of the above exception, another exception occurred:

Traceback (most recent call last):
  File "/Users/hongyan/.virtualenvs/api_backend/lib/python3.10/site-packages/django/core/handlers/exception.py", line 47, in inner
    response = get_response(request)
  File "/Users/hongyan/.virtualenvs/api_backend/lib/python3.10/site-packages/django/core/handlers/base.py", line 181, in _get_response
    response = wrapped_callback(request, *callback_args, **callback_kwargs)
  File "/Users/hongyan/.virtualenvs/api_backend/lib/python3.10/site-packages/django/views/decorators/csrf.py", line 54, in wrapped_view
    return view_func(*args, **kwargs)
  File "/Users/hongyan/.virtualenvs/api_backend/lib/python3.10/site-packages/django/views/generic/base.py", line 70, in view
    return self.dispatch(request, *args, **kwargs)
  File "/Users/hongyan/.virtualenvs/api_backend/lib/python3.10/site-packages/rest_framework/views.py", line 509, in dispatch
    response = self.handle_exception(exc)
  File "/Users/hongyan/.virtualenvs/api_backend/lib/python3.10/site-packages/rest_framework/views.py", line 469, in handle_exception
    self.raise_uncaught_exception(exc)
  File "/Users/hongyan/.virtualenvs/api_backend/lib/python3.10/site-packages/rest_framework/views.py", line 480, in raise_uncaught_exception
    raise exc
  File "/Users/hongyan/.virtualenvs/api_backend/lib/python3.10/site-packages/rest_framework/views.py", line 506, in dispatch
    response = handler(request, *args, **kwargs)
  File "/Users/hongyan/.virtualenvs/api_backend/lib/python3.10/site-packages/rest_framework_jwt/views.py", line 57, in post
    if serializer.is_valid():
  File "/Users/hongyan/.virtualenvs/api_backend/lib/python3.10/site-packages/rest_framework/serializers.py", line 227, in is_valid
    self._validated_data = self.run_validation(self.initial_data)
  File "/Users/hongyan/.virtualenvs/api_backend/lib/python3.10/site-packages/rest_framework/serializers.py", line 429, in run_validation
    value = self.validate(value)
  File "/Users/hongyan/PycharmProjects/api_backend/utils/custom_get_token.py", line 26, in validate
    except get_user_model.DoesNotExist as e:
AttributeError: 'function' object has no attribute 'DoesNotExist'
ERROR 2023-01-11 22:16:55,180 basehttp 161 "POST /login/get_token/ HTTP/1.1" 500 112282
ERROR 2023-01-11 22:16:56,274 log 224 Internal Server Error: /login/get_token/
Traceback (most recent call last):
  File "/Users/hongyan/PycharmProjects/api_backend/utils/custom_get_token.py", line 23, in validate
    user = get_user_model.objects.get(
AttributeError: 'function' object has no attribute 'objects'

During handling of the above exception, another exception occurred:

Traceback (most recent call last):
  File "/Users/hongyan/.virtualenvs/api_backend/lib/python3.10/site-packages/django/core/handlers/exception.py", line 47, in inner
    response = get_response(request)
  File "/Users/hongyan/.virtualenvs/api_backend/lib/python3.10/site-packages/django/core/handlers/base.py", line 181, in _get_response
    response = wrapped_callback(request, *callback_args, **callback_kwargs)
  File "/Users/hongyan/.virtualenvs/api_backend/lib/python3.10/site-packages/django/views/decorators/csrf.py", line 54, in wrapped_view
    return view_func(*args, **kwargs)
  File "/Users/hongyan/.virtualenvs/api_backend/lib/python3.10/site-packages/django/views/generic/base.py", line 70, in view
    return self.dispatch(request, *args, **kwargs)
  File "/Users/hongyan/.virtualenvs/api_backend/lib/python3.10/site-packages/rest_framework/views.py", line 509, in dispatch
    response = self.handle_exception(exc)
  File "/Users/hongyan/.virtualenvs/api_backend/lib/python3.10/site-packages/rest_framework/views.py", line 469, in handle_exception
    self.raise_uncaught_exception(exc)
  File "/Users/hongyan/.virtualenvs/api_backend/lib/python3.10/site-packages/rest_framework/views.py", line 480, in raise_uncaught_exception
    raise exc
  File "/Users/hongyan/.virtualenvs/api_backend/lib/python3.10/site-packages/rest_framework/views.py", line 506, in dispatch
    response = handler(request, *args, **kwargs)
  File "/Users/hongyan/.virtualenvs/api_backend/lib/python3.10/site-packages/rest_framework_jwt/views.py", line 57, in post
    if serializer.is_valid():
  File "/Users/hongyan/.virtualenvs/api_backend/lib/python3.10/site-packages/rest_framework/serializers.py", line 227, in is_valid
    self._validated_data = self.run_validation(self.initial_data)
  File "/Users/hongyan/.virtualenvs/api_backend/lib/python3.10/site-packages/rest_framework/serializers.py", line 429, in run_validation
    value = self.validate(value)
  File "/Users/hongyan/PycharmProjects/api_backend/utils/custom_get_token.py", line 26, in validate
    except get_user_model.DoesNotExist as e:
AttributeError: 'function' object has no attribute 'DoesNotExist'
ERROR 2023-01-11 22:16:56,274 basehttp 161 "POST /login/get_token/ HTTP/1.1" 500 112282
INFO 2023-01-11 22:20:34,941 autoreload 251 /Users/hongyan/PycharmProjects/api_backend/utils/custom_get_token.py changed, reloading.
INFO 2023-01-11 22:20:35,141 autoreload 637 Watching for file changes with StatReloader
INFO 2023-01-11 22:21:39,758 autoreload 251 /Users/hongyan/PycharmProjects/api_backend/utils/custom_get_token.py changed, reloading.
INFO 2023-01-11 22:21:39,933 autoreload 637 Watching for file changes with StatReloader
INFO 2023-01-11 22:22:00,598 autoreload 251 /Users/hongyan/PycharmProjects/api_backend/utils/custom_get_token.py changed, reloading.
INFO 2023-01-11 22:22:00,775 autoreload 637 Watching for file changes with StatReloader
INFO 2023-01-11 22:22:13,600 autoreload 637 Watching for file changes with StatReloader
INFO 2023-01-11 22:22:16,185 basehttp 161 "POST /login/get_token/ HTTP/1.1" 200 256
INFO 2023-01-11 22:22:40,691 autoreload 251 /Users/hongyan/PycharmProjects/api_backend/utils/custom_get_token.py changed, reloading.
INFO 2023-01-11 22:22:40,867 autoreload 637 Watching for file changes with StatReloader
INFO 2023-01-11 22:22:44,073 autoreload 251 /Users/hongyan/PycharmProjects/api_backend/utils/custom_get_token.py changed, reloading.
INFO 2023-01-11 22:22:44,250 autoreload 637 Watching for file changes with StatReloader
INFO 2023-01-11 22:22:47,149 basehttp 161 "POST /login/get_token/ HTTP/1.1" 200 256
INFO 2023-01-11 22:23:59,330 autoreload 251 /Users/hongyan/PycharmProjects/api_backend/utils/custom_get_token.py changed, reloading.
INFO 2023-01-11 22:23:59,533 autoreload 637 Watching for file changes with StatReloader
INFO 2023-01-11 22:24:10,960 autoreload 251 /Users/hongyan/PycharmProjects/api_backend/utils/custom_get_token.py changed, reloading.
INFO 2023-01-11 22:24:11,144 autoreload 637 Watching for file changes with StatReloader
INFO 2023-01-11 22:24:18,070 basehttp 161 "POST /login/get_token/ HTTP/1.1" 200 256
INFO 2023-01-11 23:11:42,978 autoreload 251 /Users/hongyan/PycharmProjects/api_backend/api_backend/settings.py changed, reloading.
INFO 2023-01-11 23:11:43,223 autoreload 637 Watching for file changes with StatReloader
INFO 2023-01-11 23:12:44,006 autoreload 251 /Users/hongyan/PycharmProjects/api_backend/api_backend/settings.py changed, reloading.
INFO 2023-01-11 23:12:44,246 autoreload 637 Watching for file changes with StatReloader
INFO 2023-01-11 23:12:50,782 basehttp 161 "POST /login/get_token/ HTTP/1.1" 200 256
INFO 2023-01-11 23:13:26,887 autoreload 251 /Users/hongyan/PycharmProjects/api_backend/api_backend/settings.py changed, reloading.
INFO 2023-01-11 23:13:27,066 autoreload 637 Watching for file changes with StatReloader
INFO 2023-01-11 23:13:31,306 autoreload 251 /Users/hongyan/PycharmProjects/api_backend/api_backend/settings.py changed, reloading.
INFO 2023-01-11 23:13:31,487 autoreload 637 Watching for file changes with StatReloader
INFO 2023-01-11 23:14:03,415 autoreload 251 /Users/hongyan/PycharmProjects/api_backend/api_backend/settings.py changed, reloading.
INFO 2023-01-11 23:14:03,585 autoreload 637 Watching for file changes with StatReloader
INFO 2023-01-11 23:14:33,408 autoreload 251 /Users/hongyan/PycharmProjects/api_backend/api_backend/settings.py changed, reloading.
INFO 2023-01-11 23:14:33,583 autoreload 637 Watching for file changes with StatReloader
INFO 2023-01-11 23:14:50,132 autoreload 251 /Users/hongyan/PycharmProjects/api_backend/api_backend/settings.py changed, reloading.
INFO 2023-01-11 23:14:50,306 autoreload 637 Watching for file changes with StatReloader
INFO 2023-01-11 23:14:50,795 basehttp 161 "POST /login/get_token/ HTTP/1.1" 200 256
INFO 2023-01-11 23:15:38,819 autoreload 637 Watching for file changes with StatReloader
INFO 2023-01-11 23:17:00,692 autoreload 251 /Users/hongyan/PycharmProjects/api_backend/api_backend/settings.py changed, reloading.
INFO 2023-01-11 23:17:00,914 autoreload 637 Watching for file changes with StatReloader
INFO 2023-01-11 23:17:03,116 autoreload 251 /Users/hongyan/PycharmProjects/api_backend/api_backend/settings.py changed, reloading.
INFO 2023-01-11 23:17:03,289 autoreload 637 Watching for file changes with StatReloader
INFO 2023-01-11 23:17:05,555 autoreload 637 Watching for file changes with StatReloader
INFO 2023-01-11 23:17:09,614 basehttp 161 "POST /login/get_token/ HTTP/1.1" 200 256
INFO 2023-01-11 23:18:28,852 autoreload 251 /Users/hongyan/PycharmProjects/api_backend/api_backend/settings.py changed, reloading.
INFO 2023-01-11 23:18:29,026 autoreload 637 Watching for file changes with StatReloader
INFO 2023-01-11 23:18:31,899 basehttp 161 "POST /login/get_token/ HTTP/1.1" 200 256
INFO 2023-01-11 23:18:50,983 autoreload 251 /Users/hongyan/PycharmProjects/api_backend/api_backend/settings.py changed, reloading.
INFO 2023-01-11 23:18:51,159 autoreload 637 Watching for file changes with StatReloader
INFO 2023-01-11 23:19:00,531 autoreload 251 /Users/hongyan/PycharmProjects/api_backend/api_backend/settings.py changed, reloading.
INFO 2023-01-11 23:19:00,701 autoreload 637 Watching for file changes with StatReloader
INFO 2023-01-11 23:19:10,104 autoreload 251 /Users/hongyan/PycharmProjects/api_backend/api_backend/settings.py changed, reloading.
INFO 2023-01-11 23:19:10,292 autoreload 637 Watching for file changes with StatReloader
INFO 2023-01-11 23:19:13,754 basehttp 161 "POST /login/get_token/ HTTP/1.1" 200 256
INFO 2023-01-11 23:30:37,060 autoreload 251 /Users/hongyan/PycharmProjects/api_backend/api_backend/settings.py changed, reloading.
INFO 2023-01-11 23:30:37,231 autoreload 637 Watching for file changes with StatReloader
INFO 2023-01-11 23:32:11,558 autoreload 251 /Users/hongyan/PycharmProjects/api_backend/api_backend/settings.py changed, reloading.
INFO 2023-01-11 23:32:11,748 autoreload 637 Watching for file changes with StatReloader
INFO 2023-01-11 23:32:50,826 autoreload 251 /Users/hongyan/PycharmProjects/api_backend/api_backend/settings.py changed, reloading.
INFO 2023-01-11 23:32:51,068 autoreload 637 Watching for file changes with StatReloader
INFO 2023-01-11 23:34:07,404 autoreload 251 /Users/hongyan/PycharmProjects/api_backend/api_backend/settings.py changed, reloading.
INFO 2023-01-11 23:34:07,599 autoreload 637 Watching for file changes with StatReloader
INFO 2023-01-11 23:34:53,727 autoreload 251 /Users/hongyan/PycharmProjects/api_backend/api_backend/settings.py changed, reloading.
INFO 2023-01-11 23:34:53,905 autoreload 637 Watching for file changes with StatReloader
INFO 2023-01-11 23:34:59,157 autoreload 251 /Users/hongyan/PycharmProjects/api_backend/api_backend/settings.py changed, reloading.
INFO 2023-01-11 23:34:59,347 autoreload 637 Watching for file changes with StatReloader
INFO 2023-01-11 23:35:32,191 autoreload 251 /Users/hongyan/PycharmProjects/api_backend/api_backend/settings.py changed, reloading.
INFO 2023-01-11 23:35:32,399 autoreload 637 Watching for file changes with StatReloader
INFO 2023-01-11 23:35:54,065 autoreload 251 /Users/hongyan/PycharmProjects/api_backend/api_backend/settings.py changed, reloading.
INFO 2023-01-11 23:36:02,634 autoreload 637 Watching for file changes with StatReloader
INFO 2023-01-11 23:36:15,102 autoreload 251 /Users/hongyan/PycharmProjects/api_backend/api_backend/settings.py changed, reloading.
INFO 2023-01-11 23:36:15,318 autoreload 637 Watching for file changes with StatReloader
INFO 2023-01-12 00:11:17,822 autoreload 251 /Users/hongyan/PycharmProjects/api_backend/api_backend/settings.py changed, reloading.
INFO 2023-01-12 00:11:18,086 autoreload 637 Watching for file changes with StatReloader
INFO 2023-01-12 00:11:40,615 autoreload 251 /Users/hongyan/PycharmProjects/api_backend/api_backend/settings.py changed, reloading.
INFO 2023-01-12 00:11:40,819 autoreload 637 Watching for file changes with StatReloader
INFO 2023-01-12 00:12:29,066 autoreload 251 /Users/hongyan/PycharmProjects/api_backend/api_backend/settings.py changed, reloading.
INFO 2023-01-12 00:12:29,263 autoreload 637 Watching for file changes with StatReloader
INFO 2023-01-12 00:12:38,595 autoreload 251 /Users/hongyan/PycharmProjects/api_backend/api_backend/settings.py changed, reloading.
INFO 2023-01-12 00:12:38,797 autoreload 637 Watching for file changes with StatReloader
INFO 2023-01-12 00:20:54,480 autoreload 251 /Users/hongyan/PycharmProjects/api_backend/api_backend/settings.py changed, reloading.
INFO 2023-01-12 00:20:54,669 autoreload 637 Watching for file changes with StatReloader
INFO 2023-01-12 11:55:44,188 autoreload 251 /Users/hongyan/PycharmProjects/api_backend/api_backend/settings.py changed, reloading.
INFO 2023-01-12 11:55:44,448 autoreload 637 Watching for file changes with StatReloader
INFO 2023-01-12 11:55:46,691 basehttp 161 "POST /login/get_token/ HTTP/1.1" 200 256
INFO 2023-01-12 11:55:51,983 basehttp 161 "POST /login/get_token/ HTTP/1.1" 200 256
INFO 2023-01-12 11:55:52,707 basehttp 161 "POST /login/get_token/ HTTP/1.1" 200 256
INFO 2023-01-12 11:55:53,256 basehttp 161 "POST /login/get_token/ HTTP/1.1" 200 256
INFO 2023-01-12 11:55:53,726 basehttp 161 "POST /login/get_token/ HTTP/1.1" 200 256
INFO 2023-01-12 11:55:54,083 basehttp 161 "POST /login/get_token/ HTTP/1.1" 200 256
INFO 2023-01-12 11:55:54,424 basehttp 161 "POST /login/get_token/ HTTP/1.1" 200 256
INFO 2023-01-12 11:55:54,807 basehttp 161 "POST /login/get_token/ HTTP/1.1" 200 256
INFO 2023-01-12 11:55:55,727 basehttp 161 "POST /login/get_token/ HTTP/1.1" 200 256
INFO 2023-01-12 11:55:56,453 basehttp 161 "POST /login/get_token/ HTTP/1.1" 200 256
WARNING 2023-01-12 11:56:12,370 log 224 Unauthorized: /api/book/
WARNING 2023-01-12 11:56:12,371 basehttp 161 "GET /api/book/ HTTP/1.1" 401 35
INFO 2023-01-12 11:56:16,447 basehttp 161 "POST /login/get_token/ HTTP/1.1" 200 256
INFO 2023-01-12 11:56:29,506 basehttp 161 "GET /api/book/ HTTP/1.1" 200 525
INFO 2023-01-12 11:56:30,807 basehttp 161 "GET /api/book/ HTTP/1.1" 200 525
INFO 2023-01-12 11:56:31,695 basehttp 161 "GET /api/book/ HTTP/1.1" 200 525
INFO 2023-01-12 11:56:32,147 basehttp 161 "GET /api/book/ HTTP/1.1" 200 525
INFO 2023-01-12 11:56:33,744 basehttp 161 "GET /api/book/ HTTP/1.1" 200 525
INFO 2023-01-12 11:56:34,328 basehttp 161 "GET /api/book/ HTTP/1.1" 200 525
INFO 2023-01-12 11:56:34,994 basehttp 161 "GET /api/book/ HTTP/1.1" 200 525
INFO 2023-01-12 11:58:04,121 autoreload 251 /Users/hongyan/PycharmProjects/api_backend/api_backend/settings.py changed, reloading.
INFO 2023-01-12 11:58:04,317 autoreload 637 Watching for file changes with StatReloader
INFO 2023-01-12 11:58:12,667 autoreload 251 /Users/hongyan/PycharmProjects/api_backend/api_backend/settings.py changed, reloading.
INFO 2023-01-12 11:58:12,852 autoreload 637 Watching for file changes with StatReloader
INFO 2023-01-12 11:58:19,122 autoreload 251 /Users/hongyan/PycharmProjects/api_backend/api_backend/settings.py changed, reloading.
INFO 2023-01-12 11:58:19,309 autoreload 637 Watching for file changes with StatReloader
INFO 2023-01-12 11:58:26,037 basehttp 161 "GET /api/book/ HTTP/1.1" 200 525
INFO 2023-01-12 11:58:26,738 basehttp 161 "GET /api/book/ HTTP/1.1" 200 525
INFO 2023-01-12 11:58:27,316 basehttp 161 "GET /api/book/ HTTP/1.1" 200 525
INFO 2023-01-12 11:58:27,866 basehttp 161 "GET /api/book/ HTTP/1.1" 200 525
INFO 2023-01-12 11:58:28,338 basehttp 161 "GET /api/book/ HTTP/1.1" 200 525
INFO 2023-01-12 11:58:30,360 basehttp 161 "GET /api/book/ HTTP/1.1" 200 525
INFO 2023-01-12 11:58:30,998 basehttp 161 "GET /api/book/ HTTP/1.1" 200 525
INFO 2023-01-12 11:58:31,582 basehttp 161 "GET /api/book/ HTTP/1.1" 200 525
INFO 2023-01-12 11:59:08,644 autoreload 251 /Users/hongyan/PycharmProjects/api_backend/api/views.py changed, reloading.
INFO 2023-01-12 11:59:08,872 autoreload 637 Watching for file changes with StatReloader
INFO 2023-01-12 11:59:24,317 autoreload 251 /Users/hongyan/PycharmProjects/api_backend/api/views.py changed, reloading.
INFO 2023-01-12 11:59:24,528 autoreload 637 Watching for file changes with StatReloader
INFO 2023-01-12 11:59:30,588 basehttp 161 "GET /api/book/ HTTP/1.1" 200 525
INFO 2023-01-12 11:59:31,253 basehttp 161 "GET /api/book/ HTTP/1.1" 200 525
INFO 2023-01-12 11:59:31,851 basehttp 161 "GET /api/book/ HTTP/1.1" 200 525
INFO 2023-01-12 11:59:33,446 basehttp 161 "GET /api/book/ HTTP/1.1" 200 525
INFO 2023-01-12 11:59:34,363 basehttp 161 "GET /api/book/ HTTP/1.1" 200 525
INFO 2023-01-12 11:59:54,470 autoreload 251 /Users/hongyan/PycharmProjects/api_backend/api_backend/settings.py changed, reloading.
INFO 2023-01-12 11:59:54,672 autoreload 637 Watching for file changes with StatReloader
INFO 2023-01-12 11:59:59,139 basehttp 161 "GET /api/book/ HTTP/1.1" 200 525
INFO 2023-01-12 11:59:59,737 basehttp 161 "GET /api/book/ HTTP/1.1" 200 525
INFO 2023-01-12 12:00:00,309 basehttp 161 "GET /api/book/ HTTP/1.1" 200 525
INFO 2023-01-12 12:00:00,789 basehttp 161 "GET /api/book/ HTTP/1.1" 200 525
INFO 2023-01-12 12:00:01,369 basehttp 161 "GET /api/book/ HTTP/1.1" 200 525
INFO 2023-01-12 12:00:01,909 basehttp 161 "GET /api/book/ HTTP/1.1" 200 525
INFO 2023-01-12 12:00:02,467 basehttp 161 "GET /api/book/ HTTP/1.1" 200 525
INFO 2023-01-12 12:00:43,056 autoreload 251 /Users/hongyan/PycharmProjects/api_backend/api/views.py changed, reloading.
INFO 2023-01-12 12:00:43,246 autoreload 637 Watching for file changes with StatReloader
INFO 2023-01-12 12:00:46,431 autoreload 251 /Users/hongyan/PycharmProjects/api_backend/api/views.py changed, reloading.
INFO 2023-01-12 12:00:46,644 autoreload 637 Watching for file changes with StatReloader
INFO 2023-01-12 12:00:48,424 basehttp 161 "GET /api/book/ HTTP/1.1" 200 525
INFO 2023-01-12 12:00:52,078 basehttp 161 "GET /api/book/ HTTP/1.1" 200 525
INFO 2023-01-12 12:00:52,941 basehttp 161 "GET /api/book/ HTTP/1.1" 200 525
INFO 2023-01-12 12:00:53,532 basehttp 161 "GET /api/book/ HTTP/1.1" 200 525
INFO 2023-01-12 12:00:54,186 basehttp 161 "GET /api/book/ HTTP/1.1" 200 525
INFO 2023-01-12 12:00:54,966 basehttp 161 "GET /api/book/ HTTP/1.1" 200 525
INFO 2023-01-12 12:01:03,287 autoreload 251 /Users/hongyan/PycharmProjects/api_backend/api/views.py changed, reloading.
INFO 2023-01-12 12:01:03,474 autoreload 637 Watching for file changes with StatReloader
INFO 2023-01-12 12:01:10,752 autoreload 251 /Users/hongyan/PycharmProjects/api_backend/api/views.py changed, reloading.
INFO 2023-01-12 12:01:10,947 autoreload 637 Watching for file changes with StatReloader
INFO 2023-01-12 12:01:14,133 autoreload 251 /Users/hongyan/PycharmProjects/api_backend/api/views.py changed, reloading.
INFO 2023-01-12 12:01:14,373 autoreload 637 Watching for file changes with StatReloader
INFO 2023-01-12 12:08:40,667 autoreload 251 /Users/hongyan/PycharmProjects/api_backend/api/views.py changed, reloading.
INFO 2023-01-12 12:08:40,923 autoreload 637 Watching for file changes with StatReloader
WARNING 2023-01-12 12:08:44,280 log 224 Unauthorized: /api/book/
WARNING 2023-01-12 12:08:44,281 basehttp 161 "GET /api/book/ HTTP/1.1" 401 38
WARNING 2023-01-12 12:08:44,876 log 224 Unauthorized: /api/book/
WARNING 2023-01-12 12:08:44,876 basehttp 161 "GET /api/book/ HTTP/1.1" 401 38
WARNING 2023-01-12 12:08:45,484 log 224 Unauthorized: /api/book/
WARNING 2023-01-12 12:08:45,484 basehttp 161 "GET /api/book/ HTTP/1.1" 401 38
WARNING 2023-01-12 12:08:46,752 log 224 Unauthorized: /api/book/
WARNING 2023-01-12 12:08:46,753 basehttp 161 "GET /api/book/ HTTP/1.1" 401 38
INFO 2023-01-12 12:08:51,150 basehttp 161 "POST /login/get_token/ HTTP/1.1" 200 256
INFO 2023-01-12 12:09:04,284 basehttp 161 "GET /api/book/ HTTP/1.1" 200 525
INFO 2023-01-12 12:09:06,088 basehttp 161 "GET /api/book/ HTTP/1.1" 200 525
INFO 2023-01-12 12:09:06,694 basehttp 161 "GET /api/book/ HTTP/1.1" 200 525
INFO 2023-01-12 12:09:07,776 basehttp 161 "GET /api/book/ HTTP/1.1" 200 525
INFO 2023-01-12 12:09:08,382 basehttp 161 "GET /api/book/ HTTP/1.1" 200 525
INFO 2023-01-12 12:09:26,573 autoreload 251 /Users/hongyan/PycharmProjects/api_backend/api/views.py changed, reloading.
INFO 2023-01-12 12:09:26,791 autoreload 637 Watching for file changes with StatReloader
INFO 2023-01-12 12:09:27,866 basehttp 161 "GET /api/book/ HTTP/1.1" 200 525
INFO 2023-01-12 12:09:28,986 basehttp 161 "GET /api/book/ HTTP/1.1" 200 525
INFO 2023-01-12 12:10:54,479 autoreload 251 /Users/hongyan/PycharmProjects/api_backend/api_backend/settings.py changed, reloading.
INFO 2023-01-12 12:10:54,673 autoreload 637 Watching for file changes with StatReloader
INFO 2023-01-12 12:11:04,543 autoreload 637 Watching for file changes with StatReloader
INFO 2023-01-12 12:11:07,856 basehttp 161 "GET /api/book/ HTTP/1.1" 200 525
INFO 2023-01-12 12:11:08,442 basehttp 161 "GET /api/book/ HTTP/1.1" 200 525
INFO 2023-01-12 12:11:09,074 basehttp 161 "GET /api/book/ HTTP/1.1" 200 525
INFO 2023-01-12 12:11:09,640 basehttp 161 "GET /api/book/ HTTP/1.1" 200 525
INFO 2023-01-12 12:11:10,072 basehttp 161 "GET /api/book/ HTTP/1.1" 200 525
INFO 2023-01-12 12:11:13,329 basehttp 161 "GET /api/book/ HTTP/1.1" 200 525
INFO 2023-01-12 12:11:13,919 basehttp 161 "GET /api/book/ HTTP/1.1" 200 525
INFO 2023-01-12 12:11:14,557 basehttp 161 "GET /api/book/ HTTP/1.1" 200 525
INFO 2023-01-12 12:11:15,123 basehttp 161 "GET /api/book/ HTTP/1.1" 200 525
INFO 2023-01-12 12:11:15,565 basehttp 161 "GET /api/book/ HTTP/1.1" 200 525
INFO 2023-01-12 12:11:16,584 basehttp 161 "GET /api/book/ HTTP/1.1" 200 525
INFO 2023-01-12 12:27:22,688 autoreload 251 /Users/hongyan/PycharmProjects/api_backend/api_backend/settings.py changed, reloading.
INFO 2023-01-12 12:27:22,908 autoreload 637 Watching for file changes with StatReloader
INFO 2023-01-12 12:27:29,236 autoreload 251 /Users/hongyan/PycharmProjects/api_backend/api_backend/settings.py changed, reloading.
INFO 2023-01-12 12:28:05,820 autoreload 637 Watching for file changes with StatReloader
WARNING 2023-01-12 12:28:08,359 log 224 Unauthorized: /api/book/
WARNING 2023-01-12 12:28:08,359 basehttp 161 "GET /api/book/ HTTP/1.1" 401 35
INFO 2023-01-12 12:28:12,827 basehttp 161 "POST /login/get_token/ HTTP/1.1" 200 256
INFO 2023-01-12 12:28:32,907 basehttp 161 "GET /api/book/ HTTP/1.1" 200 525
INFO 2023-01-12 12:28:34,243 basehttp 161 "GET /api/book/ HTTP/1.1" 200 525
INFO 2023-01-12 12:28:35,146 basehttp 161 "GET /api/book/ HTTP/1.1" 200 525
INFO 2023-01-12 12:28:35,814 basehttp 161 "GET /api/book/ HTTP/1.1" 200 525
INFO 2023-01-12 12:28:36,538 basehttp 161 "GET /api/book/ HTTP/1.1" 200 525
INFO 2023-01-12 12:28:37,196 basehttp 161 "GET /api/book/ HTTP/1.1" 200 525
INFO 2023-01-12 12:28:37,904 basehttp 161 "GET /api/book/ HTTP/1.1" 200 525
INFO 2023-01-12 12:28:38,373 basehttp 161 "GET /api/book/ HTTP/1.1" 200 525
INFO 2023-01-12 12:28:39,762 basehttp 161 "GET /api/book/ HTTP/1.1" 200 525
INFO 2023-01-12 12:28:40,270 basehttp 161 "GET /api/book/ HTTP/1.1" 200 525
INFO 2023-01-12 12:28:40,782 basehttp 161 "GET /api/book/ HTTP/1.1" 200 525
INFO 2023-01-12 12:28:41,303 basehttp 161 "GET /api/book/ HTTP/1.1" 200 525
INFO 2023-01-12 12:28:41,785 basehttp 161 "GET /api/book/ HTTP/1.1" 200 525
INFO 2023-01-12 12:28:42,236 basehttp 161 "GET /api/book/ HTTP/1.1" 200 525
INFO 2023-01-12 12:28:42,830 basehttp 161 "GET /api/book/ HTTP/1.1" 200 525
INFO 2023-01-12 12:28:43,341 basehttp 161 "GET /api/book/ HTTP/1.1" 200 525
INFO 2023-01-12 12:29:54,380 autoreload 251 /Users/hongyan/.virtualenvs/api_backend/lib/python3.10/site-packages/rest_framework/throttling.py changed, reloading.
INFO 2023-01-12 12:29:54,584 autoreload 637 Watching for file changes with StatReloader
INFO 2023-01-12 12:31:25,737 autoreload 251 /Users/hongyan/.virtualenvs/api_backend/lib/python3.10/site-packages/rest_framework/throttling.py changed, reloading.
INFO 2023-01-12 12:31:25,926 autoreload 637 Watching for file changes with StatReloader
INFO 2023-01-12 12:31:43,485 autoreload 251 /Users/hongyan/.virtualenvs/api_backend/lib/python3.10/site-packages/rest_framework/throttling.py changed, reloading.
INFO 2023-01-12 12:31:43,689 autoreload 637 Watching for file changes with StatReloader
INFO 2023-01-12 12:31:47,354 basehttp 161 "GET /api/book/ HTTP/1.1" 200 525
INFO 2023-01-12 12:32:51,072 autoreload 251 /Users/hongyan/.virtualenvs/api_backend/lib/python3.10/site-packages/rest_framework/throttling.py changed, reloading.
INFO 2023-01-12 12:32:51,289 autoreload 637 Watching for file changes with StatReloader
WARNING 2023-01-12 15:56:52,995 log 224 Unauthorized: /api/book/
WARNING 2023-01-12 15:56:52,996 basehttp 161 "GET /api/book/ HTTP/1.1" 401 35
WARNING 2023-01-12 15:56:53,873 log 224 Unauthorized: /api/book/
WARNING 2023-01-12 15:56:53,874 basehttp 161 "GET /api/book/ HTTP/1.1" 401 35
WARNING 2023-01-12 15:56:54,478 log 224 Unauthorized: /api/book/
WARNING 2023-01-12 15:56:54,479 basehttp 161 "GET /api/book/ HTTP/1.1" 401 35
INFO 2023-01-12 15:56:57,990 basehttp 161 "POST /login/get_token/ HTTP/1.1" 200 256
INFO 2023-01-12 15:57:14,822 autoreload 251 /Users/hongyan/PycharmProjects/api_backend/api_backend/settings.py changed, reloading.
INFO 2023-01-12 15:57:15,090 autoreload 637 Watching for file changes with StatReloader
INFO 2023-01-12 15:57:16,682 autoreload 637 Watching for file changes with StatReloader
INFO 2023-01-12 15:57:19,191 basehttp 161 "POST /login/get_token/ HTTP/1.1" 200 256
WARNING 2023-01-12 15:57:28,189 log 224 Unauthorized: /api/book/
WARNING 2023-01-12 15:57:28,190 basehttp 161 "GET /api/book/ HTTP/1.1" 401 38
WARNING 2023-01-12 15:57:31,764 log 224 Unauthorized: /api/book/
WARNING 2023-01-12 15:57:31,765 basehttp 161 "GET /api/book/ HTTP/1.1" 401 38
INFO 2023-01-12 15:57:41,682 basehttp 161 "GET /api/book/ HTTP/1.1" 200 525
INFO 2023-01-12 15:57:43,384 basehttp 161 "GET /api/book/ HTTP/1.1" 200 525
INFO 2023-01-12 15:57:43,897 basehttp 161 "GET /api/book/ HTTP/1.1" 200 525
INFO 2023-01-12 15:57:45,156 basehttp 161 "GET /api/book/ HTTP/1.1" 200 525
INFO 2023-01-12 15:57:45,685 basehttp 161 "GET /api/book/ HTTP/1.1" 200 525
INFO 2023-01-12 15:57:46,162 basehttp 161 "GET /api/book/ HTTP/1.1" 200 525
INFO 2023-01-12 15:57:46,568 basehttp 161 "GET /api/book/ HTTP/1.1" 200 525
INFO 2023-01-12 15:57:47,002 basehttp 161 "GET /api/book/ HTTP/1.1" 200 525
INFO 2023-01-12 15:57:47,412 basehttp 161 "GET /api/book/ HTTP/1.1" 200 525
INFO 2023-01-12 15:57:47,782 basehttp 161 "GET /api/book/ HTTP/1.1" 200 525
INFO 2023-01-12 15:57:48,223 basehttp 161 "GET /api/book/ HTTP/1.1" 200 525
INFO 2023-01-12 15:57:48,683 basehttp 161 "GET /api/book/ HTTP/1.1" 200 525
INFO 2023-01-12 15:57:49,121 basehttp 161 "GET /api/book/ HTTP/1.1" 200 525
INFO 2023-01-12 15:57:50,523 basehttp 161 "GET /api/book/ HTTP/1.1" 200 525
INFO 2023-01-12 15:57:50,981 basehttp 161 "GET /api/book/ HTTP/1.1" 200 525
INFO 2023-01-12 15:57:53,799 basehttp 161 "GET /api/book/ HTTP/1.1" 200 525
INFO 2023-01-12 15:57:54,388 basehttp 161 "GET /api/book/ HTTP/1.1" 200 525
INFO 2023-01-12 15:57:54,887 basehttp 161 "GET /api/book/ HTTP/1.1" 200 525
INFO 2023-01-12 15:57:55,439 basehttp 161 "GET /api/book/ HTTP/1.1" 200 525
INFO 2023-01-12 15:57:55,940 basehttp 161 "GET /api/book/ HTTP/1.1" 200 525
INFO 2023-01-12 15:57:56,430 basehttp 161 "GET /api/book/ HTTP/1.1" 200 525
INFO 2023-01-12 15:57:56,855 basehttp 161 "GET /api/book/ HTTP/1.1" 200 525
INFO 2023-01-12 15:57:57,358 basehttp 161 "GET /api/book/ HTTP/1.1" 200 525
INFO 2023-01-12 15:57:57,816 basehttp 161 "GET /api/book/ HTTP/1.1" 200 525
INFO 2023-01-12 15:57:58,258 basehttp 161 "GET /api/book/ HTTP/1.1" 200 525
INFO 2023-01-12 15:57:58,836 basehttp 161 "GET /api/book/ HTTP/1.1" 200 525
INFO 2023-01-12 15:57:59,878 basehttp 161 "GET /api/book/ HTTP/1.1" 200 525
INFO 2023-01-12 15:58:15,833 basehttp 161 "GET /api/book/ HTTP/1.1" 200 525
INFO 2023-01-12 15:58:46,857 autoreload 637 Watching for file changes with StatReloader
INFO 2023-01-12 15:58:49,037 basehttp 161 "GET /api/book/ HTTP/1.1" 200 525
INFO 2023-01-12 15:58:50,772 basehttp 161 "GET /api/book/ HTTP/1.1" 200 525
INFO 2023-01-12 15:59:02,493 basehttp 161 "GET /api/book/ HTTP/1.1" 200 525
INFO 2023-01-12 15:59:03,537 basehttp 161 "GET /api/book/ HTTP/1.1" 200 525
INFO 2023-01-12 15:59:11,802 autoreload 251 /Users/hongyan/PycharmProjects/api_backend/api_backend/settings.py changed, reloading.
INFO 2023-01-12 15:59:12,000 autoreload 637 Watching for file changes with StatReloader
INFO 2023-01-12 15:59:16,296 basehttp 161 "GET /api/book/ HTTP/1.1" 200 525
INFO 2023-01-12 15:59:46,028 autoreload 251 /Users/hongyan/PycharmProjects/api_backend/api/views.py changed, reloading.
INFO 2023-01-12 15:59:46,241 autoreload 637 Watching for file changes with StatReloader
INFO 2023-01-12 15:59:52,844 basehttp 161 "GET /api/book/ HTTP/1.1" 200 525
INFO 2023-01-12 15:59:54,040 basehttp 161 "GET /api/book/ HTTP/1.1" 200 525
INFO 2023-01-12 15:59:54,931 basehttp 161 "GET /api/book/ HTTP/1.1" 200 525
INFO 2023-01-12 16:00:03,890 basehttp 161 "GET /api/book/ HTTP/1.1" 200 525
INFO 2023-01-12 16:00:04,812 basehttp 161 "GET /api/book/ HTTP/1.1" 200 525
INFO 2023-01-12 16:02:06,109 autoreload 251 /Users/hongyan/PycharmProjects/api_backend/api/views.py changed, reloading.
INFO 2023-01-12 16:02:06,304 autoreload 637 Watching for file changes with StatReloader
INFO 2023-01-12 16:02:20,308 basehttp 161 "GET /api/book/ HTTP/1.1" 200 525
INFO 2023-01-12 16:02:20,915 basehttp 161 "GET /api/book/ HTTP/1.1" 200 525
INFO 2023-01-12 16:02:21,520 basehttp 161 "GET /api/book/ HTTP/1.1" 200 525
INFO 2023-01-12 16:02:24,259 basehttp 161 "GET /api/book/ HTTP/1.1" 200 525
INFO 2023-01-12 16:02:24,919 basehttp 161 "GET /api/book/ HTTP/1.1" 200 525
INFO 2023-01-12 16:02:25,485 basehttp 161 "GET /api/book/ HTTP/1.1" 200 525
INFO 2023-01-12 16:02:26,095 basehttp 161 "GET /api/book/ HTTP/1.1" 200 525
INFO 2023-01-12 16:02:26,623 basehttp 161 "GET /api/book/ HTTP/1.1" 200 525
INFO 2023-01-12 16:02:58,814 autoreload 251 /Users/hongyan/PycharmProjects/api_backend/api/views.py changed, reloading.
INFO 2023-01-12 16:02:59,003 autoreload 637 Watching for file changes with StatReloader
INFO 2023-01-12 16:03:02,185 autoreload 251 /Users/hongyan/PycharmProjects/api_backend/api/views.py changed, reloading.
INFO 2023-01-12 16:03:02,377 autoreload 637 Watching for file changes with StatReloader
INFO 2023-01-12 16:03:13,763 autoreload 251 /Users/hongyan/PycharmProjects/api_backend/api_backend/settings.py changed, reloading.
INFO 2023-01-12 16:03:13,959 autoreload 637 Watching for file changes with StatReloader
INFO 2023-01-12 16:03:26,395 autoreload 251 /Users/hongyan/PycharmProjects/api_backend/api/views.py changed, reloading.
INFO 2023-01-12 16:03:26,578 autoreload 637 Watching for file changes with StatReloader
INFO 2023-01-12 16:03:30,073 autoreload 637 Watching for file changes with StatReloader
INFO 2023-01-12 16:03:32,403 basehttp 161 "GET /api/book/ HTTP/1.1" 200 525
INFO 2023-01-12 16:03:33,203 basehttp 161 "GET /api/book/ HTTP/1.1" 200 525
INFO 2023-01-12 16:03:33,987 basehttp 161 "GET /api/book/ HTTP/1.1" 200 525
INFO 2023-01-12 16:03:34,822 basehttp 161 "GET /api/book/ HTTP/1.1" 200 525
INFO 2023-01-12 16:04:01,090 autoreload 251 /Users/hongyan/PycharmProjects/api_backend/api/views.py changed, reloading.
INFO 2023-01-12 16:04:01,291 autoreload 637 Watching for file changes with StatReloader
ERROR 2023-01-12 16:04:04,458 log 224 Internal Server Error: /api/book/
Traceback (most recent call last):
  File "/Users/hongyan/.virtualenvs/api_backend/lib/python3.10/site-packages/rest_framework/throttling.py", line 92, in get_rate
    return self.THROTTLE_RATES[self.scope]
KeyError: 'test'

During handling of the above exception, another exception occurred:

Traceback (most recent call last):
  File "/Users/hongyan/.virtualenvs/api_backend/lib/python3.10/site-packages/django/core/handlers/exception.py", line 47, in inner
    response = get_response(request)
  File "/Users/hongyan/.virtualenvs/api_backend/lib/python3.10/site-packages/django/core/handlers/base.py", line 181, in _get_response
    response = wrapped_callback(request, *callback_args, **callback_kwargs)
  File "/Users/hongyan/.virtualenvs/api_backend/lib/python3.10/site-packages/django/views/decorators/csrf.py", line 54, in wrapped_view
    return view_func(*args, **kwargs)
  File "/Users/hongyan/.virtualenvs/api_backend/lib/python3.10/site-packages/rest_framework/viewsets.py", line 125, in view
    return self.dispatch(request, *args, **kwargs)
  File "/Users/hongyan/.virtualenvs/api_backend/lib/python3.10/site-packages/rest_framework/views.py", line 509, in dispatch
    response = self.handle_exception(exc)
  File "/Users/hongyan/.virtualenvs/api_backend/lib/python3.10/site-packages/rest_framework/views.py", line 469, in handle_exception
    self.raise_uncaught_exception(exc)
  File "/Users/hongyan/.virtualenvs/api_backend/lib/python3.10/site-packages/rest_framework/views.py", line 480, in raise_uncaught_exception
    raise exc
  File "/Users/hongyan/.virtualenvs/api_backend/lib/python3.10/site-packages/rest_framework/views.py", line 497, in dispatch
    self.initial(request, *args, **kwargs)
  File "/Users/hongyan/.virtualenvs/api_backend/lib/python3.10/site-packages/rest_framework/views.py", line 416, in initial
    self.check_throttles(request)
  File "/Users/hongyan/.virtualenvs/api_backend/lib/python3.10/site-packages/rest_framework/views.py", line 359, in check_throttles
    if not throttle.allow_request(request, self):
  File "/Users/hongyan/.virtualenvs/api_backend/lib/python3.10/site-packages/rest_framework/throttling.py", line 229, in allow_request
    self.rate = self.get_rate()
  File "/Users/hongyan/.virtualenvs/api_backend/lib/python3.10/site-packages/rest_framework/throttling.py", line 95, in get_rate
    raise ImproperlyConfigured(msg)
django.core.exceptions.ImproperlyConfigured: No default throttle rate set for 'test' scope
ERROR 2023-01-12 16:04:04,458 basehttp 161 "GET /api/book/ HTTP/1.1" 500 110512
ERROR 2023-01-12 16:04:05,132 log 224 Internal Server Error: /api/book/
Traceback (most recent call last):
  File "/Users/hongyan/.virtualenvs/api_backend/lib/python3.10/site-packages/rest_framework/throttling.py", line 92, in get_rate
    return self.THROTTLE_RATES[self.scope]
KeyError: 'test'

During handling of the above exception, another exception occurred:

Traceback (most recent call last):
  File "/Users/hongyan/.virtualenvs/api_backend/lib/python3.10/site-packages/django/core/handlers/exception.py", line 47, in inner
    response = get_response(request)
  File "/Users/hongyan/.virtualenvs/api_backend/lib/python3.10/site-packages/django/core/handlers/base.py", line 181, in _get_response
    response = wrapped_callback(request, *callback_args, **callback_kwargs)
  File "/Users/hongyan/.virtualenvs/api_backend/lib/python3.10/site-packages/django/views/decorators/csrf.py", line 54, in wrapped_view
    return view_func(*args, **kwargs)
  File "/Users/hongyan/.virtualenvs/api_backend/lib/python3.10/site-packages/rest_framework/viewsets.py", line 125, in view
    return self.dispatch(request, *args, **kwargs)
  File "/Users/hongyan/.virtualenvs/api_backend/lib/python3.10/site-packages/rest_framework/views.py", line 509, in dispatch
    response = self.handle_exception(exc)
  File "/Users/hongyan/.virtualenvs/api_backend/lib/python3.10/site-packages/rest_framework/views.py", line 469, in handle_exception
    self.raise_uncaught_exception(exc)
  File "/Users/hongyan/.virtualenvs/api_backend/lib/python3.10/site-packages/rest_framework/views.py", line 480, in raise_uncaught_exception
    raise exc
  File "/Users/hongyan/.virtualenvs/api_backend/lib/python3.10/site-packages/rest_framework/views.py", line 497, in dispatch
    self.initial(request, *args, **kwargs)
  File "/Users/hongyan/.virtualenvs/api_backend/lib/python3.10/site-packages/rest_framework/views.py", line 416, in initial
    self.check_throttles(request)
  File "/Users/hongyan/.virtualenvs/api_backend/lib/python3.10/site-packages/rest_framework/views.py", line 359, in check_throttles
    if not throttle.allow_request(request, self):
  File "/Users/hongyan/.virtualenvs/api_backend/lib/python3.10/site-packages/rest_framework/throttling.py", line 229, in allow_request
    self.rate = self.get_rate()
  File "/Users/hongyan/.virtualenvs/api_backend/lib/python3.10/site-packages/rest_framework/throttling.py", line 95, in get_rate
    raise ImproperlyConfigured(msg)
django.core.exceptions.ImproperlyConfigured: No default throttle rate set for 'test' scope
ERROR 2023-01-12 16:04:05,132 basehttp 161 "GET /api/book/ HTTP/1.1" 500 110512
INFO 2023-01-12 16:04:37,373 autoreload 251 /Users/hongyan/PycharmProjects/api_backend/api_backend/settings.py changed, reloading.
INFO 2023-01-12 16:04:37,561 autoreload 637 Watching for file changes with StatReloader
ERROR 2023-01-12 16:04:41,048 log 224 Internal Server Error: /api/book/
Traceback (most recent call last):
  File "/Users/hongyan/.virtualenvs/api_backend/lib/python3.10/site-packages/rest_framework/throttling.py", line 92, in get_rate
    return self.THROTTLE_RATES[self.scope]
KeyError: 'test'

During handling of the above exception, another exception occurred:

Traceback (most recent call last):
  File "/Users/hongyan/.virtualenvs/api_backend/lib/python3.10/site-packages/django/core/handlers/exception.py", line 47, in inner
    response = get_response(request)
  File "/Users/hongyan/.virtualenvs/api_backend/lib/python3.10/site-packages/django/core/handlers/base.py", line 181, in _get_response
    response = wrapped_callback(request, *callback_args, **callback_kwargs)
  File "/Users/hongyan/.virtualenvs/api_backend/lib/python3.10/site-packages/django/views/decorators/csrf.py", line 54, in wrapped_view
    return view_func(*args, **kwargs)
  File "/Users/hongyan/.virtualenvs/api_backend/lib/python3.10/site-packages/rest_framework/viewsets.py", line 125, in view
    return self.dispatch(request, *args, **kwargs)
  File "/Users/hongyan/.virtualenvs/api_backend/lib/python3.10/site-packages/rest_framework/views.py", line 509, in dispatch
    response = self.handle_exception(exc)
  File "/Users/hongyan/.virtualenvs/api_backend/lib/python3.10/site-packages/rest_framework/views.py", line 469, in handle_exception
    self.raise_uncaught_exception(exc)
  File "/Users/hongyan/.virtualenvs/api_backend/lib/python3.10/site-packages/rest_framework/views.py", line 480, in raise_uncaught_exception
    raise exc
  File "/Users/hongyan/.virtualenvs/api_backend/lib/python3.10/site-packages/rest_framework/views.py", line 497, in dispatch
    self.initial(request, *args, **kwargs)
  File "/Users/hongyan/.virtualenvs/api_backend/lib/python3.10/site-packages/rest_framework/views.py", line 416, in initial
    self.check_throttles(request)
  File "/Users/hongyan/.virtualenvs/api_backend/lib/python3.10/site-packages/rest_framework/views.py", line 359, in check_throttles
    if not throttle.allow_request(request, self):
  File "/Users/hongyan/.virtualenvs/api_backend/lib/python3.10/site-packages/rest_framework/throttling.py", line 229, in allow_request
    self.rate = self.get_rate()
  File "/Users/hongyan/.virtualenvs/api_backend/lib/python3.10/site-packages/rest_framework/throttling.py", line 95, in get_rate
    raise ImproperlyConfigured(msg)
django.core.exceptions.ImproperlyConfigured: No default throttle rate set for 'test' scope
ERROR 2023-01-12 16:04:41,049 basehttp 161 "GET /api/book/ HTTP/1.1" 500 110340
INFO 2023-01-12 16:04:57,218 autoreload 251 /Users/hongyan/PycharmProjects/api_backend/api/views.py changed, reloading.
INFO 2023-01-12 16:04:57,420 autoreload 637 Watching for file changes with StatReloader
INFO 2023-01-12 16:04:58,712 basehttp 161 "GET /api/book/ HTTP/1.1" 200 525
INFO 2023-01-12 16:05:02,954 basehttp 161 "GET /api/book/ HTTP/1.1" 200 525
INFO 2023-01-12 16:05:03,581 basehttp 161 "GET /api/book/ HTTP/1.1" 200 525
INFO 2023-01-12 16:05:04,198 basehttp 161 "GET /api/book/ HTTP/1.1" 200 525
INFO 2023-01-12 16:05:04,817 basehttp 161 "GET /api/book/ HTTP/1.1" 200 525
INFO 2023-01-12 16:05:05,375 basehttp 161 "GET /api/book/ HTTP/1.1" 200 525
INFO 2023-01-12 16:05:05,816 basehttp 161 "GET /api/book/ HTTP/1.1" 200 525
INFO 2023-01-12 16:05:06,276 basehttp 161 "GET /api/book/ HTTP/1.1" 200 525
INFO 2023-01-12 16:38:12,366 autoreload 251 /Users/hongyan/PycharmProjects/api_backend/api/views.py changed, reloading.
INFO 2023-01-12 16:38:12,633 autoreload 637 Watching for file changes with StatReloader
INFO 2023-01-12 16:38:26,639 basehttp 161 "GET /api/book/ HTTP/1.1" 200 525
INFO 2023-01-12 16:38:27,328 basehttp 161 "GET /api/book/ HTTP/1.1" 200 525
INFO 2023-01-12 16:38:27,920 basehttp 161 "GET /api/book/ HTTP/1.1" 200 525
INFO 2023-01-12 16:38:28,526 basehttp 161 "GET /api/book/ HTTP/1.1" 200 525
INFO 2023-01-12 16:38:29,160 basehttp 161 "GET /api/book/ HTTP/1.1" 200 525
INFO 2023-01-12 16:38:36,431 autoreload 251 /Users/hongyan/PycharmProjects/api_backend/api_backend/settings.py changed, reloading.
INFO 2023-01-12 16:38:36,631 autoreload 637 Watching for file changes with StatReloader
INFO 2023-01-12 16:39:35,186 autoreload 251 /Users/hongyan/PycharmProjects/api_backend/api_backend/settings.py changed, reloading.
INFO 2023-01-12 16:39:35,368 autoreload 637 Watching for file changes with StatReloader
INFO 2023-01-12 16:53:36,568 autoreload 251 /Users/hongyan/PycharmProjects/api_backend/api_backend/settings.py changed, reloading.
INFO 2023-01-12 16:53:36,799 autoreload 637 Watching for file changes with StatReloader
INFO 2023-01-12 16:53:44,097 autoreload 251 /Users/hongyan/PycharmProjects/api_backend/api_backend/settings.py changed, reloading.
INFO 2023-01-12 16:53:44,282 autoreload 637 Watching for file changes with StatReloader
INFO 2023-01-12 16:55:34,097 autoreload 251 /Users/hongyan/.virtualenvs/api_backend/lib/python3.10/site-packages/rest_framework/throttling.py changed, reloading.
INFO 2023-01-12 16:55:34,309 autoreload 637 Watching for file changes with StatReloader
INFO 2023-01-12 16:55:46,723 autoreload 251 /Users/hongyan/PycharmProjects/api_backend/api/views.py changed, reloading.
INFO 2023-01-12 16:55:46,903 autoreload 637 Watching for file changes with StatReloader
INFO 2023-01-12 16:55:54,449 basehttp 161 "GET /api/book/ HTTP/1.1" 200 525
INFO 2023-01-12 16:56:29,169 autoreload 251 /Users/hongyan/.virtualenvs/api_backend/lib/python3.10/site-packages/rest_framework/throttling.py changed, reloading.
INFO 2023-01-12 16:56:29,394 autoreload 637 Watching for file changes with StatReloader
INFO 2023-01-12 17:06:42,292 autoreload 637 Watching for file changes with StatReloader
INFO 2023-01-12 17:11:10,464 autoreload 251 /Users/hongyan/PycharmProjects/api_backend/api_backend/settings.py changed, reloading.
INFO 2023-01-12 17:11:10,653 autoreload 637 Watching for file changes with StatReloader
INFO 2023-01-12 17:11:47,735 autoreload 251 /Users/hongyan/PycharmProjects/api_backend/api_backend/settings.py changed, reloading.
INFO 2023-01-12 17:11:47,938 autoreload 637 Watching for file changes with StatReloader
INFO 2023-01-12 17:12:01,323 autoreload 637 Watching for file changes with StatReloader
INFO 2023-01-12 17:23:26,871 autoreload 251 /Users/hongyan/PycharmProjects/api_backend/api_backend/settings.py changed, reloading.
INFO 2023-01-12 17:23:27,070 autoreload 637 Watching for file changes with StatReloader
INFO 2023-01-12 17:23:35,579 autoreload 637 Watching for file changes with StatReloader
INFO 2023-01-12 17:24:11,433 autoreload 251 /Users/hongyan/PycharmProjects/api_backend/api_backend/settings.py changed, reloading.
INFO 2023-01-12 17:24:11,635 autoreload 637 Watching for file changes with StatReloader
INFO 2023-01-12 17:24:14,805 autoreload 251 /Users/hongyan/PycharmProjects/api_backend/api_backend/settings.py changed, reloading.
INFO 2023-01-12 17:24:15,022 autoreload 637 Watching for file changes with StatReloader
INFO 2023-01-12 17:24:38,665 basehttp 161 "GET /api/book/ HTTP/1.1" 200 525
INFO 2023-01-12 17:24:39,568 basehttp 161 "GET /api/book/ HTTP/1.1" 200 525
INFO 2023-01-12 17:24:40,252 basehttp 161 "GET /api/book/ HTTP/1.1" 200 525
INFO 2023-01-12 17:24:40,631 basehttp 161 "GET /api/book/ HTTP/1.1" 200 525
INFO 2023-01-12 17:24:41,018 basehttp 161 "GET /api/book/ HTTP/1.1" 200 525
INFO 2023-01-12 17:24:42,278 basehttp 161 "GET /api/book/ HTTP/1.1" 200 525
INFO 2023-01-12 17:24:42,825 basehttp 161 "GET /api/book/ HTTP/1.1" 200 525
INFO 2023-01-12 17:24:43,380 basehttp 161 "GET /api/book/ HTTP/1.1" 200 525
INFO 2023-01-12 17:24:43,801 basehttp 161 "GET /api/book/ HTTP/1.1" 200 525
INFO 2023-01-12 17:24:49,590 autoreload 637 Watching for file changes with StatReloader
INFO 2023-01-12 17:24:56,890 autoreload 251 /Users/hongyan/PycharmProjects/api_backend/api_backend/settings.py changed, reloading.
INFO 2023-01-12 17:24:57,082 autoreload 637 Watching for file changes with StatReloader
INFO 2023-01-12 17:25:13,989 autoreload 637 Watching for file changes with StatReloader
INFO 2023-01-12 17:25:16,302 basehttp 161 "GET /api/book/ HTTP/1.1" 200 525
INFO 2023-01-12 17:25:16,884 basehttp 161 "GET /api/book/ HTTP/1.1" 200 525
INFO 2023-01-12 17:25:17,539 basehttp 161 "GET /api/book/ HTTP/1.1" 200 525
INFO 2023-01-12 17:25:18,182 basehttp 161 "GET /api/book/ HTTP/1.1" 200 525
INFO 2023-01-12 17:25:18,808 basehttp 161 "GET /api/book/ HTTP/1.1" 200 525
INFO 2023-01-12 17:25:19,400 basehttp 161 "GET /api/book/ HTTP/1.1" 200 525
INFO 2023-01-12 17:25:20,043 basehttp 161 "GET /api/book/ HTTP/1.1" 200 525
INFO 2023-01-12 17:25:20,687 basehttp 161 "GET /api/book/ HTTP/1.1" 200 525
INFO 2023-01-12 17:25:21,329 basehttp 161 "GET /api/book/ HTTP/1.1" 200 525
INFO 2023-01-12 17:25:21,885 basehttp 161 "GET /api/book/ HTTP/1.1" 200 525
INFO 2023-01-12 17:25:22,496 basehttp 161 "GET /api/book/ HTTP/1.1" 200 525
INFO 2023-01-12 17:25:23,099 basehttp 161 "GET /api/book/ HTTP/1.1" 200 525
INFO 2023-01-12 17:25:23,602 basehttp 161 "GET /api/book/ HTTP/1.1" 200 525
INFO 2023-01-12 17:25:24,186 basehttp 161 "GET /api/book/ HTTP/1.1" 200 525
INFO 2023-01-12 17:25:24,773 basehttp 161 "GET /api/book/ HTTP/1.1" 200 525
INFO 2023-01-12 17:25:25,365 basehttp 161 "GET /api/book/ HTTP/1.1" 200 525
INFO 2023-01-12 17:25:26,372 basehttp 161 "GET /api/book/ HTTP/1.1" 200 525
INFO 2023-01-12 17:36:20,187 autoreload 251 /Users/hongyan/PycharmProjects/api_backend/api/views.py changed, reloading.
INFO 2023-01-12 17:36:20,397 autoreload 637 Watching for file changes with StatReloader
INFO 2023-01-12 17:36:24,923 basehttp 161 "GET /api/book/ HTTP/1.1" 200 525
INFO 2023-01-12 17:36:25,704 basehttp 161 "GET /api/book/ HTTP/1.1" 200 525
INFO 2023-01-12 17:36:26,132 basehttp 161 "GET /api/book/ HTTP/1.1" 200 525
INFO 2023-01-12 17:36:28,064 basehttp 161 "GET /api/book/ HTTP/1.1" 200 525
INFO 2023-01-12 17:44:23,469 basehttp 161 "GET /api/book/ HTTP/1.1" 200 525
INFO 2023-01-12 17:44:45,862 autoreload 251 /Users/hongyan/PycharmProjects/api_backend/api/views.py changed, reloading.
INFO 2023-01-12 17:44:46,173 autoreload 637 Watching for file changes with StatReloader
INFO 2023-01-12 17:44:48,678 basehttp 161 "GET /api/book/ HTTP/1.1" 200 525
INFO 2023-01-12 17:44:54,982 basehttp 161 "GET /api/book/ HTTP/1.1" 200 525
INFO 2023-01-12 17:47:14,658 autoreload 251 /Users/hongyan/PycharmProjects/api_backend/api_backend/settings.py changed, reloading.
INFO 2023-01-12 17:47:14,867 autoreload 637 Watching for file changes with StatReloader
INFO 2023-01-12 17:47:39,485 autoreload 251 /Users/hongyan/.virtualenvs/api_backend/lib/python3.10/site-packages/rest_framework/throttling.py changed, reloading.
INFO 2023-01-12 17:47:39,673 autoreload 637 Watching for file changes with StatReloader
INFO 2023-01-12 17:47:47,993 autoreload 637 Watching for file changes with StatReloader
INFO 2023-01-12 17:47:51,192 autoreload 637 Watching for file changes with StatReloader
INFO 2023-01-12 17:48:07,681 autoreload 251 /Users/hongyan/.virtualenvs/api_backend/lib/python3.10/site-packages/rest_framework/throttling.py changed, reloading.
INFO 2023-01-12 17:48:07,908 autoreload 637 Watching for file changes with StatReloader
INFO 2023-01-12 17:48:16,928 autoreload 637 Watching for file changes with StatReloader
INFO 2023-01-12 17:48:20,507 basehttp 161 "GET /api/book/ HTTP/1.1" 200 525
INFO 2023-01-12 17:48:47,851 autoreload 251 /Users/hongyan/.virtualenvs/api_backend/lib/python3.10/site-packages/rest_framework/throttling.py changed, reloading.
INFO 2023-01-12 17:48:48,045 autoreload 637 Watching for file changes with StatReloader
INFO 2023-01-12 17:48:48,750 autoreload 637 Watching for file changes with StatReloader
INFO 2023-01-12 17:48:51,824 basehttp 161 "GET /api/book/ HTTP/1.1" 200 525
INFO 2023-01-12 17:49:18,720 autoreload 251 /Users/hongyan/.virtualenvs/api_backend/lib/python3.10/site-packages/rest_framework/throttling.py changed, reloading.
INFO 2023-01-12 17:49:18,928 autoreload 637 Watching for file changes with StatReloader
INFO 2023-01-12 17:49:28,285 autoreload 251 /Users/hongyan/.virtualenvs/api_backend/lib/python3.10/site-packages/rest_framework/throttling.py changed, reloading.
INFO 2023-01-12 17:49:28,482 autoreload 637 Watching for file changes with StatReloader
INFO 2023-01-12 17:49:29,675 autoreload 637 Watching for file changes with StatReloader
INFO 2023-01-12 17:49:32,038 basehttp 161 "GET /api/book/ HTTP/1.1" 200 525
INFO 2023-01-12 17:50:15,908 autoreload 251 /Users/hongyan/PycharmProjects/api_backend/api_backend/settings.py changed, reloading.
INFO 2023-01-12 17:50:16,099 autoreload 637 Watching for file changes with StatReloader
INFO 2023-01-12 17:50:22,401 basehttp 161 "GET /api/book/ HTTP/1.1" 200 525
INFO 2023-01-12 17:50:56,236 autoreload 251 /Users/hongyan/.virtualenvs/api_backend/lib/python3.10/site-packages/rest_framework/throttling.py changed, reloading.
INFO 2023-01-12 17:50:56,422 autoreload 637 Watching for file changes with StatReloader
INFO 2023-01-12 17:50:58,687 autoreload 637 Watching for file changes with StatReloader
ERROR 2023-01-12 17:51:01,197 log 224 Internal Server Error: /api/book/
Traceback (most recent call last):
  File "/Users/hongyan/.virtualenvs/api_backend/lib/python3.10/site-packages/django/core/handlers/exception.py", line 47, in inner
    response = get_response(request)
  File "/Users/hongyan/.virtualenvs/api_backend/lib/python3.10/site-packages/django/core/handlers/base.py", line 181, in _get_response
    response = wrapped_callback(request, *callback_args, **callback_kwargs)
  File "/Users/hongyan/.virtualenvs/api_backend/lib/python3.10/site-packages/django/views/decorators/csrf.py", line 54, in wrapped_view
    return view_func(*args, **kwargs)
  File "/Users/hongyan/.virtualenvs/api_backend/lib/python3.10/site-packages/rest_framework/viewsets.py", line 125, in view
    return self.dispatch(request, *args, **kwargs)
  File "/Users/hongyan/.virtualenvs/api_backend/lib/python3.10/site-packages/rest_framework/views.py", line 509, in dispatch
    response = self.handle_exception(exc)
  File "/Users/hongyan/.virtualenvs/api_backend/lib/python3.10/site-packages/rest_framework/views.py", line 469, in handle_exception
    self.raise_uncaught_exception(exc)
  File "/Users/hongyan/.virtualenvs/api_backend/lib/python3.10/site-packages/rest_framework/views.py", line 480, in raise_uncaught_exception
    raise exc
  File "/Users/hongyan/.virtualenvs/api_backend/lib/python3.10/site-packages/rest_framework/views.py", line 497, in dispatch
    self.initial(request, *args, **kwargs)
  File "/Users/hongyan/.virtualenvs/api_backend/lib/python3.10/site-packages/rest_framework/views.py", line 416, in initial
    self.check_throttles(request)
  File "/Users/hongyan/.virtualenvs/api_backend/lib/python3.10/site-packages/rest_framework/views.py", line 359, in check_throttles
    if not throttle.allow_request(request, self):
  File "/Users/hongyan/.virtualenvs/api_backend/lib/python3.10/site-packages/rest_framework/throttling.py", line 132, in allow_request
    if len(self.history) >= self.num_requests:
TypeError: '>=' not supported between instances of 'int' and 'NoneType'
ERROR 2023-01-12 17:51:01,198 basehttp 161 "GET /api/book/ HTTP/1.1" 500 102055
INFO 2023-01-12 17:51:15,298 autoreload 251 /Users/hongyan/.virtualenvs/api_backend/lib/python3.10/site-packages/rest_framework/throttling.py changed, reloading.
INFO 2023-01-12 17:51:15,487 autoreload 637 Watching for file changes with StatReloader
INFO 2023-01-12 17:53:43,335 autoreload 251 /Users/hongyan/PycharmProjects/api_backend/api_backend/settings.py changed, reloading.
INFO 2023-01-12 17:53:43,529 autoreload 637 Watching for file changes with StatReloader
INFO 2023-01-12 17:54:04,123 autoreload 251 /Users/hongyan/.virtualenvs/api_backend/lib/python3.10/site-packages/rest_framework/throttling.py changed, reloading.
INFO 2023-01-12 17:56:02,055 autoreload 637 Watching for file changes with StatReloader
INFO 2023-01-12 17:56:06,252 basehttp 161 "GET /api/book/ HTTP/1.1" 200 525
INFO 2023-01-12 17:56:07,204 basehttp 161 "GET /api/book/ HTTP/1.1" 200 525
INFO 2023-01-12 17:56:07,827 basehttp 161 "GET /api/book/ HTTP/1.1" 200 525
INFO 2023-01-12 17:56:08,408 basehttp 161 "GET /api/book/ HTTP/1.1" 200 525
INFO 2023-01-12 17:56:09,030 basehttp 161 "GET /api/book/ HTTP/1.1" 200 525
INFO 2023-01-12 17:56:09,631 basehttp 161 "GET /api/book/ HTTP/1.1" 200 525
INFO 2023-01-12 17:56:10,475 basehttp 161 "GET /api/book/ HTTP/1.1" 200 525
INFO 2023-01-12 17:56:11,314 basehttp 161 "GET /api/book/ HTTP/1.1" 200 525
INFO 2023-01-12 17:56:58,699 autoreload 251 /Users/hongyan/PycharmProjects/api_backend/api_backend/settings.py changed, reloading.
INFO 2023-01-12 17:57:15,682 autoreload 637 Watching for file changes with StatReloader
INFO 2023-01-12 17:57:18,366 basehttp 161 "GET /api/book/ HTTP/1.1" 200 525
INFO 2023-01-12 17:57:18,918 basehttp 161 "GET /api/book/ HTTP/1.1" 200 525
INFO 2023-01-12 17:57:19,502 basehttp 161 "GET /api/book/ HTTP/1.1" 200 525
INFO 2023-01-12 17:57:20,073 basehttp 161 "GET /api/book/ HTTP/1.1" 200 525
INFO 2023-01-12 17:57:20,628 basehttp 161 "GET /api/book/ HTTP/1.1" 200 525
INFO 2023-01-12 17:58:01,919 autoreload 251 /Users/hongyan/PycharmProjects/api_backend/api/views.py changed, reloading.
INFO 2023-01-12 17:58:02,119 autoreload 637 Watching for file changes with StatReloader
INFO 2023-01-12 17:58:05,274 basehttp 161 "GET /api/book/ HTTP/1.1" 200 525
INFO 2023-01-12 17:58:06,087 basehttp 161 "GET /api/book/ HTTP/1.1" 200 525
INFO 2023-01-12 17:58:07,042 basehttp 161 "GET /api/book/ HTTP/1.1" 200 525
INFO 2023-01-12 17:58:07,714 basehttp 161 "GET /api/book/ HTTP/1.1" 200 525
INFO 2023-01-12 17:58:17,636 autoreload 251 /Users/hongyan/PycharmProjects/api_backend/api/views.py changed, reloading.
INFO 2023-01-12 17:58:17,869 autoreload 637 Watching for file changes with StatReloader
INFO 2023-01-12 17:58:20,724 basehttp 161 "GET /api/book/ HTTP/1.1" 200 525
INFO 2023-01-12 17:58:21,941 basehttp 161 "GET /api/book/ HTTP/1.1" 200 525
INFO 2023-01-12 17:58:22,601 basehttp 161 "GET /api/book/ HTTP/1.1" 200 525
INFO 2023-01-12 17:58:50,868 autoreload 251 /Users/hongyan/PycharmProjects/api_backend/api/views.py changed, reloading.
INFO 2023-01-12 17:58:51,067 autoreload 637 Watching for file changes with StatReloader
INFO 2023-01-12 17:58:52,162 autoreload 637 Watching for file changes with StatReloader
INFO 2023-01-12 17:58:54,699 basehttp 161 "GET /api/book/ HTTP/1.1" 200 525
INFO 2023-01-12 17:58:55,324 basehttp 161 "GET /api/book/ HTTP/1.1" 200 525
INFO 2023-01-12 17:58:55,904 basehttp 161 "GET /api/book/ HTTP/1.1" 200 525
INFO 2023-01-12 17:59:03,590 autoreload 251 /Users/hongyan/PycharmProjects/api_backend/api_backend/settings.py changed, reloading.
INFO 2023-01-12 17:59:03,820 autoreload 637 Watching for file changes with StatReloader
INFO 2023-01-12 17:59:07,067 basehttp 161 "GET /api/book/ HTTP/1.1" 200 525
INFO 2023-01-12 17:59:07,644 basehttp 161 "GET /api/book/ HTTP/1.1" 200 525
INFO 2023-01-12 17:59:08,207 basehttp 161 "GET /api/book/ HTTP/1.1" 200 525
INFO 2023-01-12 18:00:29,925 autoreload 251 /Users/hongyan/PycharmProjects/api_backend/api/views.py changed, reloading.
INFO 2023-01-12 18:00:30,109 autoreload 637 Watching for file changes with StatReloader
INFO 2023-01-12 18:00:39,330 autoreload 251 /Users/hongyan/PycharmProjects/api_backend/api/views.py changed, reloading.
INFO 2023-01-12 18:00:39,509 autoreload 637 Watching for file changes with StatReloader
INFO 2023-01-12 18:00:56,985 autoreload 251 /Users/hongyan/PycharmProjects/api_backend/api/views.py changed, reloading.
INFO 2023-01-12 18:00:57,204 autoreload 637 Watching for file changes with StatReloader
INFO 2023-01-12 18:01:00,328 autoreload 251 /Users/hongyan/PycharmProjects/api_backend/api/views.py changed, reloading.
INFO 2023-01-12 18:01:00,547 autoreload 637 Watching for file changes with StatReloader
INFO 2023-01-12 18:01:02,326 autoreload 637 Watching for file changes with StatReloader
INFO 2023-01-12 18:01:03,879 basehttp 161 "GET /api/book/ HTTP/1.1" 200 525
INFO 2023-01-12 18:01:04,581 basehttp 161 "GET /api/book/ HTTP/1.1" 200 525
INFO 2023-01-12 18:01:05,145 basehttp 161 "GET /api/book/ HTTP/1.1" 200 525
INFO 2023-01-12 18:01:05,714 basehttp 161 "GET /api/book/ HTTP/1.1" 200 525
INFO 2023-01-12 18:01:20,321 basehttp 161 "GET /api/book/ HTTP/1.1" 200 525
INFO 2023-01-12 18:01:21,837 basehttp 161 "GET /api/book/ HTTP/1.1" 200 525
INFO 2023-01-12 18:01:27,122 autoreload 251 /Users/hongyan/PycharmProjects/api_backend/api/views.py changed, reloading.
INFO 2023-01-12 18:01:27,319 autoreload 637 Watching for file changes with StatReloader
INFO 2023-01-12 18:01:27,830 basehttp 161 "GET /api/book/ HTTP/1.1" 200 525
INFO 2023-01-12 18:01:28,880 basehttp 161 "GET /api/book/ HTTP/1.1" 200 525
INFO 2023-01-12 18:01:29,796 basehttp 161 "GET /api/book/ HTTP/1.1" 200 525
INFO 2023-01-12 18:01:30,835 basehttp 161 "GET /api/book/ HTTP/1.1" 200 525
INFO 2023-01-12 18:01:31,638 basehttp 161 "GET /api/book/ HTTP/1.1" 200 525
INFO 2023-01-12 18:01:56,244 autoreload 251 /Users/hongyan/PycharmProjects/api_backend/api/views.py changed, reloading.
INFO 2023-01-12 18:01:56,451 autoreload 637 Watching for file changes with StatReloader
INFO 2023-01-12 18:01:57,692 basehttp 161 "GET /api/book/ HTTP/1.1" 200 525
INFO 2023-01-12 18:01:58,800 basehttp 161 "GET /api/book/ HTTP/1.1" 200 525
INFO 2023-01-12 18:01:59,798 basehttp 161 "GET /api/book/ HTTP/1.1" 200 525
INFO 2023-01-12 18:04:13,078 autoreload 251 /Users/hongyan/PycharmProjects/api_backend/api_backend/settings.py changed, reloading.
INFO 2023-01-12 18:04:13,258 autoreload 637 Watching for file changes with StatReloader
INFO 2023-01-12 18:04:16,459 autoreload 251 /Users/hongyan/PycharmProjects/api_backend/api_backend/settings.py changed, reloading.
INFO 2023-01-12 18:04:16,641 autoreload 637 Watching for file changes with StatReloader
INFO 2023-01-12 18:04:56,793 autoreload 251 /Users/hongyan/PycharmProjects/api_backend/api/views.py changed, reloading.
INFO 2023-01-12 18:04:57,010 autoreload 637 Watching for file changes with StatReloader
INFO 2023-01-12 18:05:00,260 basehttp 161 "GET /api/book/ HTTP/1.1" 200 525
INFO 2023-01-12 18:05:00,915 basehttp 161 "GET /api/book/ HTTP/1.1" 200 525
INFO 2023-01-12 18:05:01,458 basehttp 161 "GET /api/book/ HTTP/1.1" 200 525
INFO 2023-01-12 18:05:02,028 basehttp 161 "GET /api/book/ HTTP/1.1" 200 525
INFO 2023-01-12 18:05:02,614 basehttp 161 "GET /api/book/ HTTP/1.1" 200 525
INFO 2023-01-12 18:05:03,191 basehttp 161 "GET /api/book/ HTTP/1.1" 200 525
INFO 2023-01-12 18:05:03,687 basehttp 161 "GET /api/book/ HTTP/1.1" 200 525
INFO 2023-01-12 18:05:04,241 basehttp 161 "GET /api/book/ HTTP/1.1" 200 525
INFO 2023-01-12 18:05:04,697 basehttp 161 "GET /api/book/ HTTP/1.1" 200 525
INFO 2023-01-12 18:05:15,781 autoreload 251 /Users/hongyan/PycharmProjects/api_backend/api/views.py changed, reloading.
INFO 2023-01-12 18:05:15,970 autoreload 637 Watching for file changes with StatReloader
INFO 2023-01-12 18:08:13,765 autoreload 251 /Users/hongyan/PycharmProjects/api_backend/api/views.py changed, reloading.
INFO 2023-01-12 18:08:13,965 autoreload 637 Watching for file changes with StatReloader
INFO 2023-01-12 18:12:53,103 autoreload 251 /Users/hongyan/PycharmProjects/api_backend/api_backend/settings.py changed, reloading.
INFO 2023-01-12 18:12:53,319 autoreload 637 Watching for file changes with StatReloader
INFO 2023-01-12 18:14:30,180 autoreload 637 Watching for file changes with StatReloader
INFO 2023-01-12 18:15:46,179 autoreload 251 /Users/hongyan/.virtualenvs/api_backend/lib/python3.10/site-packages/rest_framework/throttling.py changed, reloading.
INFO 2023-01-12 18:15:46,387 autoreload 637 Watching for file changes with StatReloader
INFO 2023-01-12 18:15:51,862 basehttp 161 "GET /api/book/ HTTP/1.1" 200 525
INFO 2023-01-12 18:15:52,561 basehttp 161 "GET /api/book/ HTTP/1.1" 200 525
INFO 2023-01-12 18:15:53,250 basehttp 161 "GET /api/book/ HTTP/1.1" 200 525
INFO 2023-01-12 18:15:53,831 basehttp 161 "GET /api/book/ HTTP/1.1" 200 525
INFO 2023-01-12 18:15:54,398 basehttp 161 "GET /api/book/ HTTP/1.1" 200 525
INFO 2023-01-12 18:15:58,471 autoreload 637 Watching for file changes with StatReloader
INFO 2023-01-12 18:16:01,415 basehttp 161 "GET /api/book/ HTTP/1.1" 200 525
INFO 2023-01-12 18:16:02,132 basehttp 161 "GET /api/book/ HTTP/1.1" 200 525
INFO 2023-01-12 18:16:02,967 basehttp 161 "GET /api/book/ HTTP/1.1" 200 525
INFO 2023-01-12 18:16:03,504 basehttp 161 "GET /api/book/ HTTP/1.1" 200 525
INFO 2023-01-12 18:16:04,165 basehttp 161 "GET /api/book/ HTTP/1.1" 200 525
INFO 2023-01-12 18:16:04,855 basehttp 161 "GET /api/book/ HTTP/1.1" 200 525
INFO 2023-01-12 18:16:05,599 basehttp 161 "GET /api/book/ HTTP/1.1" 200 525
INFO 2023-01-12 18:16:06,265 basehttp 161 "GET /api/book/ HTTP/1.1" 200 525
INFO 2023-01-12 18:16:06,885 basehttp 161 "GET /api/book/ HTTP/1.1" 200 525
INFO 2023-01-12 18:16:07,527 basehttp 161 "GET /api/book/ HTTP/1.1" 200 525
INFO 2023-01-12 18:16:21,190 autoreload 251 /Users/hongyan/PycharmProjects/api_backend/api/views.py changed, reloading.
INFO 2023-01-12 18:16:21,376 autoreload 637 Watching for file changes with StatReloader
INFO 2023-01-12 18:16:22,766 basehttp 161 "GET /api/book/ HTTP/1.1" 200 525
INFO 2023-01-12 18:16:23,402 basehttp 161 "GET /api/book/ HTTP/1.1" 200 525
INFO 2023-01-12 18:16:24,016 basehttp 161 "GET /api/book/ HTTP/1.1" 200 525
WARNING 2023-01-12 18:16:24,513 log 224 Too Many Requests: /api/book/
WARNING 2023-01-12 18:16:24,513 basehttp 161 "GET /api/book/ HTTP/1.1" 429 74
WARNING 2023-01-12 18:16:24,933 log 224 Too Many Requests: /api/book/
WARNING 2023-01-12 18:16:24,933 basehttp 161 "GET /api/book/ HTTP/1.1" 429 74
WARNING 2023-01-12 18:16:25,620 log 224 Too Many Requests: /api/book/
WARNING 2023-01-12 18:16:25,621 basehttp 161 "GET /api/book/ HTTP/1.1" 429 74
WARNING 2023-01-12 18:16:26,039 log 224 Too Many Requests: /api/book/
WARNING 2023-01-12 18:16:26,044 basehttp 161 "GET /api/book/ HTTP/1.1" 429 74
WARNING 2023-01-12 18:16:26,543 log 224 Too Many Requests: /api/book/
WARNING 2023-01-12 18:16:26,545 basehttp 161 "GET /api/book/ HTTP/1.1" 429 74
INFO 2023-01-12 18:16:42,064 autoreload 251 /Users/hongyan/.virtualenvs/api_backend/lib/python3.10/site-packages/rest_framework/throttling.py changed, reloading.
INFO 2023-01-12 18:16:42,259 autoreload 637 Watching for file changes with StatReloader
INFO 2023-01-12 18:17:14,041 autoreload 251 /Users/hongyan/PycharmProjects/api_backend/api_backend/settings.py changed, reloading.
INFO 2023-01-12 18:17:14,257 autoreload 637 Watching for file changes with StatReloader
INFO 2023-01-12 18:18:45,619 autoreload 251 /Users/hongyan/PycharmProjects/api_backend/api_backend/settings.py changed, reloading.
INFO 2023-01-12 18:18:45,797 autoreload 637 Watching for file changes with StatReloader
INFO 2023-01-12 18:18:57,176 autoreload 251 /Users/hongyan/PycharmProjects/api_backend/api_backend/settings.py changed, reloading.
INFO 2023-01-12 18:18:57,363 autoreload 637 Watching for file changes with StatReloader
INFO 2023-01-12 18:19:39,569 autoreload 251 /Users/hongyan/PycharmProjects/api_backend/api_backend/settings.py changed, reloading.
INFO 2023-01-12 18:19:39,737 autoreload 637 Watching for file changes with StatReloader
INFO 2023-01-12 18:20:14,638 autoreload 251 /Users/hongyan/.virtualenvs/api_backend/lib/python3.10/site-packages/rest_framework/throttling.py changed, reloading.
INFO 2023-01-12 18:20:14,801 autoreload 637 Watching for file changes with StatReloader
WARNING 2023-01-12 18:20:19,406 log 224 Too Many Requests: /api/book/
WARNING 2023-01-12 18:20:19,406 basehttp 161 "GET /api/book/ HTTP/1.1" 429 74
WARNING 2023-01-12 18:20:19,998 log 224 Too Many Requests: /api/book/
WARNING 2023-01-12 18:20:19,999 basehttp 161 "GET /api/book/ HTTP/1.1" 429 74
WARNING 2023-01-12 18:20:20,625 log 224 Too Many Requests: /api/book/
WARNING 2023-01-12 18:20:20,626 basehttp 161 "GET /api/book/ HTTP/1.1" 429 74
INFO 2023-01-12 18:20:32,458 autoreload 251 /Users/hongyan/PycharmProjects/api_backend/api_backend/settings.py changed, reloading.
INFO 2023-01-12 18:20:32,630 autoreload 637 Watching for file changes with StatReloader
INFO 2023-01-12 18:20:37,245 basehttp 161 "GET /api/book/ HTTP/1.1" 200 525
INFO 2023-01-12 18:20:38,061 basehttp 161 "GET /api/book/ HTTP/1.1" 200 525
INFO 2023-01-12 18:20:38,650 basehttp 161 "GET /api/book/ HTTP/1.1" 200 525
WARNING 2023-01-12 18:20:39,201 log 224 Too Many Requests: /api/book/
WARNING 2023-01-12 18:20:39,203 basehttp 161 "GET /api/book/ HTTP/1.1" 429 71
WARNING 2023-01-12 18:20:40,445 log 224 Too Many Requests: /api/book/
WARNING 2023-01-12 18:20:40,445 basehttp 161 "GET /api/book/ HTTP/1.1" 429 71
INFO 2023-01-12 18:25:14,656 autoreload 251 /Users/hongyan/PycharmProjects/api_backend/api/views.py changed, reloading.
INFO 2023-01-12 18:25:14,850 autoreload 637 Watching for file changes with StatReloader
INFO 2023-01-12 18:25:24,981 autoreload 637 Watching for file changes with StatReloader
INFO 2023-01-12 18:25:27,914 basehttp 161 "GET /api/book/ HTTP/1.1" 200 525
INFO 2023-01-12 18:25:28,733 basehttp 161 "GET /api/book/ HTTP/1.1" 200 525
INFO 2023-01-12 18:25:29,461 basehttp 161 "GET /api/book/ HTTP/1.1" 200 525
INFO 2023-01-12 18:25:30,045 basehttp 161 "GET /api/book/ HTTP/1.1" 200 525
INFO 2023-01-12 18:25:30,630 basehttp 161 "GET /api/book/ HTTP/1.1" 200 525
INFO 2023-01-12 18:25:31,162 basehttp 161 "GET /api/book/ HTTP/1.1" 200 525
INFO 2023-01-12 18:26:46,196 autoreload 251 /Users/hongyan/PycharmProjects/api_backend/api_backend/settings.py changed, reloading.
INFO 2023-01-12 18:26:46,414 autoreload 637 Watching for file changes with StatReloader
INFO 2023-01-12 18:30:28,799 basehttp 161 "GET /api/book/ HTTP/1.1" 200 525
INFO 2023-01-12 18:30:29,476 basehttp 161 "GET /api/book/ HTTP/1.1" 200 525
INFO 2023-01-12 18:30:30,202 basehttp 161 "GET /api/book/ HTTP/1.1" 200 525
INFO 2023-01-12 18:30:43,913 autoreload 251 /Users/hongyan/PycharmProjects/api_backend/api/views.py changed, reloading.
INFO 2023-01-12 18:30:44,105 autoreload 637 Watching for file changes with StatReloader
INFO 2023-01-12 18:30:48,969 basehttp 161 "GET /api/book/ HTTP/1.1" 200 525
INFO 2023-01-12 18:30:49,519 basehttp 161 "GET /api/book/ HTTP/1.1" 200 525
INFO 2023-01-12 18:30:50,038 basehttp 161 "GET /api/book/ HTTP/1.1" 200 525
WARNING 2023-01-12 18:30:50,527 log 224 Too Many Requests: /api/book/
WARNING 2023-01-12 18:30:50,528 basehttp 161 "GET /api/book/ HTTP/1.1" 429 71
WARNING 2023-01-12 18:30:51,029 log 224 Too Many Requests: /api/book/
WARNING 2023-01-12 18:30:51,030 basehttp 161 "GET /api/book/ HTTP/1.1" 429 71
INFO 2023-01-12 18:31:17,122 autoreload 251 /Users/hongyan/PycharmProjects/api_backend/api/views.py changed, reloading.
INFO 2023-01-12 18:31:17,290 autoreload 637 Watching for file changes with StatReloader
INFO 2023-01-12 18:31:21,529 autoreload 251 /Users/hongyan/PycharmProjects/api_backend/api/views.py changed, reloading.
INFO 2023-01-12 18:31:21,709 autoreload 637 Watching for file changes with StatReloader
INFO 2023-01-12 18:31:28,052 autoreload 637 Watching for file changes with StatReloader
INFO 2023-01-12 18:31:30,335 basehttp 161 "GET /api/book/ HTTP/1.1" 200 525
WARNING 2023-01-12 18:31:31,056 log 224 Too Many Requests: /api/book/
WARNING 2023-01-12 18:31:31,057 basehttp 161 "GET /api/book/ HTTP/1.1" 429 74
WARNING 2023-01-12 18:31:32,214 log 224 Too Many Requests: /api/book/
WARNING 2023-01-12 18:31:32,215 basehttp 161 "GET /api/book/ HTTP/1.1" 429 74
WARNING 2023-01-12 18:31:32,866 log 224 Too Many Requests: /api/book/
WARNING 2023-01-12 18:31:32,866 basehttp 161 "GET /api/book/ HTTP/1.1" 429 74
WARNING 2023-01-12 18:31:33,594 log 224 Too Many Requests: /api/book/
WARNING 2023-01-12 18:31:33,596 basehttp 161 "GET /api/book/ HTTP/1.1" 429 74
WARNING 2023-01-12 18:31:34,480 log 224 Too Many Requests: /api/book/
WARNING 2023-01-12 18:31:34,481 basehttp 161 "GET /api/book/ HTTP/1.1" 429 74
INFO 2023-01-12 20:56:56,029 autoreload 251 /Users/hongyan/PycharmProjects/api_backend/api/views.py changed, reloading.
INFO 2023-01-12 20:56:56,287 autoreload 637 Watching for file changes with StatReloader
INFO 2023-01-12 20:57:11,786 autoreload 251 /Users/hongyan/PycharmProjects/api_backend/api/views.py changed, reloading.
INFO 2023-01-12 20:57:11,966 autoreload 637 Watching for file changes with StatReloader
INFO 2023-01-12 20:57:19,259 autoreload 251 /Users/hongyan/PycharmProjects/api_backend/api/views.py changed, reloading.
INFO 2023-01-12 20:57:19,441 autoreload 637 Watching for file changes with StatReloader
INFO 2023-01-12 20:57:28,774 autoreload 251 /Users/hongyan/PycharmProjects/api_backend/api/views.py changed, reloading.
INFO 2023-01-12 20:57:28,949 autoreload 637 Watching for file changes with StatReloader
INFO 2023-01-12 20:57:31,070 autoreload 251 /Users/hongyan/PycharmProjects/api_backend/api/views.py changed, reloading.
INFO 2023-01-12 20:57:31,255 autoreload 637 Watching for file changes with StatReloader
INFO 2023-01-12 20:57:33,369 autoreload 251 /Users/hongyan/PycharmProjects/api_backend/api/views.py changed, reloading.
INFO 2023-01-12 20:57:33,542 autoreload 637 Watching for file changes with StatReloader
INFO 2023-01-12 20:57:50,954 autoreload 251 /Users/hongyan/PycharmProjects/api_backend/api/urls.py changed, reloading.
INFO 2023-01-12 20:57:51,131 autoreload 637 Watching for file changes with StatReloader
INFO 2023-01-12 20:58:01,373 autoreload 251 /Users/hongyan/PycharmProjects/api_backend/api/views.py changed, reloading.
INFO 2023-01-12 20:58:01,546 autoreload 637 Watching for file changes with StatReloader
INFO 2023-01-12 20:58:16,943 autoreload 251 /Users/hongyan/PycharmProjects/api_backend/api/urls.py changed, reloading.
INFO 2023-01-12 20:58:17,114 autoreload 637 Watching for file changes with StatReloader
INFO 2023-01-12 20:58:20,242 autoreload 251 /Users/hongyan/PycharmProjects/api_backend/api/urls.py changed, reloading.
INFO 2023-01-12 20:58:20,409 autoreload 637 Watching for file changes with StatReloader
INFO 2023-01-12 20:59:00,437 autoreload 251 /Users/hongyan/PycharmProjects/api_backend/api/views.py changed, reloading.
INFO 2023-01-12 20:59:00,604 autoreload 637 Watching for file changes with StatReloader
INFO 2023-01-12 20:59:04,826 autoreload 251 /Users/hongyan/PycharmProjects/api_backend/api/views.py changed, reloading.
INFO 2023-01-12 20:59:04,992 autoreload 637 Watching for file changes with StatReloader
WARNING 2023-01-12 20:59:18,307 log 224 Not Found: /api/book1/
WARNING 2023-01-12 20:59:18,307 basehttp 161 "GET /api/book1/ HTTP/1.1" 404 3349
INFO 2023-01-12 20:59:32,906 autoreload 251 /Users/hongyan/PycharmProjects/api_backend/api/urls.py changed, reloading.
INFO 2023-01-12 20:59:33,093 autoreload 637 Watching for file changes with StatReloader
WARNING 2023-01-12 20:59:36,156 log 224 Forbidden: /api/book1/
WARNING 2023-01-12 20:59:36,157 basehttp 161 "GET /api/book1/ HTTP/1.1" 403 49
WARNING 2023-01-12 20:59:38,504 log 224 Forbidden: /api/book1/
WARNING 2023-01-12 20:59:38,505 basehttp 161 "GET /api/book1/ HTTP/1.1" 403 49
INFO 2023-01-12 20:59:56,888 autoreload 251 /Users/hongyan/PycharmProjects/api_backend/api/views.py changed, reloading.
INFO 2023-01-12 20:59:57,064 autoreload 637 Watching for file changes with StatReloader
INFO 2023-01-12 20:59:59,622 basehttp 161 "GET /api/book1/ HTTP/1.1" 200 525
WARNING 2023-01-12 21:00:00,718 log 224 Too Many Requests: /api/book1/
WARNING 2023-01-12 21:00:00,719 basehttp 161 "GET /api/book1/ HTTP/1.1" 429 74
INFO 2023-01-12 21:00:37,108 autoreload 251 /Users/hongyan/PycharmProjects/api_backend/api/views.py changed, reloading.
INFO 2023-01-12 21:00:37,272 autoreload 637 Watching for file changes with StatReloader
WARNING 2023-01-12 21:00:41,975 log 224 Too Many Requests: /api/book1/
WARNING 2023-01-12 21:00:41,975 basehttp 161 "GET /api/book1/ HTTP/1.1" 429 74
WARNING 2023-01-12 21:00:43,543 log 224 Too Many Requests: /api/book1/
WARNING 2023-01-12 21:00:43,544 basehttp 161 "GET /api/book1/ HTTP/1.1" 429 74
WARNING 2023-01-12 21:00:44,330 log 224 Too Many Requests: /api/book1/
WARNING 2023-01-12 21:00:44,331 basehttp 161 "GET /api/book1/ HTTP/1.1" 429 74
WARNING 2023-01-12 21:00:47,291 log 224 Too Many Requests: /api/book1/
WARNING 2023-01-12 21:00:47,292 basehttp 161 "GET /api/book1/ HTTP/1.1" 429 74
WARNING 2023-01-12 21:00:48,008 log 224 Too Many Requests: /api/book1/
WARNING 2023-01-12 21:00:48,009 basehttp 161 "GET /api/book1/ HTTP/1.1" 429 74
INFO 2023-01-12 21:01:06,170 autoreload 637 Watching for file changes with StatReloader
WARNING 2023-01-12 21:01:11,129 log 224 Too Many Requests: /api/book1/
WARNING 2023-01-12 21:01:11,130 basehttp 161 "GET /api/book1/ HTTP/1.1" 429 74
WARNING 2023-01-12 21:01:13,833 log 224 Too Many Requests: /api/book1/
WARNING 2023-01-12 21:01:13,833 basehttp 161 "GET /api/book1/ HTTP/1.1" 429 74
INFO 2023-01-12 21:01:17,700 autoreload 251 /Users/hongyan/PycharmProjects/api_backend/api_backend/settings.py changed, reloading.
INFO 2023-01-12 21:01:17,884 autoreload 637 Watching for file changes with StatReloader
INFO 2023-01-12 21:01:19,738 basehttp 161 "GET /api/book1/ HTTP/1.1" 200 525
WARNING 2023-01-12 21:01:22,402 log 224 Too Many Requests: /api/book1/
WARNING 2023-01-12 21:01:22,403 basehttp 161 "GET /api/book1/ HTTP/1.1" 429 74
INFO 2023-01-12 21:01:30,505 autoreload 251 /Users/hongyan/PycharmProjects/api_backend/api_backend/settings.py changed, reloading.
INFO 2023-01-12 21:01:30,697 autoreload 637 Watching for file changes with StatReloader
INFO 2023-01-12 21:01:32,860 basehttp 161 "GET /api/book1/ HTTP/1.1" 200 525
INFO 2023-01-12 21:01:33,615 basehttp 161 "GET /api/book1/ HTTP/1.1" 200 525
INFO 2023-01-12 21:01:34,168 basehttp 161 "GET /api/book1/ HTTP/1.1" 200 525
INFO 2023-01-12 21:01:34,763 basehttp 161 "GET /api/book1/ HTTP/1.1" 200 525
INFO 2023-01-12 21:01:35,258 basehttp 161 "GET /api/book1/ HTTP/1.1" 200 525
INFO 2023-01-12 21:01:35,763 basehttp 161 "GET /api/book1/ HTTP/1.1" 200 525
INFO 2023-01-12 21:01:36,218 basehttp 161 "GET /api/book1/ HTTP/1.1" 200 525
INFO 2023-01-12 21:01:36,750 basehttp 161 "GET /api/book1/ HTTP/1.1" 200 525
WARNING 2023-01-12 21:01:37,199 log 224 Too Many Requests: /api/book1/
WARNING 2023-01-12 21:01:37,200 basehttp 161 "GET /api/book1/ HTTP/1.1" 429 74
WARNING 2023-01-12 21:01:41,925 log 224 Too Many Requests: /api/book1/
WARNING 2023-01-12 21:01:41,926 basehttp 161 "GET /api/book1/ HTTP/1.1" 429 74
WARNING 2023-01-12 21:01:42,868 log 224 Too Many Requests: /api/book1/
WARNING 2023-01-12 21:01:42,868 basehttp 161 "GET /api/book1/ HTTP/1.1" 429 74
WARNING 2023-01-12 21:01:43,773 log 224 Too Many Requests: /api/book1/
WARNING 2023-01-12 21:01:43,774 basehttp 161 "GET /api/book1/ HTTP/1.1" 429 74
WARNING 2023-01-12 21:01:44,467 log 224 Too Many Requests: /api/book1/
WARNING 2023-01-12 21:01:44,468 basehttp 161 "GET /api/book1/ HTTP/1.1" 429 74
INFO 2023-01-12 21:02:57,170 autoreload 251 /Users/hongyan/PycharmProjects/api_backend/api/views.py changed, reloading.
INFO 2023-01-12 21:02:57,386 autoreload 637 Watching for file changes with StatReloader
INFO 2023-01-12 21:10:53,844 autoreload 251 /Users/hongyan/PycharmProjects/api_backend/api/views.py changed, reloading.
INFO 2023-01-12 21:10:54,028 autoreload 637 Watching for file changes with StatReloader
INFO 2023-01-12 21:11:00,313 autoreload 251 /Users/hongyan/PycharmProjects/api_backend/api/views.py changed, reloading.
INFO 2023-01-12 21:11:00,505 autoreload 637 Watching for file changes with StatReloader
INFO 2023-01-12 21:11:30,251 autoreload 251 /Users/hongyan/PycharmProjects/api_backend/api/views.py changed, reloading.
INFO 2023-01-12 21:11:30,431 autoreload 637 Watching for file changes with StatReloader
INFO 2023-01-12 21:12:51,394 autoreload 251 /Users/hongyan/PycharmProjects/api_backend/api/views.py changed, reloading.
INFO 2023-01-12 21:12:51,564 autoreload 637 Watching for file changes with StatReloader
INFO 2023-01-12 21:13:14,057 autoreload 251 /Users/hongyan/PycharmProjects/api_backend/api/views.py changed, reloading.
INFO 2023-01-12 21:13:14,230 autoreload 637 Watching for file changes with StatReloader
INFO 2023-01-12 21:13:16,430 autoreload 251 /Users/hongyan/PycharmProjects/api_backend/api/views.py changed, reloading.
INFO 2023-01-12 21:13:16,599 autoreload 637 Watching for file changes with StatReloader
INFO 2023-01-12 21:13:21,875 autoreload 251 /Users/hongyan/PycharmProjects/api_backend/api/views.py changed, reloading.
INFO 2023-01-12 21:13:22,060 autoreload 637 Watching for file changes with StatReloader
INFO 2023-01-12 21:18:52,927 autoreload 251 /Users/hongyan/PycharmProjects/api_backend/api/views.py changed, reloading.
INFO 2023-01-12 21:18:53,105 autoreload 637 Watching for file changes with StatReloader
INFO 2023-01-12 21:33:01,323 autoreload 251 /Users/hongyan/PycharmProjects/api_backend/api_backend/settings.py changed, reloading.
INFO 2023-01-12 21:33:01,526 autoreload 637 Watching for file changes with StatReloader
INFO 2023-01-12 21:33:26,253 autoreload 251 /Users/hongyan/PycharmProjects/api_backend/api_backend/settings.py changed, reloading.
INFO 2023-01-12 21:33:26,445 autoreload 637 Watching for file changes with StatReloader
INFO 2023-01-12 21:34:07,613 autoreload 251 /Users/hongyan/PycharmProjects/api_backend/api_backend/settings.py changed, reloading.
INFO 2023-01-12 21:34:07,790 autoreload 637 Watching for file changes with StatReloader
INFO 2023-01-12 21:34:11,012 autoreload 251 /Users/hongyan/PycharmProjects/api_backend/api_backend/settings.py changed, reloading.
INFO 2023-01-12 21:34:11,196 autoreload 637 Watching for file changes with StatReloader
INFO 2023-01-12 21:38:30,619 autoreload 251 /Users/hongyan/PycharmProjects/api_backend/api/views.py changed, reloading.
INFO 2023-01-12 21:38:30,836 autoreload 637 Watching for file changes with StatReloader
INFO 2023-01-12 21:38:41,215 autoreload 251 /Users/hongyan/PycharmProjects/api_backend/api/views.py changed, reloading.
INFO 2023-01-12 21:38:41,394 autoreload 637 Watching for file changes with StatReloader
INFO 2023-01-12 21:39:27,468 autoreload 251 /Users/hongyan/PycharmProjects/api_backend/api/views.py changed, reloading.
INFO 2023-01-12 21:39:27,644 autoreload 637 Watching for file changes with StatReloader
INFO 2023-01-12 21:44:04,858 autoreload 251 /Users/hongyan/PycharmProjects/api_backend/api_backend/settings.py changed, reloading.
INFO 2023-01-12 21:44:05,051 autoreload 637 Watching for file changes with StatReloader
INFO 2023-01-12 21:46:34,612 autoreload 251 /Users/hongyan/PycharmProjects/api_backend/api/views.py changed, reloading.
INFO 2023-01-12 21:46:34,816 autoreload 637 Watching for file changes with StatReloader
INFO 2023-01-12 21:46:53,403 autoreload 251 /Users/hongyan/PycharmProjects/api_backend/api/views.py changed, reloading.
INFO 2023-01-12 21:46:53,597 autoreload 637 Watching for file changes with StatReloader
INFO 2023-01-12 22:12:24,454 autoreload 251 /Users/hongyan/PycharmProjects/api_backend/api/views.py changed, reloading.
INFO 2023-01-12 22:12:24,644 autoreload 637 Watching for file changes with StatReloader
INFO 2023-01-12 22:12:29,950 autoreload 251 /Users/hongyan/PycharmProjects/api_backend/api/views.py changed, reloading.
INFO 2023-01-12 22:12:30,126 autoreload 637 Watching for file changes with StatReloader
WARNING 2023-01-12 22:12:40,993 log 224 Unauthorized: /api/book3/
WARNING 2023-01-12 22:12:40,995 basehttp 161 "GET /api/book3/ HTTP/1.1" 401 35
INFO 2023-01-12 22:12:46,236 basehttp 161 "POST /login/get_token/ HTTP/1.1" 200 256
INFO 2023-01-12 22:12:55,041 basehttp 161 "GET /api/book3/ HTTP/1.1" 200 525
INFO 2023-01-12 22:13:40,384 basehttp 161 "GET /api/book3/?price=100 HTTP/1.1" 200 525
INFO 2023-01-12 22:14:00,364 basehttp 161 "GET /api/book3/?price=100 HTTP/1.1" 200 525
INFO 2023-01-12 22:14:12,517 basehttp 161 "GET /api/book3/?price=100 HTTP/1.1" 200 525
INFO 2023-01-12 22:14:48,425 autoreload 251 /Users/hongyan/PycharmProjects/api_backend/api_backend/settings.py changed, reloading.
INFO 2023-01-12 22:14:48,621 autoreload 637 Watching for file changes with StatReloader
INFO 2023-01-12 22:14:51,559 autoreload 637 Watching for file changes with StatReloader
INFO 2023-01-12 22:14:55,746 basehttp 161 "GET /api/book3/?price=100 HTTP/1.1" 200 525
INFO 2023-01-12 22:16:48,642 autoreload 251 /Users/hongyan/.virtualenvs/api_backend/lib/python3.10/site-packages/rest_framework/throttling.py changed, reloading.
INFO 2023-01-12 22:16:48,844 autoreload 637 Watching for file changes with StatReloader
INFO 2023-01-12 22:17:30,703 autoreload 637 Watching for file changes with StatReloader
INFO 2023-01-12 22:17:34,690 basehttp 161 "GET /api/book3/?price=100 HTTP/1.1" 200 525
INFO 2023-01-12 22:22:27,685 autoreload 251 /Users/hongyan/PycharmProjects/api_backend/api_backend/settings.py changed, reloading.
INFO 2023-01-12 22:22:27,912 autoreload 637 Watching for file changes with StatReloader
INFO 2023-01-12 22:23:54,293 autoreload 251 /Users/hongyan/PycharmProjects/api_backend/api_backend/settings.py changed, reloading.
INFO 2023-01-12 22:24:18,741 autoreload 637 Watching for file changes with StatReloader
INFO 2023-01-12 22:24:21,956 basehttp 161 "GET /api/book3/?price=100 HTTP/1.1" 200 525
INFO 2023-01-12 22:24:34,679 basehttp 161 "GET /api/book3/?price=90 HTTP/1.1" 200 525
INFO 2023-01-12 22:24:51,095 autoreload 251 /Users/hongyan/PycharmProjects/api_backend/api_backend/settings.py changed, reloading.
INFO 2023-01-12 22:24:51,283 autoreload 637 Watching for file changes with StatReloader
INFO 2023-01-12 22:25:07,823 autoreload 251 /Users/hongyan/PycharmProjects/api_backend/api_backend/settings.py changed, reloading.
INFO 2023-01-12 22:25:08,019 autoreload 637 Watching for file changes with StatReloader
INFO 2023-01-12 22:25:10,805 basehttp 161 "GET /api/book3/?price=90 HTTP/1.1" 200 525
WARNING 2023-01-12 22:25:16,165 log 224 Too Many Requests: /api/book3/
WARNING 2023-01-12 22:25:16,165 basehttp 161 "GET /api/book3/?price=90 HTTP/1.1" 429 70
INFO 2023-01-12 22:25:51,855 basehttp 161 "GET /api/book3/?price=90 HTTP/1.1" 200 525
INFO 2023-01-12 22:25:52,935 basehttp 161 "GET /api/book3/?price=90 HTTP/1.1" 200 525
WARNING 2023-01-12 22:25:54,562 log 224 Too Many Requests: /api/book3/
WARNING 2023-01-12 22:25:54,563 basehttp 161 "GET /api/book3/?price=90 HTTP/1.1" 429 71
WARNING 2023-01-12 22:25:56,988 log 224 Too Many Requests: /api/book3/
WARNING 2023-01-12 22:25:56,989 basehttp 161 "GET /api/book3/?price=90 HTTP/1.1" 429 71
WARNING 2023-01-12 22:25:57,798 log 224 Too Many Requests: /api/book3/
WARNING 2023-01-12 22:25:57,799 basehttp 161 "GET /api/book3/?price=90 HTTP/1.1" 429 71
WARNING 2023-01-12 22:25:58,316 log 224 Too Many Requests: /api/book3/
WARNING 2023-01-12 22:25:58,317 basehttp 161 "GET /api/book3/?price=90 HTTP/1.1" 429 71
WARNING 2023-01-12 22:25:58,679 log 224 Too Many Requests: /api/book3/
WARNING 2023-01-12 22:25:58,679 basehttp 161 "GET /api/book3/?price=90 HTTP/1.1" 429 71
WARNING 2023-01-12 22:26:00,324 log 224 Too Many Requests: /api/book3/
WARNING 2023-01-12 22:26:00,324 basehttp 161 "GET /api/book3/?price=90 HTTP/1.1" 429 71
WARNING 2023-01-12 22:26:01,120 log 224 Too Many Requests: /api/book3/
WARNING 2023-01-12 22:26:01,121 basehttp 161 "GET /api/book3/?price=90 HTTP/1.1" 429 71
INFO 2023-01-12 22:26:04,860 autoreload 637 Watching for file changes with StatReloader
WARNING 2023-01-12 22:26:07,050 log 224 Too Many Requests: /api/book3/
WARNING 2023-01-12 22:26:07,050 basehttp 161 "GET /api/book3/?price=90 HTTP/1.1" 429 70
WARNING 2023-01-12 22:26:08,086 log 224 Too Many Requests: /api/book3/
WARNING 2023-01-12 22:26:08,087 basehttp 161 "GET /api/book3/?price=90 HTTP/1.1" 429 70
WARNING 2023-01-12 22:26:08,921 log 224 Too Many Requests: /api/book3/
WARNING 2023-01-12 22:26:08,921 basehttp 161 "GET /api/book3/?price=90 HTTP/1.1" 429 70
INFO 2023-01-12 22:26:15,502 basehttp 161 "GET /api/book3/?price=90 HTTP/1.1" 200 525
WARNING 2023-01-12 22:26:16,334 log 224 Too Many Requests: /api/book3/
WARNING 2023-01-12 22:26:16,334 basehttp 161 "GET /api/book3/?price=90 HTTP/1.1" 429 71
INFO 2023-01-12 22:26:38,137 autoreload 251 /Users/hongyan/PycharmProjects/api_backend/api_backend/settings.py changed, reloading.
INFO 2023-01-12 22:26:38,326 autoreload 637 Watching for file changes with StatReloader
INFO 2023-01-12 22:26:39,807 basehttp 161 "GET /api/book3/?price=90 HTTP/1.1" 200 525
INFO 2023-01-12 22:26:40,608 basehttp 161 "GET /api/book3/?price=90 HTTP/1.1" 200 525
INFO 2023-01-12 22:26:41,104 basehttp 161 "GET /api/book3/?price=90 HTTP/1.1" 200 525
INFO 2023-01-12 22:26:41,615 basehttp 161 "GET /api/book3/?price=90 HTTP/1.1" 200 525
INFO 2023-01-12 22:26:42,117 basehttp 161 "GET /api/book3/?price=90 HTTP/1.1" 200 525
INFO 2023-01-12 22:26:42,604 basehttp 161 "GET /api/book3/?price=90 HTTP/1.1" 200 525
INFO 2023-01-12 22:26:43,103 basehttp 161 "GET /api/book3/?price=90 HTTP/1.1" 200 525
WARNING 2023-01-12 22:26:43,535 log 224 Too Many Requests: /api/book3/
WARNING 2023-01-12 22:26:43,536 basehttp 161 "GET /api/book3/?price=90 HTTP/1.1" 429 70
WARNING 2023-01-12 22:26:44,037 log 224 Too Many Requests: /api/book3/
WARNING 2023-01-12 22:26:44,037 basehttp 161 "GET /api/book3/?price=90 HTTP/1.1" 429 70
INFO 2023-01-12 22:26:53,982 autoreload 251 /Users/hongyan/PycharmProjects/api_backend/api_backend/settings.py changed, reloading.
INFO 2023-01-12 22:26:54,159 autoreload 637 Watching for file changes with StatReloader
WARNING 2023-01-12 22:26:56,973 log 224 Too Many Requests: /api/book3/
WARNING 2023-01-12 22:26:56,974 basehttp 161 "GET /api/book3/?price=90 HTTP/1.1" 429 37
WARNING 2023-01-12 22:26:58,217 log 224 Too Many Requests: /api/book3/
WARNING 2023-01-12 22:26:58,218 basehttp 161 "GET /api/book3/?price=90 HTTP/1.1" 429 37
WARNING 2023-01-12 22:27:02,369 log 224 Too Many Requests: /api/book3/
WARNING 2023-01-12 22:27:02,370 basehttp 161 "GET /api/book3/?price=90 HTTP/1.1" 429 37
WARNING 2023-01-12 22:27:03,324 log 224 Too Many Requests: /api/book3/
WARNING 2023-01-12 22:27:03,325 basehttp 161 "GET /api/book3/?price=90 HTTP/1.1" 429 37
INFO 2023-01-12 22:27:06,812 autoreload 251 /Users/hongyan/PycharmProjects/api_backend/api_backend/settings.py changed, reloading.
INFO 2023-01-12 22:27:06,998 autoreload 637 Watching for file changes with StatReloader
INFO 2023-01-12 22:27:09,177 basehttp 161 "GET /api/book3/?price=90 HTTP/1.1" 200 525
INFO 2023-01-12 22:27:56,668 autoreload 251 /Users/hongyan/PycharmProjects/api_backend/api/views.py changed, reloading.
INFO 2023-01-12 22:27:56,873 autoreload 637 Watching for file changes with StatReloader
INFO 2023-01-12 22:28:00,565 basehttp 161 "GET /api/book3/?price=90 HTTP/1.1" 200 525
INFO 2023-01-12 22:28:16,566 autoreload 251 /Users/hongyan/PycharmProjects/api_backend/api/views.py changed, reloading.
INFO 2023-01-12 22:28:16,768 autoreload 637 Watching for file changes with StatReloader
INFO 2023-01-12 22:28:40,954 basehttp 161 "GET /api/book3/?stock=90 HTTP/1.1" 200 525
INFO 2023-01-12 22:30:48,920 autoreload 251 /Users/hongyan/PycharmProjects/api_backend/api_backend/settings.py changed, reloading.
INFO 2023-01-12 22:30:49,111 autoreload 637 Watching for file changes with StatReloader
INFO 2023-01-12 22:34:51,064 autoreload 251 /Users/hongyan/PycharmProjects/api_backend/api_backend/settings.py changed, reloading.
INFO 2023-01-12 22:34:51,243 autoreload 637 Watching for file changes with StatReloader
INFO 2023-01-12 22:35:36,587 autoreload 251 /Users/hongyan/PycharmProjects/api_backend/api_backend/settings.py changed, reloading.
INFO 2023-01-12 22:35:36,787 autoreload 637 Watching for file changes with StatReloader
INFO 2023-01-12 22:36:36,239 autoreload 251 /Users/hongyan/PycharmProjects/api_backend/api/views.py changed, reloading.
INFO 2023-01-12 22:36:36,426 autoreload 637 Watching for file changes with StatReloader
ERROR 2023-01-12 22:36:39,351 log 224 Internal Server Error: /api/book3/
Traceback (most recent call last):
  File "/Users/hongyan/.virtualenvs/api_backend/lib/python3.10/site-packages/django/core/handlers/exception.py", line 47, in inner
    response = get_response(request)
  File "/Users/hongyan/.virtualenvs/api_backend/lib/python3.10/site-packages/django/core/handlers/base.py", line 181, in _get_response
    response = wrapped_callback(request, *callback_args, **callback_kwargs)
  File "/Users/hongyan/.virtualenvs/api_backend/lib/python3.10/site-packages/django/views/decorators/csrf.py", line 54, in wrapped_view
    return view_func(*args, **kwargs)
  File "/Users/hongyan/.virtualenvs/api_backend/lib/python3.10/site-packages/rest_framework/viewsets.py", line 125, in view
    return self.dispatch(request, *args, **kwargs)
  File "/Users/hongyan/.virtualenvs/api_backend/lib/python3.10/site-packages/rest_framework/views.py", line 509, in dispatch
    response = self.handle_exception(exc)
  File "/Users/hongyan/.virtualenvs/api_backend/lib/python3.10/site-packages/rest_framework/views.py", line 469, in handle_exception
    self.raise_uncaught_exception(exc)
  File "/Users/hongyan/.virtualenvs/api_backend/lib/python3.10/site-packages/rest_framework/views.py", line 480, in raise_uncaught_exception
    raise exc
  File "/Users/hongyan/.virtualenvs/api_backend/lib/python3.10/site-packages/rest_framework/views.py", line 506, in dispatch
    response = handler(request, *args, **kwargs)
  File "/Users/hongyan/.virtualenvs/api_backend/lib/python3.10/site-packages/rest_framework/mixins.py", line 38, in list
    queryset = self.filter_queryset(self.get_queryset())
  File "/Users/hongyan/.virtualenvs/api_backend/lib/python3.10/site-packages/rest_framework/generics.py", line 150, in filter_queryset
    queryset = backend().filter_queryset(self.request, queryset, self)
TypeError: 'str' object is not callable
ERROR 2023-01-12 22:36:39,352 basehttp 161 "GET /api/book3/?stock=90 HTTP/1.1" 500 98247
ERROR 2023-01-12 22:36:40,775 log 224 Internal Server Error: /api/book3/
Traceback (most recent call last):
  File "/Users/hongyan/.virtualenvs/api_backend/lib/python3.10/site-packages/django/core/handlers/exception.py", line 47, in inner
    response = get_response(request)
  File "/Users/hongyan/.virtualenvs/api_backend/lib/python3.10/site-packages/django/core/handlers/base.py", line 181, in _get_response
    response = wrapped_callback(request, *callback_args, **callback_kwargs)
  File "/Users/hongyan/.virtualenvs/api_backend/lib/python3.10/site-packages/django/views/decorators/csrf.py", line 54, in wrapped_view
    return view_func(*args, **kwargs)
  File "/Users/hongyan/.virtualenvs/api_backend/lib/python3.10/site-packages/rest_framework/viewsets.py", line 125, in view
    return self.dispatch(request, *args, **kwargs)
  File "/Users/hongyan/.virtualenvs/api_backend/lib/python3.10/site-packages/rest_framework/views.py", line 509, in dispatch
    response = self.handle_exception(exc)
  File "/Users/hongyan/.virtualenvs/api_backend/lib/python3.10/site-packages/rest_framework/views.py", line 469, in handle_exception
    self.raise_uncaught_exception(exc)
  File "/Users/hongyan/.virtualenvs/api_backend/lib/python3.10/site-packages/rest_framework/views.py", line 480, in raise_uncaught_exception
    raise exc
  File "/Users/hongyan/.virtualenvs/api_backend/lib/python3.10/site-packages/rest_framework/views.py", line 506, in dispatch
    response = handler(request, *args, **kwargs)
  File "/Users/hongyan/.virtualenvs/api_backend/lib/python3.10/site-packages/rest_framework/mixins.py", line 38, in list
    queryset = self.filter_queryset(self.get_queryset())
  File "/Users/hongyan/.virtualenvs/api_backend/lib/python3.10/site-packages/rest_framework/generics.py", line 150, in filter_queryset
    queryset = backend().filter_queryset(self.request, queryset, self)
TypeError: 'str' object is not callable
ERROR 2023-01-12 22:36:40,775 basehttp 161 "GET /api/book3/?stock=90 HTTP/1.1" 500 98247
INFO 2023-01-12 22:39:47,875 autoreload 251 /Users/hongyan/PycharmProjects/api_backend/api_backend/settings.py changed, reloading.
INFO 2023-01-12 22:39:48,063 autoreload 637 Watching for file changes with StatReloader
INFO 2023-01-12 22:40:05,638 autoreload 251 /Users/hongyan/PycharmProjects/api_backend/api/views.py changed, reloading.
INFO 2023-01-12 22:40:05,825 autoreload 637 Watching for file changes with StatReloader
INFO 2023-01-12 22:40:12,064 autoreload 251 /Users/hongyan/PycharmProjects/api_backend/api/views.py changed, reloading.
INFO 2023-01-12 22:40:12,251 autoreload 637 Watching for file changes with StatReloader
INFO 2023-01-12 22:40:16,029 basehttp 161 "GET /api/book3/?stock=90 HTTP/1.1" 200 525
INFO 2023-01-12 22:49:34,301 autoreload 251 /Users/hongyan/PycharmProjects/api_backend/api_backend/settings.py changed, reloading.
INFO 2023-01-12 22:49:34,482 autoreload 637 Watching for file changes with StatReloader
INFO 2023-01-12 22:54:03,310 autoreload 637 Watching for file changes with StatReloader
INFO 2023-01-12 22:56:30,017 autoreload 251 /Users/hongyan/PycharmProjects/api_backend/api/views.py changed, reloading.
INFO 2023-01-12 22:56:30,307 autoreload 637 Watching for file changes with StatReloader
INFO 2023-01-12 22:57:32,013 autoreload 251 /Users/hongyan/PycharmProjects/api_backend/api/views.py changed, reloading.
INFO 2023-01-12 22:57:32,254 autoreload 637 Watching for file changes with StatReloader
INFO 2023-01-12 22:57:37,535 autoreload 251 /Users/hongyan/PycharmProjects/api_backend/api/views.py changed, reloading.
INFO 2023-01-12 22:57:37,732 autoreload 637 Watching for file changes with StatReloader
INFO 2023-01-12 22:57:39,940 autoreload 251 /Users/hongyan/PycharmProjects/api_backend/api/views.py changed, reloading.
INFO 2023-01-12 22:57:40,176 autoreload 637 Watching for file changes with StatReloader
INFO 2023-01-12 22:57:49,343 basehttp 161 "GET /api/book3/?stock=90 HTTP/1.1" 200 525
INFO 2023-01-12 22:58:18,624 autoreload 251 /Users/hongyan/PycharmProjects/api_backend/api_backend/settings.py changed, reloading.
INFO 2023-01-12 22:58:18,828 autoreload 637 Watching for file changes with StatReloader
INFO 2023-01-12 22:58:24,265 basehttp 161 "GET /api/book3/?stock=90 HTTP/1.1" 200 525
INFO 2023-01-12 22:58:32,461 autoreload 251 /Users/hongyan/PycharmProjects/api_backend/api_backend/settings.py changed, reloading.
INFO 2023-01-12 22:58:32,661 autoreload 637 Watching for file changes with StatReloader
INFO 2023-01-12 22:59:09,997 basehttp 161 "GET /api/book3/?stock=90 HTTP/1.1" 200 525
INFO 2023-01-12 23:01:09,574 autoreload 251 /Users/hongyan/PycharmProjects/api_backend/api/views.py changed, reloading.
INFO 2023-01-12 23:01:09,759 autoreload 637 Watching for file changes with StatReloader
INFO 2023-01-12 23:06:48,718 autoreload 251 /Users/hongyan/PycharmProjects/api_backend/api/views.py changed, reloading.
INFO 2023-01-12 23:06:48,910 autoreload 637 Watching for file changes with StatReloader
INFO 2023-01-12 23:06:53,186 basehttp 161 "GET /api/book3/?stock=90 HTTP/1.1" 200 2
INFO 2023-01-12 23:07:03,077 basehttp 161 "GET /api/book3/?price=90 HTTP/1.1" 200 75
INFO 2023-01-12 23:07:09,506 basehttp 161 "GET /api/book3/?price=100 HTTP/1.1" 200 77
INFO 2023-01-12 23:08:15,400 basehttp 161 "GET /api/book3/ HTTP/1.1" 200 525
INFO 2023-01-12 23:08:26,403 basehttp 161 "GET /api/book3/?price=90 HTTP/1.1" 200 75
INFO 2023-01-12 23:08:29,599 basehttp 161 "GET /api/book3/ HTTP/1.1" 200 525
INFO 2023-01-12 23:08:41,022 basehttp 161 "GET /api/book3/?price=10 HTTP/1.1" 200 75
INFO 2023-01-12 23:10:32,644 autoreload 251 /Users/hongyan/PycharmProjects/api_backend/api_backend/settings.py changed, reloading.
INFO 2023-01-12 23:10:32,853 autoreload 637 Watching for file changes with StatReloader
INFO 2023-01-12 23:10:37,904 basehttp 161 "GET /api/book3/?price=10 HTTP/1.1" 200 75
INFO 2023-01-12 23:10:46,998 basehttp 161 "GET /api/book3/?price=10&sold=3 HTTP/1.1" 200 75
INFO 2023-01-12 23:11:19,480 autoreload 251 /Users/hongyan/PycharmProjects/api_backend/api_backend/settings.py changed, reloading.
INFO 2023-01-12 23:11:19,680 autoreload 637 Watching for file changes with StatReloader
INFO 2023-01-12 23:12:20,978 basehttp 161 "GET /api/book3/?price=10&sold=3 HTTP/1.1" 200 75
INFO 2023-01-12 23:16:59,760 autoreload 251 /Users/hongyan/PycharmProjects/api_backend/api/views.py changed, reloading.
INFO 2023-01-12 23:16:59,945 autoreload 637 Watching for file changes with StatReloader
INFO 2023-01-12 23:17:15,489 autoreload 251 /Users/hongyan/PycharmProjects/api_backend/api/views.py changed, reloading.
INFO 2023-01-12 23:17:15,687 autoreload 637 Watching for file changes with StatReloader
INFO 2023-01-12 23:17:50,747 autoreload 251 /Users/hongyan/PycharmProjects/api_backend/api/views.py changed, reloading.
INFO 2023-01-12 23:17:50,927 autoreload 637 Watching for file changes with StatReloader
INFO 2023-01-12 23:20:29,136 autoreload 251 /Users/hongyan/PycharmProjects/api_backend/api_backend/settings.py changed, reloading.
INFO 2023-01-12 23:20:50,166 autoreload 637 Watching for file changes with StatReloader
INFO 2023-01-12 23:21:21,989 autoreload 251 /Users/hongyan/PycharmProjects/api_backend/api/views.py changed, reloading.
INFO 2023-01-12 23:21:22,164 autoreload 637 Watching for file changes with StatReloader
INFO 2023-01-12 23:21:26,663 basehttp 161 "GET /api/book3/?price=10&sold=3 HTTP/1.1" 200 75
INFO 2023-01-12 23:21:40,606 basehttp 161 "GET /api/book3/?ordering=id HTTP/1.1" 200 525
INFO 2023-01-12 23:21:46,268 basehttp 161 "GET /api/book3/?ordering=-id HTTP/1.1" 200 525
INFO 2023-01-12 23:22:03,801 autoreload 251 /Users/hongyan/PycharmProjects/api_backend/book/serializer.py changed, reloading.
INFO 2023-01-12 23:22:04,008 autoreload 637 Watching for file changes with StatReloader
INFO 2023-01-12 23:22:09,649 basehttp 161 "GET /api/book3/?ordering=-id HTTP/1.1" 200 575
INFO 2023-01-12 23:22:50,710 autoreload 251 /Users/hongyan/PycharmProjects/api_backend/api/views.py changed, reloading.
INFO 2023-01-12 23:22:50,937 autoreload 637 Watching for file changes with StatReloader
INFO 2023-01-12 23:23:21,769 autoreload 251 /Users/hongyan/PycharmProjects/api_backend/api/views.py changed, reloading.
INFO 2023-01-12 23:23:21,970 autoreload 637 Watching for file changes with StatReloader
INFO 2023-01-12 23:23:31,331 autoreload 251 /Users/hongyan/PycharmProjects/api_backend/api/views.py changed, reloading.
INFO 2023-01-12 23:23:31,552 autoreload 637 Watching for file changes with StatReloader
INFO 2023-01-12 23:23:54,261 autoreload 251 /Users/hongyan/PycharmProjects/api_backend/api/urls.py changed, reloading.
INFO 2023-01-12 23:23:54,446 autoreload 637 Watching for file changes with StatReloader
ERROR 2023-01-12 23:24:00,075 log 224 Internal Server Error: /api/book4/
Traceback (most recent call last):
  File "/Users/hongyan/.virtualenvs/api_backend/lib/python3.10/site-packages/django/core/handlers/exception.py", line 47, in inner
    response = get_response(request)
  File "/Users/hongyan/.virtualenvs/api_backend/lib/python3.10/site-packages/django/core/handlers/base.py", line 181, in _get_response
    response = wrapped_callback(request, *callback_args, **callback_kwargs)
  File "/Users/hongyan/.virtualenvs/api_backend/lib/python3.10/site-packages/django/views/decorators/csrf.py", line 54, in wrapped_view
    return view_func(*args, **kwargs)
  File "/Users/hongyan/.virtualenvs/api_backend/lib/python3.10/site-packages/rest_framework/viewsets.py", line 125, in view
    return self.dispatch(request, *args, **kwargs)
  File "/Users/hongyan/.virtualenvs/api_backend/lib/python3.10/site-packages/rest_framework/views.py", line 509, in dispatch
    response = self.handle_exception(exc)
  File "/Users/hongyan/.virtualenvs/api_backend/lib/python3.10/site-packages/rest_framework/views.py", line 469, in handle_exception
    self.raise_uncaught_exception(exc)
  File "/Users/hongyan/.virtualenvs/api_backend/lib/python3.10/site-packages/rest_framework/views.py", line 480, in raise_uncaught_exception
    raise exc
  File "/Users/hongyan/.virtualenvs/api_backend/lib/python3.10/site-packages/rest_framework/views.py", line 506, in dispatch
    response = handler(request, *args, **kwargs)
  File "/Users/hongyan/.virtualenvs/api_backend/lib/python3.10/site-packages/rest_framework/mixins.py", line 38, in list
    queryset = self.filter_queryset(self.get_queryset())
  File "/Users/hongyan/.virtualenvs/api_backend/lib/python3.10/site-packages/rest_framework/generics.py", line 63, in get_queryset
    assert self.queryset is not None, (
AssertionError: 'BookModelViewSet4' should either include a `queryset` attribute, or override the `get_queryset()` method.
ERROR 2023-01-12 23:24:00,075 basehttp 161 "GET /api/book4/?ordering=-id HTTP/1.1" 500 98299
INFO 2023-01-12 23:24:27,493 autoreload 251 /Users/hongyan/PycharmProjects/api_backend/api/views.py changed, reloading.
INFO 2023-01-12 23:24:27,675 autoreload 637 Watching for file changes with StatReloader
INFO 2023-01-12 23:25:03,487 autoreload 251 /Users/hongyan/PycharmProjects/api_backend/api/views.py changed, reloading.
INFO 2023-01-12 23:25:03,668 autoreload 637 Watching for file changes with StatReloader
INFO 2023-01-12 23:25:23,786 basehttp 161 "GET /api/book3/?ordering=-id HTTP/1.1" 200 575
INFO 2023-01-12 23:25:42,951 autoreload 251 /Users/hongyan/PycharmProjects/api_backend/api/views.py changed, reloading.
INFO 2023-01-12 23:25:43,140 autoreload 637 Watching for file changes with StatReloader
INFO 2023-01-12 23:25:47,809 basehttp 161 "GET /api/book3/?ordering=-id HTTP/1.1" 200 575
INFO 2023-01-12 23:25:49,096 basehttp 161 "GET /api/book3/?ordering=-id HTTP/1.1" 200 575
INFO 2023-01-12 23:26:00,828 autoreload 251 /Users/hongyan/PycharmProjects/api_backend/api/views.py changed, reloading.
INFO 2023-01-12 23:26:01,015 autoreload 637 Watching for file changes with StatReloader
INFO 2023-01-12 23:26:16,548 autoreload 251 /Users/hongyan/PycharmProjects/api_backend/api/views.py changed, reloading.
INFO 2023-01-12 23:26:16,741 autoreload 637 Watching for file changes with StatReloader
INFO 2023-01-12 23:26:20,483 basehttp 161 "GET /api/book4/?ordering=-id HTTP/1.1" 200 575
INFO 2023-01-12 23:26:21,488 basehttp 161 "GET /api/book4/?ordering=-id HTTP/1.1" 200 575
INFO 2023-01-12 23:26:26,010 basehttp 161 "GET /api/book4/?ordering=-price HTTP/1.1" 200 575
INFO 2023-01-12 23:29:51,488 autoreload 251 /Users/hongyan/PycharmProjects/api_backend/api/views.py changed, reloading.
INFO 2023-01-12 23:29:51,672 autoreload 637 Watching for file changes with StatReloader
INFO 2023-01-12 23:29:56,849 autoreload 251 /Users/hongyan/PycharmProjects/api_backend/api/views.py changed, reloading.
INFO 2023-01-12 23:29:57,029 autoreload 637 Watching for file changes with StatReloader
INFO 2023-01-12 23:30:07,788 basehttp 161 "GET /api/book3/?price=10 HTTP/1.1" 200 575
INFO 2023-01-12 23:30:51,758 autoreload 251 /Users/hongyan/PycharmProjects/api_backend/api/views.py changed, reloading.
INFO 2023-01-12 23:30:51,975 autoreload 637 Watching for file changes with StatReloader
INFO 2023-01-12 23:32:09,718 autoreload 251 /Users/hongyan/PycharmProjects/api_backend/api_backend/settings.py changed, reloading.
INFO 2023-01-12 23:32:09,892 autoreload 637 Watching for file changes with StatReloader
INFO 2023-01-12 23:32:48,912 autoreload 251 /Users/hongyan/PycharmProjects/api_backend/api/views.py changed, reloading.
INFO 2023-01-12 23:32:49,081 autoreload 637 Watching for file changes with StatReloader
INFO 2023-01-12 23:34:13,856 autoreload 251 /Users/hongyan/PycharmProjects/api_backend/api/views.py changed, reloading.
INFO 2023-01-12 23:34:14,041 autoreload 637 Watching for file changes with StatReloader
INFO 2023-01-12 23:37:39,346 autoreload 251 /Users/hongyan/PycharmProjects/api_backend/api/views.py changed, reloading.
INFO 2023-01-12 23:37:39,543 autoreload 637 Watching for file changes with StatReloader
INFO 2023-01-12 23:37:54,075 autoreload 251 /Users/hongyan/PycharmProjects/api_backend/api/views.py changed, reloading.
INFO 2023-01-12 23:37:54,272 autoreload 637 Watching for file changes with StatReloader
INFO 2023-01-12 23:38:08,917 autoreload 251 /Users/hongyan/PycharmProjects/api_backend/api/views.py changed, reloading.
INFO 2023-01-12 23:38:09,116 autoreload 637 Watching for file changes with StatReloader
INFO 2023-01-13 00:01:04,850 autoreload 251 /Users/hongyan/PycharmProjects/api_backend/api_backend/settings.py changed, reloading.
INFO 2023-01-13 00:01:05,063 autoreload 637 Watching for file changes with StatReloader
INFO 2023-01-13 00:01:20,529 autoreload 251 /Users/hongyan/PycharmProjects/api_backend/api_backend/settings.py changed, reloading.
INFO 2023-01-13 00:01:20,704 autoreload 637 Watching for file changes with StatReloader
INFO 2023-01-13 00:01:49,572 autoreload 251 /Users/hongyan/PycharmProjects/api_backend/api_backend/settings.py changed, reloading.
INFO 2023-01-13 00:01:49,765 autoreload 637 Watching for file changes with StatReloader
INFO 2023-01-13 00:02:06,272 autoreload 251 /Users/hongyan/PycharmProjects/api_backend/api_backend/settings.py changed, reloading.
INFO 2023-01-13 00:02:15,130 autoreload 637 Watching for file changes with StatReloader
INFO 2023-01-13 00:02:33,813 autoreload 251 /Users/hongyan/PycharmProjects/api_backend/api_backend/settings.py changed, reloading.
INFO 2023-01-13 00:02:34,003 autoreload 637 Watching for file changes with StatReloader
INFO 2023-01-13 00:02:59,508 basehttp 161 "GET /api/book3/ HTTP/1.1" 200 625
INFO 2023-01-13 00:03:02,946 basehttp 161 "GET /api/book3/?price=10 HTTP/1.1" 200 133
INFO 2023-01-13 00:03:06,872 basehttp 161 "GET /api/book3/ HTTP/1.1" 200 625
INFO 2023-01-13 00:03:14,651 autoreload 251 /Users/hongyan/PycharmProjects/api_backend/api_backend/settings.py changed, reloading.
INFO 2023-01-13 00:03:14,866 autoreload 637 Watching for file changes with StatReloader
INFO 2023-01-13 00:03:19,543 basehttp 161 "GET /api/book3/ HTTP/1.1" 200 508
INFO 2023-01-13 00:06:12,464 basehttp 161 "GET /api/book3/?limit=5&offset=5 HTTP/1.1" 200 253
INFO 2023-01-13 00:06:18,864 basehttp 161 "GET /api/book3/ HTTP/1.1" 200 508
INFO 2023-01-13 00:07:14,577 autoreload 251 /Users/hongyan/PycharmProjects/api_backend/api_backend/settings.py changed, reloading.
INFO 2023-01-13 00:07:14,849 autoreload 637 Watching for file changes with StatReloader
INFO 2023-01-13 00:07:18,465 basehttp 161 "GET /api/book3/ HTTP/1.1" 200 498
INFO 2023-01-13 00:07:20,543 basehttp 161 "GET /api/book3/ HTTP/1.1" 200 498
INFO 2023-01-13 00:09:10,224 autoreload 251 /Users/hongyan/PycharmProjects/api_backend/api/views.py changed, reloading.
INFO 2023-01-13 00:09:10,418 autoreload 637 Watching for file changes with StatReloader
INFO 2023-01-13 00:09:23,921 autoreload 251 /Users/hongyan/PycharmProjects/api_backend/api/urls.py changed, reloading.
INFO 2023-01-13 00:09:24,124 autoreload 637 Watching for file changes with StatReloader
INFO 2023-01-13 00:09:31,431 autoreload 251 /Users/hongyan/PycharmProjects/api_backend/api/urls.py changed, reloading.
INFO 2023-01-13 00:09:31,617 autoreload 637 Watching for file changes with StatReloader
INFO 2023-01-13 00:09:38,794 basehttp 161 "GET /api/book5/ HTTP/1.1" 200 498
INFO 2023-01-13 00:10:10,944 autoreload 251 /Users/hongyan/PycharmProjects/api_backend/api/views.py changed, reloading.
INFO 2023-01-13 00:10:11,148 autoreload 637 Watching for file changes with StatReloader
INFO 2023-01-13 00:10:14,711 basehttp 161 "GET /api/book5/ HTTP/1.1" 200 498
INFO 2023-01-13 00:10:15,944 basehttp 161 "GET /api/book5/ HTTP/1.1" 200 498
INFO 2023-01-13 00:10:16,997 basehttp 161 "GET /api/book5/ HTTP/1.1" 200 498
INFO 2023-01-13 00:10:23,732 autoreload 251 /Users/hongyan/PycharmProjects/api_backend/api/views.py changed, reloading.
INFO 2023-01-13 00:10:23,926 autoreload 637 Watching for file changes with StatReloader
INFO 2023-01-13 00:10:26,106 basehttp 161 "GET /api/book5/ HTTP/1.1" 200 498
INFO 2023-01-13 00:10:40,728 autoreload 637 Watching for file changes with StatReloader
INFO 2023-01-13 00:10:47,941 basehttp 161 "GET /api/book5/ HTTP/1.1" 200 498
INFO 2023-01-13 00:10:49,216 basehttp 161 "GET /api/book5/ HTTP/1.1" 200 498
INFO 2023-01-13 00:10:57,359 autoreload 251 /Users/hongyan/PycharmProjects/api_backend/api_backend/settings.py changed, reloading.
INFO 2023-01-13 00:10:57,541 autoreload 637 Watching for file changes with StatReloader
INFO 2023-01-13 00:11:01,351 basehttp 161 "GET /api/book5/ HTTP/1.1" 200 508
INFO 2023-01-13 00:11:05,074 basehttp 161 "GET /api/book5/ HTTP/1.1" 200 508
INFO 2023-01-13 00:16:07,578 autoreload 251 /Users/hongyan/PycharmProjects/api_backend/api/views.py changed, reloading.
INFO 2023-01-13 00:16:07,778 autoreload 637 Watching for file changes with StatReloader
INFO 2023-01-13 00:16:14,680 basehttp 161 "GET /api/book5/ HTTP/1.1" 200 508
INFO 2023-01-13 00:16:15,911 basehttp 161 "GET /api/book5/ HTTP/1.1" 200 508
INFO 2023-01-13 00:16:16,831 basehttp 161 "GET /api/book5/ HTTP/1.1" 200 508
INFO 2023-01-13 00:16:17,520 basehttp 161 "GET /api/book5/ HTTP/1.1" 200 508
INFO 2023-01-13 00:17:07,675 autoreload 251 /Users/hongyan/PycharmProjects/api_backend/api/views.py changed, reloading.
INFO 2023-01-13 00:17:07,889 autoreload 637 Watching for file changes with StatReloader
INFO 2023-01-13 00:17:11,106 autoreload 251 /Users/hongyan/PycharmProjects/api_backend/api/views.py changed, reloading.
INFO 2023-01-13 00:17:11,293 autoreload 637 Watching for file changes with StatReloader
INFO 2023-01-13 00:17:18,944 basehttp 161 "GET /api/book5/ HTTP/1.1" 200 508
INFO 2023-01-13 00:17:22,325 basehttp 161 "GET /api/book5/ HTTP/1.1" 200 508
INFO 2023-01-13 00:17:28,066 autoreload 251 /Users/hongyan/PycharmProjects/api_backend/api_backend/settings.py changed, reloading.
INFO 2023-01-13 00:17:28,267 autoreload 637 Watching for file changes with StatReloader
INFO 2023-01-13 00:17:30,861 basehttp 161 "GET /api/book5/ HTTP/1.1" 200 575
INFO 2023-01-13 00:17:32,100 basehttp 161 "GET /api/book5/ HTTP/1.1" 200 575
WARNING 2023-01-13 11:37:40,814 log 224 Too Many Requests: /login/get_token/
WARNING 2023-01-13 11:37:40,818 basehttp 161 "POST /login/get_token/ HTTP/1.1" 429 74
WARNING 2023-01-13 11:37:50,899 log 224 Too Many Requests: /login/get_token/
WARNING 2023-01-13 11:37:50,900 basehttp 161 "POST /login/get_token/ HTTP/1.1" 429 74
INFO 2023-01-13 11:39:46,721 autoreload 251 /Users/hongyan/PycharmProjects/api_backend/utils/custom_get_token.py changed, reloading.
INFO 2023-01-13 11:39:47,016 autoreload 637 Watching for file changes with StatReloader
INFO 2023-01-13 11:39:50,058 basehttp 161 "POST /login/get_token/ HTTP/1.1" 200 256
INFO 2023-01-13 11:40:16,881 autoreload 251 /Users/hongyan/PycharmProjects/api_backend/utils/custom_get_token.py changed, reloading.
INFO 2023-01-13 11:40:17,076 autoreload 637 Watching for file changes with StatReloader
WARNING 2023-01-13 11:40:38,183 log 224 Too Many Requests: /api/book3/
WARNING 2023-01-13 11:40:38,185 basehttp 161 "GET /api/book3/?limit=5&offset=5 HTTP/1.1" 429 74
WARNING 2023-01-13 11:40:40,249 log 224 Too Many Requests: /api/book3/
WARNING 2023-01-13 11:40:40,250 basehttp 161 "GET /api/book3/?limit=5&offset=5 HTTP/1.1" 429 74
WARNING 2023-01-13 11:40:41,365 log 224 Too Many Requests: /api/book3/
WARNING 2023-01-13 11:40:41,366 basehttp 161 "GET /api/book3/?limit=5&offset=5 HTTP/1.1" 429 74
INFO 2023-01-13 11:41:01,727 autoreload 251 /Users/hongyan/PycharmProjects/api_backend/api_backend/settings.py changed, reloading.
INFO 2023-01-13 11:41:01,924 autoreload 637 Watching for file changes with StatReloader
INFO 2023-01-13 11:41:04,656 basehttp 161 "GET /api/book3/?limit=5&offset=5 HTTP/1.1" 200 575
INFO 2023-01-13 11:41:08,361 basehttp 161 "GET /api/book3/?limit=5&offset=5 HTTP/1.1" 200 575
INFO 2023-01-13 11:41:14,786 basehttp 161 "GET /api/book5/?limit=5&offset=5 HTTP/1.1" 200 575
INFO 2023-01-13 11:44:30,768 basehttp 161 "GET /api/book5/ HTTP/1.1" 200 575
INFO 2023-01-13 11:44:34,891 basehttp 161 "GET /api/book5/ HTTP/1.1" 200 575
INFO 2023-01-13 11:44:45,713 autoreload 251 /Users/hongyan/PycharmProjects/api_backend/api_backend/settings.py changed, reloading.
INFO 2023-01-13 11:44:45,929 autoreload 637 Watching for file changes with StatReloader
INFO 2023-01-13 11:44:46,607 basehttp 161 "GET /api/book5/ HTTP/1.1" 200 498
INFO 2023-01-13 11:44:55,308 autoreload 251 /Users/hongyan/PycharmProjects/api_backend/api/views.py changed, reloading.
INFO 2023-01-13 11:44:55,489 autoreload 637 Watching for file changes with StatReloader
INFO 2023-01-13 11:45:01,004 basehttp 161 "GET /api/book5/ HTTP/1.1" 200 498
INFO 2023-01-13 11:45:01,815 basehttp 161 "GET /api/book5/ HTTP/1.1" 200 498
INFO 2023-01-13 11:51:00,022 autoreload 251 /Users/hongyan/PycharmProjects/api_backend/api/views.py changed, reloading.
INFO 2023-01-13 11:51:00,225 autoreload 637 Watching for file changes with StatReloader
INFO 2023-01-13 11:51:07,454 basehttp 161 "GET /api/book5/ HTTP/1.1" 200 498
INFO 2023-01-13 11:51:09,470 basehttp 161 "GET /api/book5/ HTTP/1.1" 200 498
INFO 2023-01-13 11:51:10,769 basehttp 161 "GET /api/book5/ HTTP/1.1" 200 498
INFO 2023-01-13 11:51:11,652 basehttp 161 "GET /api/book5/ HTTP/1.1" 200 498
INFO 2023-01-13 11:51:14,173 basehttp 161 "GET /api/book5/ HTTP/1.1" 200 498
INFO 2023-01-13 11:51:22,054 autoreload 251 /Users/hongyan/PycharmProjects/api_backend/api_backend/settings.py changed, reloading.
INFO 2023-01-13 11:51:22,240 autoreload 637 Watching for file changes with StatReloader
INFO 2023-01-13 11:51:28,550 autoreload 251 /Users/hongyan/PycharmProjects/api_backend/api_backend/settings.py changed, reloading.
INFO 2023-01-13 11:51:28,733 autoreload 637 Watching for file changes with StatReloader
INFO 2023-01-13 11:51:30,576 basehttp 161 "GET /api/book5/ HTTP/1.1" 200 575
INFO 2023-01-13 11:51:36,057 basehttp 161 "GET /api/book5/ HTTP/1.1" 200 575
INFO 2023-01-13 11:51:41,338 autoreload 251 /Users/hongyan/PycharmProjects/api_backend/api_backend/settings.py changed, reloading.
INFO 2023-01-13 11:51:41,541 autoreload 637 Watching for file changes with StatReloader
INFO 2023-01-13 11:51:57,024 autoreload 251 /Users/hongyan/PycharmProjects/api_backend/api/views.py changed, reloading.
INFO 2023-01-13 11:51:57,226 autoreload 637 Watching for file changes with StatReloader
INFO 2023-01-13 11:51:59,600 basehttp 161 "GET /api/book5/ HTTP/1.1" 200 575
INFO 2023-01-13 11:52:00,584 basehttp 161 "GET /api/book5/ HTTP/1.1" 200 575
INFO 2023-01-13 11:52:01,206 basehttp 161 "GET /api/book5/ HTTP/1.1" 200 575
INFO 2023-01-13 11:53:28,844 autoreload 251 /Users/hongyan/PycharmProjects/api_backend/api/views.py changed, reloading.
INFO 2023-01-13 11:53:29,080 autoreload 637 Watching for file changes with StatReloader
INFO 2023-01-13 11:53:32,384 basehttp 161 "GET /api/book5/ HTTP/1.1" 200 575
INFO 2023-01-13 11:53:33,234 basehttp 161 "GET /api/book5/ HTTP/1.1" 200 575
INFO 2023-01-13 11:56:49,106 autoreload 251 /Users/hongyan/PycharmProjects/api_backend/api/views.py changed, reloading.
INFO 2023-01-13 11:56:49,301 autoreload 637 Watching for file changes with StatReloader
INFO 2023-01-13 11:56:52,929 basehttp 161 "GET /api/book5/ HTTP/1.1" 200 575
INFO 2023-01-13 11:56:53,841 basehttp 161 "GET /api/book5/ HTTP/1.1" 200 575
INFO 2023-01-13 11:56:54,737 basehttp 161 "GET /api/book5/ HTTP/1.1" 200 575
INFO 2023-01-13 12:11:25,389 autoreload 251 /Users/hongyan/PycharmProjects/api_backend/api/views.py changed, reloading.
INFO 2023-01-13 12:11:25,604 autoreload 637 Watching for file changes with StatReloader
INFO 2023-01-13 12:11:31,330 basehttp 161 "GET /api/book5/ HTTP/1.1" 200 575
INFO 2023-01-13 12:11:32,253 basehttp 161 "GET /api/book5/ HTTP/1.1" 200 575
INFO 2023-01-13 12:11:34,304 basehttp 161 "GET /api/book5/ HTTP/1.1" 200 575
INFO 2023-01-13 12:11:36,297 autoreload 637 Watching for file changes with StatReloader
INFO 2023-01-13 12:11:40,881 autoreload 637 Watching for file changes with StatReloader
INFO 2023-01-13 12:14:04,095 autoreload 251 /Users/hongyan/PycharmProjects/api_backend/api_backend/settings.py changed, reloading.
INFO 2023-01-13 12:14:04,303 autoreload 637 Watching for file changes with StatReloader
INFO 2023-01-13 12:14:16,771 autoreload 251 /Users/hongyan/PycharmProjects/api_backend/api_backend/settings.py changed, reloading.
INFO 2023-01-13 12:14:16,959 autoreload 637 Watching for file changes with StatReloader
INFO 2023-01-13 12:14:29,375 autoreload 251 /Users/hongyan/PycharmProjects/api_backend/api_backend/settings.py changed, reloading.
INFO 2023-01-13 12:14:29,568 autoreload 637 Watching for file changes with StatReloader
INFO 2023-01-13 12:14:37,419 basehttp 161 "GET /api/book5/ HTTP/1.1" 200 575
INFO 2023-01-13 12:14:48,239 autoreload 251 /Users/hongyan/PycharmProjects/api_backend/api/views.py changed, reloading.
INFO 2023-01-13 12:14:48,434 autoreload 637 Watching for file changes with StatReloader
INFO 2023-01-13 12:14:50,621 autoreload 251 /Users/hongyan/PycharmProjects/api_backend/api/views.py changed, reloading.
INFO 2023-01-13 12:14:50,805 autoreload 637 Watching for file changes with StatReloader
INFO 2023-01-13 12:14:55,545 basehttp 161 "GET /api/book5/ HTTP/1.1" 200 575
INFO 2023-01-13 12:14:56,952 basehttp 161 "GET /api/book5/ HTTP/1.1" 200 575
INFO 2023-01-13 12:14:57,532 basehttp 161 "GET /api/book5/ HTTP/1.1" 200 575
INFO 2023-01-13 12:14:58,093 basehttp 161 "GET /api/book5/ HTTP/1.1" 200 575
INFO 2023-01-13 12:15:12,585 autoreload 251 /Users/hongyan/PycharmProjects/api_backend/api/views.py changed, reloading.
INFO 2023-01-13 12:15:12,776 autoreload 637 Watching for file changes with StatReloader
INFO 2023-01-13 12:15:14,451 basehttp 161 "GET /api/book5/ HTTP/1.1" 200 575
INFO 2023-01-13 12:15:27,410 autoreload 251 /Users/hongyan/PycharmProjects/api_backend/api/urls.py changed, reloading.
INFO 2023-01-13 12:15:27,607 autoreload 637 Watching for file changes with StatReloader
INFO 2023-01-13 12:15:29,387 basehttp 161 "GET /api/book5/ HTTP/1.1" 200 52
INFO 2023-01-13 12:15:41,198 autoreload 251 /Users/hongyan/PycharmProjects/api_backend/api/views.py changed, reloading.
INFO 2023-01-13 12:15:41,389 autoreload 637 Watching for file changes with StatReloader
INFO 2023-01-13 12:15:43,644 basehttp 161 "GET /api/book5/ HTTP/1.1" 200 508
INFO 2023-01-13 14:28:22,229 autoreload 251 /Users/hongyan/PycharmProjects/api_backend/api_backend/settings.py changed, reloading.
INFO 2023-01-13 14:28:22,459 autoreload 637 Watching for file changes with StatReloader
INFO 2023-01-13 14:28:25,760 basehttp 161 "GET /api/book5/ HTTP/1.1" 200 575
INFO 2023-01-13 14:28:27,846 basehttp 161 "GET /api/book5/ HTTP/1.1" 200 575
INFO 2023-01-13 14:28:37,106 autoreload 251 /Users/hongyan/PycharmProjects/api_backend/api_backend/settings.py changed, reloading.
INFO 2023-01-13 14:28:37,306 autoreload 637 Watching for file changes with StatReloader
INFO 2023-01-13 14:28:39,147 basehttp 161 "GET /api/book5/ HTTP/1.1" 200 508
INFO 2023-01-13 14:28:44,781 autoreload 251 /Users/hongyan/PycharmProjects/api_backend/api_backend/settings.py changed, reloading.
INFO 2023-01-13 14:28:45,002 autoreload 637 Watching for file changes with StatReloader
INFO 2023-01-13 14:28:49,215 basehttp 161 "GET /api/book5/ HTTP/1.1" 200 426
INFO 2023-01-13 14:29:04,672 autoreload 251 /Users/hongyan/PycharmProjects/api_backend/api/views.py changed, reloading.
INFO 2023-01-13 14:29:04,845 autoreload 637 Watching for file changes with StatReloader
INFO 2023-01-13 14:29:07,241 basehttp 161 "GET /api/book5/ HTTP/1.1" 200 426
INFO 2023-01-13 14:29:08,512 basehttp 161 "GET /api/book5/ HTTP/1.1" 200 426
INFO 2023-01-13 14:29:09,523 basehttp 161 "GET /api/book5/ HTTP/1.1" 200 426
INFO 2023-01-13 14:29:19,460 autoreload 251 /Users/hongyan/PycharmProjects/api_backend/api_backend/settings.py changed, reloading.
INFO 2023-01-13 14:29:19,640 autoreload 637 Watching for file changes with StatReloader
INFO 2023-01-13 14:29:20,487 basehttp 161 "GET /api/book5/ HTTP/1.1" 200 575
INFO 2023-01-13 14:29:55,745 autoreload 251 /Users/hongyan/PycharmProjects/api_backend/api/views.py changed, reloading.
INFO 2023-01-13 14:29:55,952 autoreload 637 Watching for file changes with StatReloader
INFO 2023-01-13 14:30:29,892 autoreload 251 /Users/hongyan/PycharmProjects/api_backend/api/views.py changed, reloading.
INFO 2023-01-13 14:30:30,086 autoreload 637 Watching for file changes with StatReloader
INFO 2023-01-13 14:30:37,356 autoreload 251 /Users/hongyan/PycharmProjects/api_backend/api/views.py changed, reloading.
INFO 2023-01-13 14:30:37,533 autoreload 637 Watching for file changes with StatReloader
INFO 2023-01-13 14:30:40,614 basehttp 161 "GET /api/book5/ HTTP/1.1" 200 575
INFO 2023-01-13 14:30:51,069 autoreload 251 /Users/hongyan/PycharmProjects/api_backend/api/views.py changed, reloading.
INFO 2023-01-13 14:30:51,254 autoreload 637 Watching for file changes with StatReloader
INFO 2023-01-13 14:30:53,216 basehttp 161 "GET /api/book5/ HTTP/1.1" 200 575
INFO 2023-01-13 14:30:54,469 basehttp 161 "GET /api/book5/ HTTP/1.1" 200 575
INFO 2023-01-13 14:31:03,788 autoreload 251 /Users/hongyan/PycharmProjects/api_backend/api_backend/settings.py changed, reloading.
INFO 2023-01-13 14:31:04,014 autoreload 637 Watching for file changes with StatReloader
INFO 2023-01-13 14:31:05,938 basehttp 161 "GET /api/book5/ HTTP/1.1" 200 416
INFO 2023-01-13 14:32:13,277 autoreload 251 /Users/hongyan/PycharmProjects/api_backend/api/views.py changed, reloading.
INFO 2023-01-13 14:32:13,529 autoreload 637 Watching for file changes with StatReloader
INFO 2023-01-13 14:32:43,905 basehttp 161 "GET /api/book5/?size=3 HTTP/1.1" 200 423
INFO 2023-01-13 14:32:56,085 basehttp 161 "GET /api/book5/?size=2 HTTP/1.1" 200 423
INFO 2023-01-13 14:33:02,271 autoreload 251 /Users/hongyan/PycharmProjects/api_backend/api/views.py changed, reloading.
INFO 2023-01-13 14:33:02,451 autoreload 637 Watching for file changes with StatReloader
INFO 2023-01-13 14:33:05,197 basehttp 161 "GET /api/book5/?size=2 HTTP/1.1" 200 433
INFO 2023-01-13 14:33:37,063 basehttp 161 "GET /api/book5/ HTTP/1.1" 200 426
INFO 2023-01-13 14:33:49,399 autoreload 251 /Users/hongyan/PycharmProjects/api_backend/api/views.py changed, reloading.
INFO 2023-01-13 14:33:49,580 autoreload 637 Watching for file changes with StatReloader
INFO 2023-01-13 14:33:51,836 basehttp 161 "GET /api/book5/ HTTP/1.1" 200 426
INFO 2023-01-13 14:34:26,832 autoreload 251 /Users/hongyan/PycharmProjects/api_backend/api/views.py changed, reloading.
INFO 2023-01-13 14:34:27,014 autoreload 637 Watching for file changes with StatReloader
INFO 2023-01-13 14:34:35,313 basehttp 161 "GET /api/book5/?size=2 HTTP/1.1" 200 433
INFO 2023-01-13 14:34:43,787 autoreload 251 /Users/hongyan/PycharmProjects/api_backend/api_backend/settings.py changed, reloading.
INFO 2023-01-13 14:34:43,973 autoreload 637 Watching for file changes with StatReloader
INFO 2023-01-13 14:34:46,112 basehttp 161 "GET /api/book5/?size=2 HTTP/1.1" 200 575
INFO 2023-01-13 14:34:55,452 autoreload 251 /Users/hongyan/PycharmProjects/api_backend/api/views.py changed, reloading.
INFO 2023-01-13 14:34:55,630 autoreload 637 Watching for file changes with StatReloader
INFO 2023-01-13 14:34:56,872 basehttp 161 "GET /api/book5/?size=2 HTTP/1.1" 200 575
INFO 2023-01-13 14:34:58,108 basehttp 161 "GET /api/book5/?size=2 HTTP/1.1" 200 575
INFO 2023-01-13 14:34:58,900 basehttp 161 "GET /api/book5/?size=2 HTTP/1.1" 200 575
INFO 2023-01-13 14:35:12,268 autoreload 251 /Users/hongyan/PycharmProjects/api_backend/api_backend/settings.py changed, reloading.
INFO 2023-01-13 14:35:12,463 autoreload 637 Watching for file changes with StatReloader
INFO 2023-01-13 14:35:14,215 basehttp 161 "GET /api/book5/?size=2 HTTP/1.1" 200 423
INFO 2023-01-13 14:36:41,847 autoreload 251 /Users/hongyan/PycharmProjects/api_backend/api/views.py changed, reloading.
INFO 2023-01-13 14:36:42,033 autoreload 637 Watching for file changes with StatReloader
INFO 2023-01-13 14:36:47,326 autoreload 251 /Users/hongyan/PycharmProjects/api_backend/api/views.py changed, reloading.
INFO 2023-01-13 14:36:47,510 autoreload 637 Watching for file changes with StatReloader
INFO 2023-01-13 14:36:49,687 autoreload 251 /Users/hongyan/PycharmProjects/api_backend/api/views.py changed, reloading.
INFO 2023-01-13 14:36:49,897 autoreload 637 Watching for file changes with StatReloader
INFO 2023-01-13 14:36:59,309 basehttp 161 "GET /api/book5/?page=2 HTTP/1.1" 200 327
INFO 2023-01-13 14:37:23,541 basehttp 161 "GET /api/book5/?page=2&size=3 HTTP/1.1" 200 334
INFO 2023-01-13 14:37:43,098 basehttp 161 "GET /api/book5/?size=3 HTTP/1.1" 200 423
INFO 2023-01-13 14:37:56,799 basehttp 161 "GET /api/book5/?page=1&size=3 HTTP/1.1" 200 423
INFO 2023-01-13 14:38:21,608 autoreload 251 /Users/hongyan/PycharmProjects/api_backend/api/views.py changed, reloading.
INFO 2023-01-13 14:38:21,792 autoreload 637 Watching for file changes with StatReloader
INFO 2023-01-13 14:43:46,962 autoreload 251 /Users/hongyan/PycharmProjects/api_backend/api/views.py changed, reloading.
INFO 2023-01-13 14:43:47,152 autoreload 637 Watching for file changes with StatReloader
INFO 2023-01-13 14:43:52,381 autoreload 251 /Users/hongyan/PycharmProjects/api_backend/api/views.py changed, reloading.
INFO 2023-01-13 14:43:52,555 autoreload 637 Watching for file changes with StatReloader
INFO 2023-01-13 14:44:08,729 autoreload 637 Watching for file changes with StatReloader
INFO 2023-01-13 14:44:29,191 autoreload 637 Watching for file changes with StatReloader
INFO 2023-01-13 14:44:32,842 basehttp 161 "GET /api/book5/?page=1&size=3 HTTP/1.1" 200 423
INFO 2023-01-13 15:05:07,752 autoreload 251 /Users/hongyan/PycharmProjects/api_backend/api/views.py changed, reloading.
INFO 2023-01-13 15:05:07,982 autoreload 637 Watching for file changes with StatReloader
INFO 2023-01-13 15:05:17,321 autoreload 251 /Users/hongyan/PycharmProjects/api_backend/api/views.py changed, reloading.
INFO 2023-01-13 15:05:17,498 autoreload 637 Watching for file changes with StatReloader
INFO 2023-01-13 15:06:05,580 basehttp 161 "GET /api/book5/?page=1&size=3 HTTP/1.1" 200 423
INFO 2023-01-13 15:06:17,764 basehttp 161 "GET /api/book5/?page=2 HTTP/1.1" 200 327
INFO 2023-01-13 15:06:25,082 basehttp 161 "GET /api/book5/?page=1 HTTP/1.1" 200 416
INFO 2023-01-13 15:07:10,068 autoreload 251 /Users/hongyan/PycharmProjects/api_backend/api/views.py changed, reloading.
INFO 2023-01-13 15:07:10,283 autoreload 637 Watching for file changes with StatReloader
INFO 2023-01-13 15:07:19,548 autoreload 251 /Users/hongyan/PycharmProjects/api_backend/api/views.py changed, reloading.
INFO 2023-01-13 15:07:19,741 autoreload 637 Watching for file changes with StatReloader
INFO 2023-01-13 15:08:22,464 basehttp 161 "GET /api/book5/?page=1 HTTP/1.1" 200 334
INFO 2023-01-13 15:08:28,072 basehttp 161 "GET /api/book5/ HTTP/1.1" 200 334
INFO 2023-01-13 15:08:47,422 autoreload 251 /Users/hongyan/PycharmProjects/api_backend/api/views.py changed, reloading.
INFO 2023-01-13 15:08:47,637 autoreload 637 Watching for file changes with StatReloader
INFO 2023-01-13 15:08:51,966 basehttp 161 "GET /api/book5/ HTTP/1.1" 200 334
INFO 2023-01-13 15:08:52,951 basehttp 161 "GET /api/book5/ HTTP/1.1" 200 334
INFO 2023-01-13 15:08:53,875 basehttp 161 "GET /api/book5/ HTTP/1.1" 200 334
INFO 2023-01-13 15:09:01,231 autoreload 251 /Users/hongyan/PycharmProjects/api_backend/api_backend/settings.py changed, reloading.
INFO 2023-01-13 15:09:01,410 autoreload 637 Watching for file changes with StatReloader
INFO 2023-01-13 15:09:03,634 basehttp 161 "GET /api/book5/ HTTP/1.1" 200 334
INFO 2023-01-13 15:09:04,467 basehttp 161 "GET /api/book5/ HTTP/1.1" 200 334
INFO 2023-01-13 15:09:05,108 basehttp 161 "GET /api/book5/ HTTP/1.1" 200 334
INFO 2023-01-13 15:09:53,493 autoreload 251 /Users/hongyan/PycharmProjects/api_backend/api/views.py changed, reloading.
INFO 2023-01-13 15:09:53,689 autoreload 637 Watching for file changes with StatReloader
INFO 2023-01-13 15:13:20,088 autoreload 251 /Users/hongyan/PycharmProjects/api_backend/api/views.py changed, reloading.
INFO 2023-01-13 15:13:20,292 autoreload 637 Watching for file changes with StatReloader
INFO 2023-01-13 15:14:03,283 autoreload 251 /Users/hongyan/PycharmProjects/api_backend/api/views.py changed, reloading.
INFO 2023-01-13 15:14:03,458 autoreload 637 Watching for file changes with StatReloader
INFO 2023-01-13 15:14:46,347 autoreload 251 /Users/hongyan/PycharmProjects/api_backend/api/views.py changed, reloading.
INFO 2023-01-13 15:14:46,528 autoreload 637 Watching for file changes with StatReloader
INFO 2023-01-13 15:16:15,992 autoreload 251 /Users/hongyan/PycharmProjects/api_backend/api/views.py changed, reloading.
INFO 2023-01-13 15:16:16,169 autoreload 637 Watching for file changes with StatReloader
INFO 2023-01-13 15:16:42,910 autoreload 251 /Users/hongyan/PycharmProjects/api_backend/api/views.py changed, reloading.
INFO 2023-01-13 15:16:43,103 autoreload 637 Watching for file changes with StatReloader
INFO 2023-01-13 15:16:50,392 autoreload 251 /Users/hongyan/PycharmProjects/api_backend/api/views.py changed, reloading.
INFO 2023-01-13 15:16:50,571 autoreload 637 Watching for file changes with StatReloader
INFO 2023-01-13 15:18:22,554 autoreload 251 /Users/hongyan/PycharmProjects/api_backend/api/views.py changed, reloading.
INFO 2023-01-13 15:18:22,736 autoreload 637 Watching for file changes with StatReloader
INFO 2023-01-13 15:18:32,801 basehttp 161 "GET /api/book5/?page=3&size=2 HTTP/1.1" 200 303
INFO 2023-01-13 15:23:31,550 autoreload 251 /Users/hongyan/PycharmProjects/api_backend/api/views.py changed, reloading.
INFO 2023-01-13 15:23:31,783 autoreload 637 Watching for file changes with StatReloader
INFO 2023-01-13 15:23:55,159 basehttp 161 "GET /api/book5/?page=1&size=100 HTTP/1.1" 200 425
INFO 2023-01-13 15:27:19,610 autoreload 251 /Users/hongyan/PycharmProjects/api_backend/api/views.py changed, reloading.
INFO 2023-01-13 15:27:19,882 autoreload 637 Watching for file changes with StatReloader
INFO 2023-01-13 15:27:25,053 autoreload 251 /Users/hongyan/PycharmProjects/api_backend/api/views.py changed, reloading.
INFO 2023-01-13 15:27:25,223 autoreload 637 Watching for file changes with StatReloader
INFO 2023-01-13 15:27:35,498 autoreload 251 /Users/hongyan/PycharmProjects/api_backend/api/views.py changed, reloading.
INFO 2023-01-13 15:27:35,721 autoreload 637 Watching for file changes with StatReloader
INFO 2023-01-13 15:27:39,972 autoreload 251 /Users/hongyan/PycharmProjects/api_backend/api/views.py changed, reloading.
INFO 2023-01-13 15:27:40,185 autoreload 637 Watching for file changes with StatReloader
INFO 2023-01-13 15:28:09,050 autoreload 251 /Users/hongyan/PycharmProjects/api_backend/api/views.py changed, reloading.
INFO 2023-01-13 15:28:09,242 autoreload 637 Watching for file changes with StatReloader
INFO 2023-01-13 15:28:15,529 autoreload 251 /Users/hongyan/PycharmProjects/api_backend/api/views.py changed, reloading.
INFO 2023-01-13 15:28:15,709 autoreload 637 Watching for file changes with StatReloader
INFO 2023-01-13 15:30:38,331 autoreload 251 /Users/hongyan/PycharmProjects/api_backend/api_backend/settings.py changed, reloading.
INFO 2023-01-13 15:30:38,526 autoreload 637 Watching for file changes with StatReloader
